INFO: Reverting segmentations....
INFO: Evaluating in original space...
Metrics:
Case	DC[0,1]	HD(mm)	P2C(mm)	prec.	recall
03	0.779	30.848	3.971	0.963	0.654
05	0.617	23.162	7.282	0.998	0.447
07	0.860	12.655	1.544	0.940	0.792
09	0.607	12.087	1.633	0.744	0.512
10	0.534	27.244	6.816	0.938	0.374
11	0.489	29.556	4.458	0.868	0.341
12	0.735	23.866	3.596	0.890	0.626
13	0.821	21.302	2.207	0.864	0.783
15	0.737	17.782	2.118	0.689	0.792
17	0.605	60.830	6.161	0.905	0.454
18	0.842	16.500	1.172	0.854	0.831
22	0.296	38.136	8.292	0.215	0.474
23	0.725	15.643	1.693	0.715	0.735
25	0.627	34.955	3.385	0.708	0.562
26	0.515	18.900	3.788	0.376	0.816
DM  average	0.652551512884 +/- 0.149555626186 (Median: 0.626808034958)
HD  average	25.5643781827 +/- 12.1030647188 (Median: 23.1617647469)
ASSD average	3.87450343955 +/- 2.22200943711 (Median: 3.59560936179)
Prec. average	0.777830975874 +/- 0.213002474849 (Median: 0.864152362369)
Rec. average	0.61270824889 +/- 0.166284769267 (Median: 0.625748143163)
INFO: Evaluating in sequence space..
Metrics:
Case	DC[0,1]	HD(mm)	P2C(mm)	prec.	recall
03	0.788	31.464	4.133	0.956	0.671
05	0.633	24.372	6.842	0.996	0.464
07	0.886	13.748	1.777	0.941	0.836
09	0.667	10.817	2.312	0.774	0.585
10	0.560	30.150	6.515	0.974	0.393
11	0.535	29.698	4.654	0.929	0.375
12	0.801	24.556	3.080	0.957	0.689
13	0.847	22.450	2.502	0.867	0.827
15	0.814	11.225	2.126	0.749	0.891
17	0.614	62.570	7.295	0.905	0.465
18	0.854	15.000	1.820	0.848	0.861
22	0.381	35.749	7.352	0.276	0.612
23	0.729	15.297	2.139	0.701	0.760
25	0.647	31.177	4.098	0.711	0.594
26	0.562	19.209	4.574	0.404	0.921
DM  average	0.687818221012 +/- 0.139794800326 (Median: 0.666666666667)
HD  average	25.1654853691 +/- 12.6687941864 (Median: 24.3721152139)
ASSD average	4.08130701926 +/- 1.9966164099 (Median: 4.09801205292)
Prec. average	0.799251002133 +/- 0.203976439752 (Median: 0.867449254096)
Rec. average	0.662951100183 +/- 0.177523678067 (Median: 0.670647887324)

PARAMS:
bootstrap=true
max_features=None
