INFO: Reverting segmentations....
INFO: Evaluating in original space...
Metrics:
Case	DC[0,1]	HD(mm)	P2C(mm)	prec.	recall
03	0.698	34.204	5.437	0.983	0.541
05	0.491	30.056	9.251	1.000	0.325
07	0.846	12.753	1.754	0.940	0.770
09	0.341	17.224	3.077	0.814	0.216
10	0.373	43.033	8.651	0.940	0.233
11	0.671	25.919	2.302	0.882	0.541
12	0.596	28.668	6.014	0.931	0.438
13	0.821	23.959	2.294	0.893	0.759
15	0.747	17.782	2.115	0.748	0.746
17	0.517	58.415	7.140	0.978	0.351
18	0.781	16.743	1.626	0.943	0.667
22	0.292	26.324	6.879	0.204	0.511
23	0.653	15.643	2.395	0.629	0.679
25	0.626	30.993	2.916	0.531	0.761
26	0.581	22.771	3.402	0.475	0.748
32	0.701	21.637	2.719	0.709	0.692
33	0.733	22.122	2.901	0.684	0.789
34	0.719	35.148	3.633	0.696	0.745
35	0.764	16.500	3.079	0.961	0.634
36	0.839	13.544	1.543	0.787	0.899
37	0.000	67.437	47.941	0.000	0.000
39	0.525	17.456	2.583	0.657	0.438
40	0.250	54.246	11.347	0.991	0.143
41	0.117	43.359	11.745	0.988	0.062
42	0.607	23.923	2.714	0.881	0.462
43	0.814	12.864	2.155	0.909	0.737
44	0.099	28.546	5.346	1.000	0.052
45	0.518	19.038	3.769	0.713	0.407
DM  average	0.561342422319 +/- 0.233260755632 (Median: 0.61615532753)
HD  average	27.8680678934 +/- 13.849850917 (Median: 23.9408895565)
ASSD average	5.95452813413 +/- 8.56704426709 (Median: 3.07765457275)
Prec. average	0.780962725387 +/- 0.239731971234 (Median: 0.881594165477)
Rec. average	0.512306391073 +/- 0.253186259643 (Median: 0.541430673183)
INFO: Evaluating in sequence space..
Metrics:
Case	DC[0,1]	HD(mm)	P2C(mm)	prec.	recall
03	0.705	34.598	5.621	0.974	0.553
05	0.503	29.850	9.003	0.999	0.336
07	0.883	13.077	1.770	0.952	0.823
09	0.420	15.297	3.388	0.944	0.270
10	0.395	42.532	8.736	0.976	0.247
11	0.715	25.807	2.691	0.933	0.579
12	0.638	31.464	5.497	0.986	0.471
13	0.849	24.920	2.467	0.895	0.808
15	0.825	11.225	1.975	0.807	0.843
17	0.534	60.374	7.982	0.985	0.366
18	0.802	18.248	2.148	0.946	0.696
22	0.374	25.807	6.350	0.262	0.657
23	0.660	15.297	2.800	0.623	0.702
25	0.619	25.807	3.612	0.515	0.776
26	0.642	22.045	3.856	0.514	0.854
32	0.726	18.248	3.205	0.721	0.731
33	0.751	21.000	3.146	0.686	0.829
34	0.763	33.675	4.144	0.720	0.812
35	0.786	15.297	3.141	0.964	0.664
36	0.836	12.369	2.339	0.776	0.907
37	0.000	66.948	48.706	0.000	0.000
39	0.634	16.155	2.547	0.755	0.547
40	0.255	54.415	11.125	0.974	0.146
41	0.127	44.091	11.671	0.996	0.068
42	0.630	21.840	3.180	0.904	0.483
43	0.826	15.297	2.631	0.922	0.748
44	0.138	26.325	6.094	1.000	0.074
45	0.643	16.432	3.054	0.858	0.514
DM  average	0.595617291757 +/- 0.233859099678 (Median: 0.642409331406)
HD  average	27.0871675837 +/- 14.4023681884 (Median: 23.4826396369)
ASSD average	6.17430480698 +/- 8.62509025762 (Median: 3.29676250469)
Prec. average	0.806647244853 +/- 0.237357914509 (Median: 0.912898671096)
Rec. average	0.553723256739 +/- 0.265355356007 (Median: 0.618110117817)
