INFO: Reverting segmentations....
INFO: Evaluating in original space...
Metrics:
Case	DC[0,1]	HD(mm)	P2C(mm)	prec.	recall
03	0.728	33.498	4.923	0.975	0.581
05	0.418	32.019	10.422	1.000	0.264
06	0.736	20.635	2.942	0.970	0.592
07	0.835	24.276	2.663	0.864	0.808
09	0.615	12.087	1.614	0.753	0.520
10	0.543	27.592	6.785	0.952	0.380
11	0.613	23.851	2.583	0.931	0.456
12	0.691	24.652	4.234	0.921	0.553
13	0.801	23.620	2.506	0.835	0.770
15	0.737	19.963	2.233	0.741	0.733
17	0.765	52.288	4.712	0.761	0.769
18	0.755	16.821	2.017	0.962	0.622
19	0.000	 inf	 inf	0.000	0.000
20	0.792	9.444	1.326	0.886	0.716
21	0.779	17.759	2.205	0.942	0.663
22	0.175	36.099	9.577	0.136	0.246
23	0.552	36.011	5.085	0.550	0.555
25	0.600	33.254	3.499	0.536	0.680
26	0.601	20.153	3.221	0.475	0.819
29	0.673	42.197	4.082	0.788	0.587
30	0.683	18.953	3.892	0.942	0.536
32	0.618	28.212	3.375	0.829	0.492
33	0.641	74.418	9.913	0.612	0.673
34	0.734	12.625	1.727	0.814	0.669
35	0.748	15.509	3.235	0.969	0.610
36	0.828	19.504	1.392	0.867	0.791
37	0.000	68.418	42.405	0.000	0.000
39	0.545	17.082	2.424	0.728	0.435
40	0.429	50.188	8.992	0.992	0.274
41	0.122	46.694	11.271	0.984	0.065
42	0.514	24.065	3.393	0.876	0.364
43	0.849	12.514	1.620	0.885	0.816
44	0.104	27.772	6.320	0.983	0.055
45	0.275	22.461	6.058	0.692	0.172
WARNING: Average values only computed on 33 of 34 cases!
DM  average	0.59085857849 +/- 0.223083003523 (Median: 0.641201012243)
HD  average	28.6252356527 +/- 15.2091373152 (Median: 24.0653103067)
ASSD average	5.53476476348 +/- 7.08157741337 (Median: 3.39290310984)
Prec. average	0.792490251694 +/- 0.230993246531 (Median: 0.867411545624)
Rec. average	0.523160648322 +/- 0.229612091181 (Median: 0.580517642392)
INFO: Evaluating in sequence space..
Metrics:
Case	DC[0,1]	HD(mm)	P2C(mm)	prec.	recall
03	0.741	34.337	4.969	0.973	0.599
05	0.430	33.941	10.290	0.999	0.274
06	0.759	22.650	3.554	0.988	0.616
07	0.857	26.833	2.547	0.862	0.852
09	0.684	9.950	2.103	0.792	0.601
10	0.567	28.618	6.278	0.981	0.399
11	0.648	20.125	3.078	0.970	0.487
12	0.741	26.325	3.929	0.976	0.597
13	0.828	23.622	2.852	0.840	0.815
15	0.811	15.297	2.139	0.796	0.827
17	0.764	53.498	5.431	0.747	0.781
18	0.775	19.209	2.435	0.952	0.654
19	0.000	 inf	 inf	0.000	0.000
20	0.861	9.950	1.487	0.954	0.784
21	0.794	17.234	2.687	0.935	0.690
22	0.252	34.337	8.886	0.196	0.355
23	0.569	36.742	5.219	0.549	0.590
25	0.615	28.618	4.184	0.539	0.715
26	0.642	19.672	3.814	0.498	0.902
29	0.714	42.532	4.192	0.832	0.626
30	0.709	21.424	4.322	0.972	0.558
32	0.656	24.187	3.783	0.855	0.532
33	0.660	75.060	11.143	0.619	0.707
34	0.792	13.077	1.960	0.861	0.733
35	0.771	13.748	3.326	0.972	0.638
36	0.863	17.748	1.791	0.895	0.832
37	0.000	69.584	43.083	0.000	0.000
39	0.606	15.297	2.528	0.802	0.486
40	0.431	50.289	8.770	0.984	0.276
41	0.132	46.184	11.586	0.997	0.071
42	0.543	22.450	3.815	0.918	0.385
43	0.850	15.297	2.321	0.881	0.822
44	0.155	25.100	6.286	1.000	0.084
45	0.336	21.000	5.592	0.803	0.213
WARNING: Average values only computed on 33 of 34 cases!
DM  average	0.622806496042 +/- 0.223199114283 (Median: 0.683729433272)
HD  average	28.3010489599 +/- 15.5813317946 (Median: 23.622023622)
ASSD average	5.76922571815 +/- 7.12058002497 (Median: 3.81534948094)
Prec. average	0.816279709785 +/- 0.229030034043 (Median: 0.88085634502)
Rec. average	0.560574397708 +/- 0.238266780021 (Median: 0.601286173633)
