INFO: Reverting segmentations....
INFO: Evaluating in original space...
Metrics:
Case	DC[0,1]	HD(mm)	P2C(mm)	prec.	recall
03	0.612	33.110	6.774	0.977	0.445
04	0.706	62.907	3.831	0.696	0.717
05	0.370	32.120	10.904	1.000	0.227
06	0.785	19.473	2.514	0.894	0.700
07	0.868	12.537	1.503	0.924	0.819
08	0.688	26.906	6.040	0.945	0.541
09	0.569	71.792	6.021	0.529	0.615
10	0.480	27.873	7.593	0.945	0.322
11	0.519	31.149	4.360	0.914	0.362
12	0.778	20.864	2.869	0.912	0.678
13	0.777	23.620	3.010	0.837	0.725
15	0.688	19.963	2.740	0.717	0.661
17	0.774	15.496	2.804	0.722	0.834
18	0.745	16.524	2.114	0.921	0.626
19	0.604	18.972	3.089	0.611	0.597
20	0.785	70.075	3.036	0.823	0.750
21	0.807	16.886	1.676	0.940	0.707
22	0.192	26.324	7.906	0.148	0.271
23	0.501	95.868	12.573	0.448	0.568
25	0.577	43.816	3.722	0.473	0.739
26	0.637	19.146	2.833	0.516	0.834
28	0.784	24.482	2.453	0.782	0.787
29	0.713	42.197	3.706	0.804	0.641
30	0.595	18.899	4.883	0.927	0.438
31	0.572	21.459	3.310	0.825	0.438
32	0.570	69.302	7.727	0.569	0.572
33	0.664	43.370	3.353	0.913	0.522
34	0.726	33.706	2.257	0.735	0.718
35	0.807	16.549	2.577	0.956	0.698
36	0.833	54.818	2.208	0.804	0.865
37	0.000	54.713	40.668	0.000	0.000
39	0.612	15.636	1.764	0.623	0.601
40	0.382	44.311	8.292	0.985	0.237
41	0.145	50.769	11.584	0.956	0.078
42	0.460	79.687	13.048	0.540	0.400
43	0.710	16.234	3.407	0.934	0.573
44	0.000	 inf	 inf	0.000	0.000
45	0.327	65.696	9.678	0.327	0.328
WARNING: Average values only computed on 37 of 38 cases!
DM  average	0.604472275106 +/- 0.198883449303
HD  average	36.682432916 +/- 21.494814922
ASSD average	5.91418383668 +/- 6.62089619693
Prec. average	0.745171723029 +/- 0.238664299874
Rec. average	0.557729375289 +/- 0.212611149046
INFO: Evaluating in sequence space..
Metrics:
Case	DC[0,1]	HD(mm)	P2C(mm)	prec.	recall
03	0.622	35.369	6.969	0.973	0.457
04	0.763	61.188	3.838	0.731	0.797
05	0.382	33.941	10.621	0.998	0.236
06	0.814	19.900	2.872	0.914	0.733
07	0.878	11.225	1.954	0.908	0.850
08	0.716	25.981	5.210	0.978	0.565
09	0.592	73.973	7.164	0.526	0.675
10	0.506	30.150	7.229	0.983	0.340
11	0.554	29.698	4.405	0.961	0.389
12	0.832	22.045	2.540	0.967	0.730
13	0.811	23.622	2.968	0.846	0.779
15	0.801	15.297	2.185	0.816	0.787
17	0.780	16.155	3.292	0.717	0.855
18	0.791	15.588	2.242	0.942	0.681
19	0.634	18.493	3.492	0.629	0.639
20	0.878	67.683	3.116	0.908	0.851
21	0.821	16.155	2.288	0.932	0.733
22	0.276	23.043	7.175	0.212	0.396
23	0.489	98.362	14.512	0.428	0.570
25	0.603	45.200	4.147	0.487	0.792
26	0.674	18.493	3.391	0.537	0.905
28	0.832	27.659	2.628	0.822	0.842
29	0.751	42.532	3.857	0.847	0.675
30	0.628	19.209	5.137	0.965	0.466
31	0.609	20.125	3.457	0.853	0.473
32	0.608	66.880	8.212	0.587	0.630
33	0.679	44.598	4.178	0.913	0.540
34	0.811	32.863	2.210	0.803	0.820
35	0.825	15.588	2.625	0.957	0.726
36	0.844	52.735	3.082	0.802	0.891
37	0.000	54.166	40.665	0.000	0.000
39	0.697	12.728	2.067	0.700	0.694
40	0.386	45.200	8.213	0.970	0.241
41	0.153	52.048	12.124	0.956	0.083
42	0.470	82.541	14.833	0.533	0.420
43	0.734	17.748	3.718	0.953	0.596
44	0.000	 inf	 inf	0.000	0.000
45	0.416	62.498	8.325	0.400	0.433
WARNING: Average values only computed on 37 of 38 cases!
DM  average	0.639412835501 +/- 0.204339206399
HD  average	36.5049517465 +/- 21.8430361378
ASSD average	6.13351671366 +/- 6.66164025046
Prec. average	0.769093840357 +/- 0.23649270707
Rec. average	0.602409592261 +/- 0.225224751767
