INFO: Reverting segmentations....
INFO: Evaluating in original space...
Metrics:
Case	DC[0,1]	HD(mm)	P2C(mm)	prec.	recall
03	0.717	31.931	5.217	0.968	0.570
04	0.745	10.920	2.073	0.755	0.735
05	0.557	23.768	7.817	0.997	0.387
06	0.714	23.125	3.388	0.923	0.583
07	0.861	10.733	1.625	0.933	0.799
08	0.643	26.559	6.138	0.928	0.491
09	0.610	11.557	2.087	0.594	0.626
10	0.616	24.216	5.627	0.940	0.459
11	0.497	42.735	5.553	0.899	0.344
12	0.724	23.288	3.857	0.846	0.633
13	0.790	21.863	2.769	0.888	0.711
15	0.705	19.963	2.630	0.717	0.694
17	0.785	13.287	2.629	0.716	0.867
18	0.802	16.719	1.499	0.879	0.738
20	0.711	118.183	21.222	0.628	0.819
21	0.849	17.759	1.276	0.909	0.796
22	0.149	40.664	10.874	0.121	0.194
23	0.705	18.204	1.740	0.763	0.655
25	0.617	29.285	2.676	0.572	0.670
26	0.634	18.723	2.813	0.514	0.828
28	0.746	28.113	2.865	0.835	0.675
29	0.671	39.794	3.575	0.795	0.581
DM  average	0.674985257258 +/- 0.144763681147 (Median: 0.708179779634)
HD  average	27.790463879 +/- 21.6784753876 (Median: 23.2066232452)
ASSD average	4.54326648144 +/- 4.29136245466 (Median: 2.83905159318)
Prec. average	0.778133033713 +/- 0.196395477941 (Median: 0.84023381667)
Rec. average	0.629763399702 +/- 0.166976988546 (Median: 0.662619912849)
INFO: Evaluating in sequence space..
Metrics:
Case	DC[0,1]	HD(mm)	P2C(mm)	prec.	recall
03	0.726	33.000	5.179	0.960	0.583
04	0.772	11.225	2.376	0.759	0.786
05	0.572	25.981	7.729	0.994	0.401
06	0.741	23.431	3.788	0.949	0.607
07	0.878	10.817	1.932	0.925	0.836
08	0.677	24.187	5.868	0.967	0.521
09	0.630	10.817	2.675	0.603	0.659
10	0.649	23.431	5.275	0.977	0.486
11	0.530	45.000	6.370	0.937	0.369
12	0.793	23.622	3.235	0.912	0.701
13	0.819	23.431	2.786	0.895	0.755
15	0.805	15.297	2.205	0.797	0.814
17	0.779	15.000	3.245	0.698	0.881
18	0.848	15.588	1.750	0.909	0.795
20	0.777	116.228	17.865	0.686	0.895
21	0.874	17.234	1.794	0.915	0.837
22	0.228	38.066	9.704	0.183	0.305
23	0.713	17.493	2.266	0.753	0.677
25	0.668	23.622	3.175	0.604	0.748
26	0.679	17.234	3.389	0.542	0.910
28	0.802	30.299	2.954	0.888	0.731
29	0.705	38.536	3.882	0.834	0.611
DM  average	0.712020273796 +/- 0.138567803624 (Median: 0.73308698454)
HD  average	27.2516375369 +/- 21.4493711863 (Median: 23.4307490277)
ASSD average	4.52011202232 +/- 3.53240532315 (Median: 3.24000370673)
Prec. average	0.8039600624 +/- 0.189146153287 (Median: 0.891788244941)
Rec. average	0.677598310193 +/- 0.170845807687 (Median: 0.715968533685)
