INFO: Reverting segmentations....
INFO: Evaluating in original space...
Metrics:
Case	DC[0,1]	HD(mm)	P2C(mm)	prec.	recall
03	0.613	34.204	6.716	0.986	0.445
05	0.496	28.982	9.102	0.999	0.330
07	0.849	13.755	1.695	0.938	0.776
09	0.397	17.285	2.894	0.842	0.260
10	0.371	42.639	8.609	0.936	0.232
11	0.630	28.126	2.993	0.885	0.489
12	0.720	24.500	4.033	0.910	0.595
13	0.795	23.959	2.790	0.897	0.714
15	0.717	17.850	2.387	0.717	0.718
17	0.452	60.682	7.837	0.979	0.294
18	0.727	17.101	2.165	0.943	0.592
22	0.319	23.964	6.334	0.217	0.597
23	0.665	15.643	2.059	0.642	0.689
25	0.611	27.251	2.848	0.482	0.832
26	0.620	21.918	2.858	0.525	0.757
31	0.628	21.542	2.615	0.795	0.519
32	0.644	37.673	4.456	0.595	0.702
33	0.724	17.101	2.718	0.718	0.729
34	0.643	36.356	5.257	0.591	0.704
35	0.778	16.622	2.802	0.948	0.659
36	0.838	12.103	1.626	0.770	0.919
37	0.000	58.377	44.931	0.000	0.000
39	0.557	17.105	2.369	0.711	0.457
40	0.215	52.553	11.353	0.987	0.121
41	0.007	53.495	14.914	0.898	0.003
42	0.622	23.948	2.503	0.885	0.479
43	0.783	14.375	2.619	0.907	0.689
44	0.027	31.987	7.443	1.000	0.014
45	0.483	21.323	5.206	0.518	0.452
DM  average	0.549307196579 +/- 0.236879602714 (Median: 0.621673003802)
HD  average	28.0144458487 +/- 13.5944418748 (Median: 23.9590353645)
ASSD average	6.07348220366 +/- 7.99259797079 (Median: 2.89367929614)
Prec. average	0.766337361862 +/- 0.238968462132 (Median: 0.885039583192)
Rec. average	0.509241849857 +/- 0.253567177823 (Median: 0.591836234971)
INFO: Evaluating in sequence space..
Metrics:
Case	DC[0,1]	HD(mm)	P2C(mm)	prec.	recall
03	0.624	36.125	6.936	0.979	0.458
05	0.508	31.321	8.977	0.998	0.341
07	0.883	14.697	1.788	0.945	0.828
09	0.463	16.155	3.303	0.898	0.312
10	0.396	41.893	8.838	0.977	0.248
11	0.672	28.618	3.275	0.927	0.527
12	0.778	23.622	3.327	0.972	0.648
13	0.828	24.920	2.697	0.905	0.763
15	0.816	12.728	2.039	0.796	0.836
17	0.468	62.714	8.762	0.987	0.307
18	0.769	18.974	2.402	0.970	0.638
22	0.403	23.431	5.755	0.275	0.757
23	0.682	15.297	2.532	0.645	0.723
25	0.597	21.424	3.715	0.466	0.832
26	0.681	21.840	3.330	0.563	0.861
31	0.693	17.493	2.720	0.856	0.582
32	0.674	36.620	4.946	0.604	0.762
33	0.749	15.297	2.978	0.727	0.774
34	0.706	36.125	5.131	0.632	0.801
35	0.800	15.588	2.960	0.950	0.691
36	0.829	12.369	2.498	0.757	0.918
37	0.000	57.784	45.908	0.000	0.000
39	0.656	15.297	2.316	0.795	0.559
40	0.220	53.245	11.369	0.969	0.124
41	0.011	53.160	15.376	0.958	0.005
42	0.636	22.450	3.095	0.901	0.492
43	0.800	18.000	2.959	0.920	0.707
44	0.067	25.100	6.530	1.000	0.034
45	0.601	18.974	4.214	0.633	0.571
DM  average	0.586589632906 +/- 0.241973504031 (Median: 0.672336978534)
HD  average	27.2848315815 +/- 14.0621784272 (Median: 22.4499443206)
ASSD average	6.2302374546 +/- 8.12586745198 (Median: 3.32697209233)
Prec. average	0.793270625245 +/- 0.235309109629 (Median: 0.90081300813)
Rec. average	0.555189157731 +/- 0.270310663094 (Median: 0.637592137592)
