INFO: Reverting segmentations....
INFO: Evaluating in original space...
Metrics:
Case	DC[0,1]	HD(mm)	P2C(mm)	prec.	recall
03	0.759	30.848	4.353	0.968	0.625
05	0.587	23.125	7.777	0.999	0.415
07	0.859	11.283	1.536	0.941	0.791
09	0.611	11.557	1.607	0.741	0.520
10	0.509	28.695	7.066	0.941	0.349
11	0.558	28.361	3.841	0.882	0.408
12	0.707	25.615	4.116	0.903	0.581
13	0.828	21.613	2.157	0.871	0.790
15	0.744	17.782	2.048	0.700	0.793
17	0.648	55.862	5.484	0.923	0.500
18	0.843	11.405	1.161	0.853	0.833
22	0.288	37.650	7.885	0.207	0.471
23	0.710	15.118	1.884	0.707	0.714
25	0.635	34.955	3.561	0.646	0.624
26	0.531	18.925	3.740	0.395	0.809
DM  average	0.654518839481 +/- 0.145990876646 (Median: 0.648496715969)
HD  average	24.8531356843 +/- 11.622048977 (Median: 23.1254952043)
ASSD average	3.8810812059 +/- 2.20155035686 (Median: 3.73973780529)
Prec. average	0.778441824632 +/- 0.21629558591 (Median: 0.870786687913)
Rec. average	0.614855006777 +/- 0.160428391174 (Median: 0.623921234958)
INFO: Evaluating in sequence space..
Metrics:
Case	DC[0,1]	HD(mm)	P2C(mm)	prec.	recall
03	0.765	31.464	4.545	0.958	0.636
05	0.600	23.622	7.485	0.996	0.429
07	0.884	12.369	1.797	0.943	0.832
09	0.683	10.817	2.225	0.795	0.598
10	0.535	29.547	6.783	0.976	0.369
11	0.602	29.547	4.106	0.936	0.443
12	0.769	24.920	3.492	0.967	0.638
13	0.853	22.650	2.471	0.872	0.835
15	0.818	11.225	2.116	0.757	0.891
17	0.654	57.940	6.689	0.920	0.507
18	0.851	9.487	1.800	0.843	0.860
22	0.367	34.598	7.289	0.263	0.607
23	0.708	15.000	2.334	0.684	0.734
25	0.625	31.177	4.415	0.622	0.627
26	0.576	17.748	4.492	0.421	0.912
DM  average	0.685934792405 +/- 0.136963523004 (Median: 0.682568807339)
HD  average	24.1406034689 +/- 12.2160248918 (Median: 23.622023622)
ASSD average	4.13580067957 +/- 2.00250723725 (Median: 4.1055353599)
Prec. average	0.796865895485 +/- 0.209966420695 (Median: 0.871619975639)
Rec. average	0.661141575345 +/- 0.17115161993 (Median: 0.636394366197)
