INFO: Reverting segmentations....
INFO: Evaluating in original space...
Metrics:
Case	DC[0,1]	HD(mm)	P2C(mm)	prec.	recall
03	0.761	30.994	4.435	0.956	0.632
05	0.572	24.296	7.850	0.997	0.401
06	0.705	25.250	3.467	0.942	0.563
07	0.854	11.283	1.681	0.939	0.783
09	0.654	11.283	1.415	0.719	0.599
10	0.640	23.096	5.390	0.943	0.484
11	0.319	46.086	7.143	0.941	0.192
12	0.709	22.908	4.041	0.870	0.598
13	0.794	21.302	2.648	0.867	0.733
15	0.719	18.899	2.465	0.701	0.737
17	0.789	13.588	2.485	0.746	0.837
18	0.834	16.500	1.305	0.891	0.784
20	0.736	116.998	17.250	0.701	0.773
21	0.827	17.759	1.528	0.927	0.747
22	0.113	40.664	11.500	0.092	0.146
23	0.696	18.204	1.952	0.738	0.659
25	0.640	34.452	3.323	0.651	0.630
26	0.560	18.925	3.545	0.422	0.832
29	0.607	42.197	4.552	0.759	0.506
DM  average	0.659387808811 +/- 0.176708680231 (Median: 0.704626175281)
HD  average	29.1939229637 +/- 22.9579296627 (Median: 22.9077081359)
ASSD average	4.63036626252 +/- 3.89623922204 (Median: 3.46742849448)
Prec. average	0.779124405229 +/- 0.214023930063 (Median: 0.866774776344)
Rec. average	0.612452443851 +/- 0.19249253917 (Median: 0.63232695671)
INFO: Evaluating in sequence space..
Metrics:
Case	DC[0,1]	HD(mm)	P2C(mm)	prec.	recall
03	0.773	32.311	4.402	0.953	0.651
05	0.585	26.325	7.559	0.995	0.414
06	0.720	24.556	4.155	0.954	0.578
07	0.869	10.817	2.062	0.929	0.816
09	0.721	9.950	1.947	0.765	0.682
10	0.670	22.450	5.027	0.976	0.510
11	0.344	48.094	8.001	0.991	0.208
12	0.773	23.622	3.498	0.931	0.661
13	0.831	22.045	2.706	0.882	0.785
15	0.803	13.748	2.262	0.764	0.846
17	0.785	15.000	3.097	0.730	0.849
18	0.835	15.000	1.915	0.873	0.800
20	0.804	114.630	15.058	0.768	0.844
21	0.843	17.748	2.143	0.922	0.777
22	0.182	38.066	10.417	0.147	0.240
23	0.696	17.493	2.436	0.721	0.673
25	0.664	30.741	4.032	0.658	0.669
26	0.601	17.748	4.198	0.447	0.919
29	0.646	42.532	4.756	0.799	0.542
DM  average	0.691863599527 +/- 0.169492688293 (Median: 0.721088435374)
HD  average	28.5723857285 +/- 22.7385097667 (Median: 22.4499443206)
ASSD average	4.71947278455 +/- 3.30953258457 (Median: 4.03154261849)
Prec. average	0.800283038197 +/- 0.205098293431 (Median: 0.87323943662)
Rec. average	0.65597964147 +/- 0.195921496632 (Median: 0.672672672673)
