INFO: Reverting segmentations....
INFO: Evaluating in original space...
Metrics:
Case	DC[0,1]	HD(mm)	P2C(mm)	prec.	recall
03	0.746	31.931	4.569	0.968	0.607
05	0.569	24.033	7.882	0.998	0.398
07	0.851	12.258	1.694	0.942	0.777
09	0.592	12.087	1.711	0.758	0.485
10	0.498	29.225	7.216	0.934	0.339
11	0.569	28.361	3.891	0.891	0.418
12	0.726	24.648	3.810	0.880	0.618
13	0.823	21.863	2.211	0.867	0.783
15	0.737	17.782	2.221	0.709	0.768
17	0.627	58.053	5.845	0.921	0.475
18	0.842	11.476	1.127	0.874	0.812
22	0.315	37.992	7.688	0.227	0.514
23	0.719	15.118	1.811	0.698	0.741
25	0.670	27.713	2.199	0.631	0.713
26	0.547	18.797	3.543	0.419	0.788
DM  average	0.655364947753 +/- 0.140946271741 (Median: 0.669787622745)
HD  average	24.7557832957 +/- 11.7077151118 (Median: 24.0326776564)
ASSD average	3.82802052848 +/- 2.24750602205 (Median: 3.5433935284)
Prec. average	0.781166235167 +/- 0.210094193646 (Median: 0.874123477619)
Rec. average	0.615777395985 +/- 0.159360828314 (Median: 0.618176573805)
INFO: Evaluating in sequence space..
Metrics:
Case	DC[0,1]	HD(mm)	P2C(mm)	prec.	recall
03	0.752	33.136	4.768	0.958	0.619
05	0.582	25.632	7.759	0.996	0.411
07	0.880	13.748	1.834	0.946	0.823
09	0.655	10.817	2.356	0.797	0.556
10	0.526	31.321	7.034	0.971	0.361
11	0.599	29.547	4.163	0.923	0.443
12	0.793	24.556	3.199	0.944	0.684
13	0.844	23.431	2.568	0.866	0.824
15	0.815	11.225	2.117	0.769	0.866
17	0.640	59.548	6.825	0.927	0.489
18	0.852	12.369	1.784	0.865	0.840
22	0.404	35.623	6.884	0.291	0.663
23	0.712	15.000	2.336	0.675	0.753
25	0.671	22.450	3.027	0.615	0.737
26	0.598	17.493	4.209	0.450	0.893
DM  average	0.688299563125 +/- 0.131075957305 (Median: 0.670790378007)
HD  average	24.3930127001 +/- 12.3036958436 (Median: 23.4307490277)
ASSD average	4.05759036201 +/- 2.04130636015 (Median: 3.19900989749)
Prec. average	0.799570579643 +/- 0.201187074805 (Median: 0.866077998528)
Rec. average	0.664154753517 +/- 0.170862107691 (Median: 0.683764056027)
