INFO: Reverting segmentations....
INFO: Evaluating in original space...
Metrics:
Case	DC[0,1]	HD(mm)	P2C(mm)	prec.	recall
03	0.612	33.110	6.774	0.977	0.445
04	0.706	62.907	3.831	0.696	0.717
05	0.370	32.120	10.904	1.000	0.227
06	0.785	19.473	2.514	0.894	0.700
07	0.868	12.537	1.503	0.924	0.819
08	0.688	26.906	6.040	0.945	0.541
09	0.569	71.792	6.021	0.529	0.615
10	0.480	27.873	7.593	0.945	0.322
11	0.505	41.759	5.610	0.911	0.350
12	0.778	20.864	2.869	0.912	0.678
13	0.777	23.620	3.010	0.837	0.725
15	0.688	19.963	2.740	0.717	0.661
17	0.774	15.496	2.804	0.722	0.834
18	0.745	16.524	2.114	0.921	0.626
19	0.604	18.972	3.089	0.611	0.597
20	0.785	70.075	3.036	0.823	0.750
21	0.807	16.886	1.676	0.940	0.707
22	0.192	26.324	7.906	0.148	0.271
23	0.503	95.868	12.358	0.450	0.568
25	0.582	27.225	3.146	0.480	0.739
26	0.637	19.146	2.833	0.516	0.834
28	0.784	24.482	2.453	0.782	0.787
29	0.713	42.197	3.706	0.804	0.641
30	0.595	18.899	4.883	0.927	0.438
31	0.572	21.459	3.310	0.825	0.438
32	0.570	69.302	7.727	0.569	0.572
33	0.670	21.356	2.639	0.936	0.522
34	0.730	11.627	1.968	0.742	0.718
35	0.807	16.549	2.577	0.956	0.698
36	0.836	28.027	1.752	0.809	0.865
37	0.000	56.063	45.213	0.000	0.000
39	0.616	15.636	1.771	0.641	0.593
40	0.382	44.311	8.292	0.985	0.237
41	0.145	50.769	11.584	0.956	0.078
42	0.460	77.700	12.949	0.542	0.400
43	0.710	16.234	3.407	0.934	0.573
44	0.000	 inf	 inf	0.000	0.000
45	0.329	32.797	9.251	0.330	0.328
WARNING: Average values only computed on 37 of 38 cases!
DM  average	0.604796246415 +/- 0.199139222827
HD  average	33.698604668 +/- 21.0605559407
ASSD average	5.99603006615 +/- 7.28102296857
Prec. average	0.746939170835 +/- 0.238386077524
Rec. average	0.557159681452 +/- 0.212883344243
INFO: Evaluating in sequence space..
Metrics:
Case	DC[0,1]	HD(mm)	P2C(mm)	prec.	recall
03	0.622	35.369	6.969	0.973	0.457
04	0.763	61.188	3.838	0.731	0.797
05	0.382	33.941	10.621	0.998	0.236
06	0.814	19.900	2.872	0.914	0.733
07	0.878	11.225	1.954	0.908	0.850
08	0.716	25.981	5.210	0.978	0.565
09	0.592	73.973	7.164	0.526	0.675
10	0.506	30.150	7.229	0.983	0.340
11	0.538	43.784	6.218	0.959	0.374
12	0.832	22.045	2.540	0.967	0.730
13	0.811	23.622	2.968	0.846	0.779
15	0.801	15.297	2.185	0.816	0.787
17	0.780	16.155	3.292	0.717	0.855
18	0.791	15.588	2.242	0.942	0.681
19	0.634	18.493	3.492	0.629	0.639
20	0.878	67.683	3.116	0.908	0.851
21	0.821	16.155	2.288	0.932	0.733
22	0.276	23.043	7.175	0.212	0.396
23	0.491	98.362	14.225	0.431	0.570
25	0.608	23.431	3.636	0.493	0.792
26	0.674	18.493	3.391	0.537	0.905
28	0.832	27.659	2.628	0.822	0.842
29	0.751	42.532	3.857	0.847	0.675
30	0.628	19.209	5.137	0.965	0.466
31	0.609	20.125	3.457	0.853	0.473
32	0.608	66.880	8.212	0.587	0.630
33	0.685	17.748	3.304	0.935	0.540
34	0.818	11.225	1.780	0.816	0.820
35	0.825	15.588	2.625	0.957	0.726
36	0.848	27.659	2.452	0.809	0.891
37	0.000	55.399	45.664	0.000	0.000
39	0.710	12.728	1.954	0.730	0.691
40	0.386	45.200	8.213	0.970	0.241
41	0.153	52.048	12.124	0.956	0.083
42	0.473	78.975	14.152	0.541	0.420
43	0.734	17.748	3.718	0.953	0.596
44	0.000	 inf	 inf	0.000	0.000
45	0.418	30.150	7.802	0.405	0.433
WARNING: Average values only computed on 37 of 38 cases!
DM  average	0.640128160788 +/- 0.204714043851
HD  average	33.3716792076 +/- 21.5690268384
ASSD average	6.20821983751 +/- 7.36330116286
Prec. average	0.771599112375 +/- 0.236019643943
Rec. average	0.601933498874 +/- 0.225578959238
