Metrics:
Case	DC[0,1]	HD(mm)	P2C(mm)	prec.	recall
03	0.646	34.032	6.463	0.973	0.484
04	0.699	11.944	2.789	0.722	0.676
05	0.360	32.748	11.086	1.000	0.219
06	0.780	18.198	2.769	0.871	0.707
07	0.871	12.537	1.437	0.924	0.823
08	0.723	21.596	5.148	0.979	0.573
09	0.603	73.442	6.395	0.571	0.638
10	0.515	28.560	7.565	0.987	0.348
11	0.533	28.361	3.803	0.922	0.375
12	0.818	18.465	2.444	0.966	0.710
13	0.784	23.959	2.909	0.856	0.723
15	0.772	17.507	2.012	0.807	0.739
17	0.779	16.621	2.738	0.729	0.838
18	0.782	16.500	1.898	0.851	0.724
19	0.651	16.854	2.571	0.652	0.650
20	0.812	7.073	1.230	0.831	0.793
21	0.823	17.759	1.598	0.936	0.734
22	0.307	19.441	5.885	0.240	0.426
23	0.556	94.838	11.834	0.542	0.571
25	0.567	45.412	4.263	0.474	0.707
26	0.659	20.491	2.681	0.553	0.814
28	0.807	25.321	2.309	0.819	0.796
29	0.695	43.189	3.912	0.806	0.611
30	0.681	18.886	4.071	0.975	0.524
31	0.573	20.387	3.022	0.813	0.442
32	0.661	61.014	4.740	0.677	0.647
33	0.704	18.081	2.349	0.918	0.571
34	0.757	12.103	1.680	0.840	0.689
35	0.823	16.598	2.302	0.952	0.725
36	0.823	11.680	1.298	0.822	0.824
37	0.000	56.063	45.936	0.000	0.000
39	0.467	20.387	2.587	0.842	0.323
40	0.352	44.456	8.581	0.983	0.215
41	0.100	56.151	12.588	0.962	0.053
42	0.471	54.012	11.609	0.561	0.406
43	0.731	19.734	3.311	0.965	0.588
44	0.000	 inf	 inf	0.000	0.000
45	0.426	36.670	8.114	0.345	0.557
WARNING: Average values only computed on 37 of 38 cases!
DM  average	0.62466211469 +/- 0.201126477243
HD  average	29.4884624082 +/- 19.2198421134
ASSD average	5.61968303221 +/- 7.42113442851
Prec. average	0.774769168868 +/- 0.22736950741
Rec. average	0.574119163991 +/- 0.211285805498
