Metrics:
Case	DC[0,1]	HD(mm)	P2C(mm)	prec.	recall
03	0.668	31.486	5.645	0.966	0.510
04	0.728	62.950	5.647	0.713	0.743
05	0.287	30.641	10.689	0.999	0.168
06	0.729	19.473	3.091	0.946	0.593
07	0.838	17.141	2.212	0.969	0.738
08	0.716	22.416	4.450	0.984	0.563
09	0.515	76.649	9.568	0.390	0.760
10	0.542	37.211	7.714	0.992	0.373
11	0.705	24.133	2.275	0.877	0.589
12	0.802	17.496	2.921	0.966	0.685
13	0.789	24.868	2.788	0.928	0.687
15	0.786	13.212	1.884	0.781	0.791
17	0.808	17.576	1.813	0.861	0.761
18	0.805	14.891	2.000	0.797	0.812
19	0.437	73.614	10.717	0.307	0.753
20	0.841	8.259	1.193	0.795	0.893
21	0.846	15.880	1.424	0.896	0.801
22	0.341	31.825	6.242	0.239	0.598
23	0.498	95.386	13.607	0.438	0.578
25	0.554	31.868	4.537	0.459	0.701
26	0.714	20.417	1.931	0.636	0.813
28	0.831	27.273	2.034	0.819	0.843
29	0.745	38.292	3.221	0.801	0.695
30	0.455	25.080	5.204	0.966	0.297
31	0.783	12.087	1.345	0.827	0.744
32	0.506	73.119	12.689	0.417	0.645
33	0.523	45.475	5.987	0.732	0.407
34	0.571	63.493	10.226	0.455	0.766
35	0.717	15.020	3.478	0.958	0.573
36	0.832	11.113	1.363	0.789	0.880
37	0.000	63.763	33.096	0.000	0.000
39	0.522	60.653	4.929	0.426	0.676
40	0.277	44.674	8.177	0.972	0.162
41	0.059	60.469	26.983	0.480	0.032
42	0.599	14.817	2.261	0.872	0.456
43	0.669	69.214	6.711	0.928	0.523
44	0.411	22.051	2.847	0.933	0.264
45	0.393	66.475	9.312	0.560	0.303
DM  average	0.601153339218 +/- 0.21263285666
HD  average	36.8541878554 +/- 23.1145187831
ASSD average	6.37404038079 +/- 6.56319106052
Prec. average	0.733451939504 +/- 0.252498775587
Rec. average	0.583596663727 +/- 0.233176429312
