INFO: Extracting the features
INFO: Drawing a training set for each leave-one-out case using stratified random sampling
INFO: Training random decision forests
INFO: Applying random decision forests to segment lesion
INFO: Morphological post-processing
INFO: Compute overall evaluation
Metrics:
Case	DC[0,1]	HD(mm)	P2C(mm)	prec.	recall
03	0.761	31.559	4.690	0.884	0.668
04	0.762	22.361	2.605	0.726	0.800
05	0.784	48.580	6.001	0.895	0.697
06	0.554	27.129	5.346	0.978	0.387
07	0.858	53.292	2.697	0.911	0.810
08	0.832	22.000	3.277	0.904	0.771
09	0.700	8.246	1.950	0.714	0.688
10	0.520	24.331	6.578	0.982	0.353
11	0.772	30.594	3.372	0.733	0.815
12	0.565	34.059	6.268	0.995	0.395
13	0.842	23.664	2.422	0.882	0.807
15	0.821	14.967	1.928	0.818	0.824
17	0.708	27.495	3.643	0.942	0.567
18	0.871	9.798	1.428	0.918	0.827
19	0.047	101.469	27.627	0.024	0.956
20	0.207	22.091	6.253	1.000	0.115
21	0.307	49.031	8.503	0.880	0.186
22	0.246	23.152	6.482	0.314	0.203
23	0.384	62.322	11.403	0.738	0.260
25	0.107	37.417	8.299	0.823	0.057
26	0.061	68.935	14.359	1.000	0.032
28	0.352	37.789	7.977	0.988	0.214
29	0.749	37.417	3.578	0.744	0.754
30	0.766	20.100	3.460	0.965	0.636
31	0.220	37.363	8.293	0.990	0.124
32	0.538	28.000	5.360	0.818	0.401
33	0.199	88.634	21.784	0.111	0.936
34	0.342	19.698	4.876	0.988	0.207
35	0.593	16.613	4.292	0.974	0.426
36	0.495	19.079	4.153	0.978	0.332
37	0.000	44.900	26.965	0.000	0.000
39	0.285	13.416	3.757	0.726	0.178
40	0.655	51.342	6.387	0.985	0.491
41	0.525	30.659	5.442	0.963	0.361
42	0.291	56.604	14.542	0.546	0.199
43	0.805	14.142	3.064	0.715	0.921
44	0.000	 inf	 inf	0.000	0.000
45	0.454	62.897	8.730	0.437	0.473
DM  average	0.499479243603 +/- 0.271466489311
HD  average	inf +/- nan
ASSD average	inf +/- nan
Prec. average	0.762839138439 +/- 0.294699589381
Rec. average	0.470267608246 +/- 0.295550942192
INFO: Done.
