INFO: Extracting the features
INFO: Drawing a training set for each leave-one-out case using stratified random sampling
INFO: Training random decision forests
INFO: Applying random decision forests to segment lesion
INFO: Morphological post-processing
INFO: Compute overall evaluation
Metrics:
Case	DC[0,1]	HD(mm)	P2C(mm)	prec.	recall
03	0.758	30.594	4.532	0.886	0.663
04	0.755	57.061	4.475	0.719	0.796
05	0.794	52.498	5.525	0.890	0.717
06	0.528	27.129	5.810	0.995	0.359
07	0.861	53.104	2.733	0.914	0.814
08	0.815	22.450	3.506	0.906	0.740
09	0.685	8.246	2.086	0.673	0.698
10	0.523	24.658	6.627	0.981	0.357
11	0.763	30.067	3.764	0.713	0.821
12	0.596	32.311	5.952	0.993	0.426
13	0.841	23.152	2.412	0.877	0.807
15	0.821	14.967	1.923	0.821	0.821
17	0.698	27.928	3.833	0.955	0.549
18	0.879	9.798	1.342	0.914	0.847
19	0.048	100.896	27.676	0.025	0.963
20	0.190	99.318	15.133	0.791	0.108
21	0.297	49.031	8.703	0.871	0.179
22	0.218	107.070	17.874	0.247	0.195
23	0.404	63.561	12.080	0.694	0.285
25	0.111	36.986	8.226	0.888	0.059
26	0.075	68.293	14.356	1.000	0.039
28	0.333	37.736	7.975	0.989	0.201
29	0.752	37.630	3.654	0.734	0.770
30	0.764	19.287	3.510	0.963	0.633
31	0.222	38.678	8.286	0.990	0.125
32	0.549	36.986	6.035	0.775	0.426
33	0.190	88.499	21.971	0.106	0.926
34	0.312	19.287	4.996	0.984	0.185
35	0.690	16.733	3.872	0.984	0.532
36	0.512	19.391	3.935	0.959	0.349
37	0.000	48.456	28.625	0.000	0.000
39	0.267	18.111	4.013	0.774	0.161
40	0.659	50.990	6.320	0.982	0.496
41	0.523	31.686	5.314	0.950	0.361
42	0.272	55.570	13.064	0.606	0.175
43	0.806	14.697	3.027	0.714	0.925
44	0.000	 inf	 inf	0.000	0.000
45	0.463	36.770	6.880	0.454	0.474
DM  average	0.499376008925 +/- 0.27436788915
HD  average	inf +/- nan
ASSD average	inf +/- nan
Prec. average	0.755700179556 +/- 0.294575711459
Rec. average	0.473214619608 +/- 0.297640398423
INFO: Done.
