Metrics:
Case	DC[0,1]	HD(mm)	P2C(mm)	prec.	recall
03	0.780	28.983	4.173	0.906	0.684
04	0.641	82.511	13.334	0.511	0.860
05	0.733	20.591	4.742	0.932	0.605
06	0.550	26.382	5.236	0.952	0.387
07	0.833	15.620	2.367	0.942	0.746
08	0.691	27.495	4.903	0.912	0.557
09	0.404	15.362	3.326	0.965	0.255
10	0.557	46.000	6.695	0.975	0.390
11	0.709	65.635	6.065	0.716	0.702
12	0.427	43.543	7.719	0.995	0.272
13	0.777	24.083	3.155	0.922	0.671
15	0.822	14.967	1.883	0.836	0.808
17	0.734	27.785	3.358	0.957	0.595
18	0.807	16.125	2.021	0.974	0.689
19	0.189	100.975	25.035	0.106	0.888
20	0.870	8.246	1.537	0.816	0.931
21	0.741	92.671	13.487	0.740	0.742
22	0.292	28.705	7.207	0.245	0.361
23	0.611	30.067	3.894	0.885	0.467
25	0.622	27.785	3.382	0.679	0.573
26	0.656	29.120	2.764	0.792	0.561
28	0.779	28.142	2.943	0.865	0.708
29	0.679	75.551	7.813	0.613	0.762
30	0.501	57.723	6.182	0.856	0.354
31	0.182	33.106	7.410	0.973	0.100
32	0.321	25.377	7.647	0.829	0.199
33	0.354	66.363	14.536	0.224	0.851
34	0.633	41.280	6.263	0.810	0.519
35	0.318	26.981	7.820	0.997	0.189
36	0.441	22.091	3.986	0.941	0.288
37	0.000	49.437	29.365	0.000	0.000
39	0.000	 inf	 inf	0.000	0.000
40	0.472	42.237	6.485	0.936	0.316
41	0.053	47.707	19.696	0.435	0.028
42	0.474	16.125	3.741	0.972	0.313
43	0.580	81.019	14.843	0.514	0.666
44	0.260	24.739	5.064	0.991	0.150
45	0.335	70.000	13.244	0.347	0.325
DM  average	0.521784683387 +/- 0.23909122849
HD  average	inf +/- nan
ASSD average	inf +/- nan
Prec. average	0.738349715299 +/- 0.292970516389
Rec. average	0.487151581802 +/- 0.262767890231
