INFO: Extracting the features
INFO: Drawing a training set for each leave-one-out case using stratified random sampling
INFO: Training random decision forests
INFO: Applying random decision forests to segment lesion
INFO: Morphological post-processing
INFO: Compute overall evaluation
Metrics:
Case	DC[0,1]	HD(mm)	P2C(mm)	prec.	recall
03	0.783	29.732	4.147	0.908	0.687
04	0.590	80.747	15.094	0.448	0.862
05	0.719	19.391	4.971	0.942	0.581
06	0.550	27.203	5.176	0.948	0.388
07	0.838	15.748	2.304	0.938	0.757
08	0.686	27.203	4.906	0.912	0.550
09	0.447	14.560	3.079	0.960	0.291
10	0.546	47.371	7.186	0.970	0.380
11	0.687	65.513	6.105	0.722	0.654
12	0.453	40.150	7.017	0.995	0.293
13	0.776	24.083	3.186	0.914	0.674
15	0.819	14.967	1.917	0.841	0.797
17	0.726	27.785	3.416	0.965	0.582
18	0.808	14.142	2.008	0.973	0.690
19	0.192	100.896	25.476	0.108	0.874
20	0.867	8.485	1.561	0.823	0.916
21	0.719	92.477	11.443	0.724	0.714
22	0.313	111.247	11.341	0.257	0.401
23	0.609	30.067	3.898	0.896	0.462
25	0.618	27.495	3.492	0.661	0.581
26	0.663	31.048	2.809	0.793	0.569
28	0.779	27.495	2.855	0.828	0.735
29	0.699	75.472	7.984	0.633	0.779
30	0.520	20.100	5.051	0.900	0.366
31	0.167	33.045	7.580	0.950	0.092
32	0.308	25.923	7.557	0.819	0.189
33	0.358	67.320	14.176	0.225	0.875
34	0.632	14.283	2.938	0.957	0.472
35	0.317	27.276	7.922	0.996	0.188
36	0.558	18.974	3.402	0.930	0.399
37	0.000	49.880	29.723	0.000	0.000
39	0.000	 inf	 inf	0.000	0.000
40	0.457	42.426	6.745	0.956	0.300
41	0.034	56.675	23.916	0.361	0.018
42	0.507	16.248	3.613	0.964	0.344
43	0.567	79.044	14.466	0.497	0.660
44	0.266	24.739	4.910	0.935	0.155
45	0.364	65.177	11.203	0.400	0.334
DM  average	0.524702992777 +/- 0.236810548198
HD  average	inf +/- nan
ASSD average	inf +/- nan
Prec. average	0.738170482725 +/- 0.295113870867
Rec. average	0.489705166737 +/- 0.259058232274
INFO: Done.
