INFO: Extracting the features
INFO: Drawing a training set for each leave-one-out case using stratified random sampling
INFO: Training random decision forests
INFO: Applying random decision forests to segment lesion
INFO: Morphological post-processing
INFO: Compute overall evaluation
Metrics:
Case	DC[0,1]	HD(mm)	P2C(mm)	prec.	recall
03	0.759	29.120	4.493	0.879	0.668
04	0.744	57.723	5.360	0.691	0.806
05	0.795	48.990	5.265	0.881	0.724
06	0.537	25.140	5.581	0.986	0.369
07	0.862	11.832	2.064	0.931	0.802
08	0.823	22.000	3.381	0.907	0.753
09	0.695	8.246	1.985	0.694	0.695
10	0.512	23.749	6.729	0.979	0.347
11	0.775	28.914	3.265	0.734	0.820
12	0.573	34.059	6.205	0.997	0.402
13	0.841	23.152	2.404	0.884	0.801
15	0.820	14.967	1.967	0.809	0.832
17	0.704	27.785	3.704	0.950	0.559
18	0.870	12.166	1.427	0.929	0.818
19	0.048	101.941	27.734	0.024	0.962
20	0.199	23.495	6.770	1.000	0.111
21	0.317	49.396	8.410	0.874	0.194
22	0.235	112.765	20.367	0.228	0.242
23	0.414	62.322	11.147	0.702	0.294
25	0.184	34.699	7.430	0.918	0.103
26	0.084	68.498	14.251	1.000	0.044
28	0.371	37.789	7.475	0.986	0.228
29	0.753	36.056	3.510	0.739	0.768
30	0.769	19.079	3.417	0.963	0.640
31	0.187	38.053	8.655	0.989	0.103
32	0.564	27.568	5.227	0.819	0.430
33	0.192	88.499	21.869	0.106	0.954
34	0.320	16.613	4.996	0.998	0.190
35	0.629	17.550	4.293	0.993	0.460
36	0.497	18.868	4.142	0.967	0.334
37	0.000	50.675	26.479	0.000	0.000
39	0.339	14.000	3.542	0.716	0.222
40	0.658	50.990	6.329	0.983	0.495
41	0.524	31.686	5.478	0.959	0.360
42	0.332	55.606	13.299	0.624	0.226
43	0.800	82.024	4.481	0.708	0.920
44	0.000	 inf	 inf	0.000	0.000
45	0.465	62.418	8.530	0.429	0.509
DM  average	0.504987930272 +/- 0.267278766405
HD  average	inf +/- nan
ASSD average	inf +/- nan
Prec. average	0.762622881038 +/- 0.299754915987
Rec. average	0.478549777115 +/- 0.292334538156
INFO: Done.
