INFO: Extracting the features
INFO: Drawing a training set for each leave-one-out case using stratified random sampling
INFO: Training random decision forests
INFO: Applying random decision forests to segment lesion
INFO: Morphological post-processing
INFO: Compute overall evaluation
Metrics:
Case	DC[0,1]	HD(mm)	P2C(mm)	prec.	recall
03	0.623	34.234	6.966	0.972	0.458
04	0.726	67.676	6.304	0.665	0.800
05	0.339	36.932	10.994	0.995	0.204
06	0.802	20.100	3.019	0.901	0.723
07	0.878	12.806	1.799	0.942	0.823
08	0.694	26.000	5.406	0.986	0.536
09	0.527	77.305	9.252	0.402	0.765
10	0.499	30.529	7.398	0.992	0.333
11	0.590	44.045	6.097	0.948	0.428
12	0.827	16.125	2.445	0.970	0.720
13	0.815	25.456	2.775	0.907	0.739
15	0.815	14.967	1.980	0.826	0.803
17	0.809	16.125	2.530	0.777	0.845
18	0.778	19.698	2.658	0.850	0.717
19	0.522	71.694	7.884	0.394	0.775
20	0.792	72.966	11.198	0.721	0.879
21	0.817	16.971	2.159	0.944	0.719
22	0.326	19.079	6.158	0.261	0.432
23	0.372	99.156	21.169	0.261	0.646
25	0.591	55.064	6.039	0.485	0.755
26	0.707	20.494	2.766	0.589	0.883
28	0.824	26.533	2.698	0.821	0.827
29	0.741	45.166	4.215	0.838	0.664
30	0.519	23.749	5.551	0.950	0.357
31	0.750	14.000	2.116	0.855	0.669
32	0.533	68.993	13.401	0.471	0.613
33	0.609	46.861	5.931	0.828	0.482
34	0.728	38.471	6.121	0.677	0.786
35	0.822	12.329	2.542	0.948	0.725
36	0.845	12.961	2.054	0.804	0.891
37	0.000	60.166	34.678	0.000	0.000
39	0.632	13.416	2.421	0.768	0.537
40	0.148	55.172	11.336	0.966	0.080
41	0.078	54.663	14.813	0.942	0.041
42	0.605	15.748	2.989	0.924	0.450
43	0.706	67.676	5.240	0.935	0.567
44	0.049	46.433	9.985	0.864	0.025
45	0.484	18.868	4.900	0.628	0.394
DM  average	0.603206956234 +/- 0.233367503161
HD  average	37.3322367222 +/- 22.8608812339
ASSD average	6.78914931742 +/- 6.21940251341
Prec. average	0.763354173057 +/- 0.240974712331
Rec. average	0.581416634846 +/- 0.252287624446
INFO: Done.
