INFO: Extracting the features
INFO: Drawing a training set for each leave-one-out case using stratified random sampling
INFO: Training random decision forests
INFO: Applying random decision forests to segment lesion
INFO: Morphological post-processing
INFO: Compute overall evaluation
Metrics:
Case	DC[0,1]	HD(mm)	P2C(mm)	prec.	recall
03	0.638	34.234	6.813	0.974	0.474
04	0.732	68.352	6.554	0.683	0.790
05	0.342	38.523	11.216	0.995	0.206
06	0.804	20.881	2.989	0.905	0.723
07	0.878	12.961	1.782	0.949	0.817
08	0.700	26.683	5.292	0.986	0.542
09	0.554	77.305	8.457	0.430	0.779
10	0.492	26.382	7.395	0.993	0.327
11	0.585	44.091	6.098	0.948	0.424
12	0.827	15.620	2.411	0.968	0.722
13	0.811	25.456	2.824	0.912	0.730
15	0.814	14.967	1.958	0.828	0.801
17	0.818	15.100	2.439	0.799	0.837
18	0.781	22.891	2.800	0.848	0.723
19	0.545	70.965	7.581	0.431	0.744
20	0.805	72.719	10.975	0.743	0.878
21	0.820	18.000	2.151	0.941	0.727
22	0.297	23.580	6.665	0.229	0.423
23	0.382	98.265	20.107	0.267	0.669
25	0.593	54.000	5.837	0.490	0.751
26	0.715	22.091	2.673	0.603	0.879
28	0.823	26.000	2.750	0.818	0.827
29	0.739	45.387	4.250	0.831	0.666
30	0.504	22.181	5.657	0.962	0.341
31	0.730	16.248	2.285	0.851	0.639
32	0.536	68.235	13.261	0.485	0.598
33	0.577	46.861	6.261	0.792	0.453
34	0.725	39.038	6.296	0.660	0.803
35	0.815	12.649	2.613	0.945	0.717
36	0.848	14.142	2.039	0.812	0.887
37	0.000	57.793	33.373	0.000	0.000
39	0.639	11.489	2.438	0.696	0.591
40	0.168	50.160	10.825	0.958	0.092
41	0.059	55.714	14.902	0.937	0.030
42	0.586	16.125	3.074	0.928	0.429
43	0.735	17.205	3.666	0.940	0.604
44	0.024	25.768	6.365	0.900	0.012
45	0.473	18.974	4.988	0.646	0.374
DM  average	0.603021786864 +/- 0.236616376356
HD  average	35.4482352197 +/- 22.0895662158
ASSD average	6.58043965474 +/- 5.96667987823
Prec. average	0.765337069867 +/- 0.239692998417
Rec. average	0.57972921722 +/- 0.253460620898
INFO: Done.
