INFO: Extracting the features
INFO: Drawing a training set for each leave-one-out case using stratified random sampling
INFO: Training random decision forests
INFO: Applying random decision forests to segment lesion
INFO: Morphological post-processing
INFO: Compute overall evaluation
Metrics:
Case	DC[0,1]	HD(mm)	P2C(mm)	prec.	recall
03	0.699	30.529	5.599	0.952	0.553
04	0.748	58.549	4.821	0.691	0.816
05	0.648	31.496	6.455	0.986	0.482
06	0.789	20.396	3.163	0.876	0.718
07	0.872	11.489	1.893	0.929	0.821
08	0.782	36.056	4.422	0.981	0.650
09	0.672	9.798	2.219	0.639	0.709
10	0.657	22.804	4.977	0.987	0.492
11	0.688	20.688	2.658	0.939	0.543
12	0.826	19.900	2.588	0.954	0.728
13	0.828	25.768	2.702	0.894	0.771
15	0.810	14.967	2.056	0.812	0.808
17	0.815	16.371	2.448	0.813	0.816
18	0.862	16.613	1.612	0.894	0.832
19	0.716	10.392	2.087	0.703	0.730
20	0.248	42.426	11.765	0.701	0.151
21	0.655	96.229	7.871	0.894	0.517
22	0.014	107.981	40.011	0.010	0.021
23	0.474	54.589	7.878	0.791	0.338
25	0.212	96.871	36.485	0.217	0.207
26	0.468	30.529	3.889	0.890	0.317
28	0.585	76.026	7.683	0.931	0.426
29	0.735	40.694	3.781	0.889	0.627
30	0.765	25.612	3.621	0.974	0.630
31	0.702	19.698	2.568	0.852	0.597
32	0.571	68.206	10.851	0.473	0.720
33	0.628	46.174	5.891	0.663	0.596
34	0.700	40.050	6.692	0.599	0.842
35	0.861	15.362	2.054	0.953	0.786
36	0.856	14.142	1.846	0.854	0.857
37	0.000	73.783	32.393	0.000	0.000
39	0.561	16.125	2.866	0.888	0.410
40	0.497	44.721	7.555	0.990	0.332
41	0.310	27.928	7.060	0.869	0.189
42	0.654	22.978	2.956	0.868	0.524
43	0.827	16.125	2.563	0.904	0.762
44	0.539	23.495	3.475	0.748	0.421
45	0.424	38.678	7.581	0.365	0.506
DM  average	0.623606035514 +/- 0.220511290183
HD  average	36.4273256335 +/- 25.3376659464
ASSD average	7.07984487335 +/- 8.95814501101
Prec. average	0.773068884663 +/- 0.249488412848
Rec. average	0.559034587331 +/- 0.232773390205
INFO: Done.
