INFO: Extracting the features
INFO: Drawing a training set for each leave-one-out case using stratified random sampling
INFO: Training random decision forests
INFO: Applying random decision forests to segment lesion
INFO: Morphological post-processing
INFO: Compute overall evaluation
Metrics:
Case	DC[0,1]	HD(mm)	P2C(mm)	prec.	recall
03	0.777	28.983	4.171	0.907	0.680
04	0.598	81.240	15.047	0.457	0.866
05	0.733	21.448	4.741	0.934	0.603
06	0.541	26.153	5.402	0.947	0.379
07	0.838	14.697	2.304	0.945	0.752
08	0.693	27.495	4.821	0.929	0.553
09	0.397	16.492	3.439	0.957	0.251
10	0.560	47.455	6.747	0.973	0.393
11	0.673	66.783	6.890	0.702	0.646
12	0.436	44.091	7.575	0.995	0.279
13	0.785	24.083	3.101	0.914	0.688
15	0.823	14.967	1.885	0.833	0.813
17	0.733	27.928	3.295	0.959	0.593
18	0.813	16.248	1.986	0.967	0.701
19	0.180	100.598	24.919	0.100	0.900
20	0.868	74.431	3.759	0.817	0.927
21	0.731	91.782	10.720	0.745	0.718
22	0.330	22.000	6.343	0.295	0.375
23	0.592	30.067	4.056	0.896	0.442
25	0.626	28.705	3.406	0.712	0.559
26	0.671	26.382	2.618	0.793	0.581
28	0.783	28.071	2.928	0.829	0.742
29	0.681	75.419	8.120	0.610	0.771
30	0.506	22.091	5.164	0.908	0.351
31	0.153	33.106	7.878	0.957	0.083
32	0.317	26.077	7.550	0.831	0.196
33	0.375	67.320	14.352	0.239	0.872
34	0.622	39.497	6.068	0.835	0.495
35	0.326	26.907	7.500	0.997	0.195
36	0.552	18.868	3.466	0.924	0.393
37	0.000	54.736	30.119	0.000	0.000
39	0.000	 inf	 inf	0.000	0.000
40	0.473	42.426	6.569	0.949	0.315
41	0.043	58.447	23.548	0.404	0.023
42	0.442	16.613	4.066	0.979	0.285
43	0.570	78.460	14.899	0.495	0.670
44	0.343	24.000	4.454	0.913	0.211
45	0.379	65.177	10.872	0.408	0.355
DM  average	0.525397132088 +/- 0.235944644322
HD  average	inf +/- nan
ASSD average	inf +/- nan
Prec. average	0.73831246806 +/- 0.289828950916
Rec. average	0.490970223266 +/- 0.261793219692
INFO: Done.
