INFO: Extracting the features
INFO: Drawing a training set for each leave-one-out case using stratified random sampling
INFO: Training random decision forests
INFO: Applying random decision forests to segment lesion
INFO: Morphological post-processing
INFO: Compute overall evaluation
Metrics:
Case	DC[0,1]	HD(mm)	P2C(mm)	prec.	recall
03	0.689	31.048	5.720	0.959	0.538
04	0.764	14.697	2.553	0.710	0.828
05	0.643	33.226	6.732	0.984	0.478
06	0.793	19.287	3.139	0.874	0.726
07	0.877	10.770	1.811	0.936	0.825
08	0.778	36.000	4.517	0.979	0.645
09	0.663	8.944	2.302	0.624	0.708
10	0.650	22.361	5.073	0.986	0.485
11	0.683	20.976	2.864	0.934	0.538
12	0.832	18.547	2.486	0.957	0.735
13	0.826	24.900	2.687	0.900	0.763
15	0.809	14.967	2.052	0.809	0.808
17	0.818	15.748	2.413	0.819	0.817
18	0.865	17.088	1.602	0.909	0.826
19	0.706	16.125	2.483	0.688	0.725
20	0.242	40.546	12.082	0.683	0.147
21	0.639	96.416	7.955	0.903	0.494
22	0.014	107.107	39.531	0.010	0.021
23	0.545	26.608	4.143	0.882	0.394
25	0.198	92.650	35.545	0.203	0.192
26	0.457	30.594	3.756	0.903	0.306
28	0.605	76.158	7.577	0.925	0.449
29	0.727	40.841	3.934	0.873	0.622
30	0.758	24.739	3.698	0.972	0.621
31	0.697	19.698	2.652	0.854	0.589
32	0.581	69.971	10.893	0.482	0.732
33	0.611	46.690	6.194	0.665	0.566
34	0.684	42.000	7.052	0.579	0.836
35	0.861	16.000	2.107	0.946	0.790
36	0.857	14.283	1.869	0.849	0.865
37	0.000	73.457	32.261	0.000	0.000
39	0.458	18.547	3.641	0.991	0.298
40	0.500	44.766	7.564	0.988	0.335
41	0.306	27.857	7.133	0.866	0.186
42	0.638	90.730	8.290	0.811	0.525
43	0.826	16.125	2.548	0.909	0.756
44	0.551	22.450	3.499	0.694	0.457
45	0.438	37.683	7.453	0.377	0.522
DM  average	0.620763349342 +/- 0.221561149952
HD  average	36.3316241351 +/- 26.2881288662
ASSD average	7.1002882967 +/- 8.81658572196
Prec. average	0.774567814989 +/- 0.252708532382
Rec. average	0.556582503424 +/- 0.235003207558
INFO: Done.
