INFO: Extracting the features
INFO: Drawing a training set for each leave-one-out case using stratified random sampling
INFO: Training random decision forests
INFO: Applying random decision forests to segment lesion
INFO: Morphological post-processing
INFO: Compute overall evaluation
Metrics:
Case	DC[0,1]	HD(mm)	P2C(mm)	prec.	recall
03	0.695	31.048	5.566	0.961	0.545
04	0.739	57.236	4.597	0.684	0.805
05	0.638	32.062	6.629	0.985	0.472
06	0.790	20.396	3.172	0.871	0.722
07	0.874	10.770	1.870	0.923	0.831
08	0.785	36.277	4.401	0.979	0.655
09	0.663	9.381	2.338	0.600	0.741
10	0.659	22.000	4.973	0.987	0.494
11	0.683	20.591	2.720	0.933	0.538
12	0.830	18.868	2.508	0.958	0.733
13	0.830	24.495	2.610	0.901	0.770
15	0.808	14.967	2.050	0.812	0.805
17	0.812	17.205	2.493	0.809	0.815
18	0.863	17.088	1.585	0.924	0.810
19	0.721	12.000	2.101	0.742	0.702
20	0.223	40.100	11.780	0.654	0.135
21	0.650	96.416	8.325	0.889	0.512
22	0.015	107.815	40.235	0.011	0.024
23	0.545	53.292	6.647	0.818	0.409
25	0.202	96.519	37.955	0.196	0.208
26	0.459	30.265	3.796	0.913	0.306
28	0.599	76.026	7.412	0.936	0.441
29	0.737	39.799	3.791	0.875	0.636
30	0.761	24.739	3.689	0.974	0.624
31	0.695	19.799	2.579	0.866	0.581
32	0.584	67.350	10.562	0.487	0.729
33	0.622	46.690	5.887	0.660	0.588
34	0.693	41.085	6.886	0.586	0.850
35	0.860	14.697	2.119	0.948	0.787
36	0.858	14.142	1.860	0.851	0.864
37	0.000	76.184	33.631	0.000	0.000
39	0.524	17.664	3.211	0.893	0.370
40	0.491	45.122	7.745	0.989	0.327
41	0.328	27.495	6.902	0.883	0.201
42	0.619	23.152	3.052	0.902	0.471
43	0.824	16.000	2.559	0.909	0.753
44	0.512	24.166	3.733	0.718	0.398
45	0.432	38.523	7.481	0.379	0.502
DM  average	0.621716779127 +/- 0.220825357702
HD  average	36.3532884949 +/- 25.3193600739
ASSD average	7.1434050747 +/- 9.19084160678
Prec. average	0.773876314656 +/- 0.252408504528
Rec. average	0.556701278017 +/- 0.2331643142
INFO: Done.
