INFO: Extracting the features
INFO: Drawing a training set for each leave-one-out case using stratified random sampling
INFO: Training random decision forests
INFO: Applying random decision forests to segment lesion
INFO: Morphological post-processing
INFO: Compute overall evaluation
Metrics:
Case	DC[0,1]	HD(mm)	P2C(mm)	prec.	recall
03	0.698	30.790	5.592	0.954	0.550
04	0.743	58.412	5.033	0.679	0.819
05	0.640	33.106	6.608	0.983	0.474
06	0.789	19.287	3.157	0.875	0.718
07	0.876	11.662	1.848	0.929	0.828
08	0.779	35.889	4.474	0.981	0.645
09	0.640	10.000	2.483	0.581	0.713
10	0.657	21.909	4.965	0.987	0.493
11	0.675	20.688	2.761	0.931	0.530
12	0.834	18.868	2.434	0.959	0.737
13	0.828	24.900	2.646	0.898	0.769
15	0.804	14.560	2.082	0.811	0.797
17	0.816	15.362	2.388	0.825	0.807
18	0.864	16.492	1.598	0.901	0.829
19	0.716	13.565	2.152	0.713	0.720
20	0.217	42.426	11.950	0.649	0.130
21	0.625	96.519	8.746	0.890	0.482
22	0.018	107.981	39.225	0.014	0.028
23	0.462	54.443	10.172	0.754	0.333
25	0.203	96.395	37.430	0.200	0.205
26	0.434	31.048	3.856	0.901	0.286
28	0.599	76.158	7.100	0.936	0.440
29	0.724	40.546	3.874	0.880	0.614
30	0.763	25.768	3.664	0.973	0.627
31	0.705	19.799	2.488	0.867	0.594
32	0.570	68.615	11.108	0.471	0.724
33	0.622	46.690	5.871	0.683	0.570
34	0.684	42.000	6.959	0.573	0.848
35	0.857	14.697	2.147	0.951	0.779
36	0.857	14.142	1.846	0.856	0.857
37	0.000	72.829	33.267	0.000	0.000
39	0.492	18.547	3.415	0.976	0.329
40	0.491	44.721	7.693	0.986	0.327
41	0.328	27.495	7.003	0.881	0.201
42	0.644	22.000	2.887	0.890	0.504
43	0.822	16.125	2.588	0.914	0.747
44	0.529	24.166	3.687	0.728	0.416
45	0.438	37.789	7.416	0.383	0.513
DM  average	0.616859586463 +/- 0.222194230933
HD  average	36.4839787761 +/- 25.2789350215
ASSD average	7.2266134887 +/- 9.03867298376
Prec. average	0.772726627209 +/- 0.253655541897
Rec. average	0.552227465014 +/- 0.235227143105
INFO: Done.
