INFO: Extracting the features
INFO: Drawing a training set for each leave-one-out case using stratified random sampling
INFO: Training random decision forests
INFO: Applying random decision forests to segment lesion
INFO: Morphological post-processing
INFO: Compute overall evaluation
Metrics:
Case	DC[0,1]	HD(mm)	P2C(mm)	prec.	recall
03	0.698	30.199	5.614	0.957	0.549
04	0.756	30.854	2.844	0.707	0.811
05	0.641	33.287	6.660	0.985	0.475
06	0.790	19.799	3.162	0.881	0.716
07	0.876	11.314	1.858	0.926	0.831
08	0.784	33.166	4.341	0.979	0.653
09	0.684	9.798	2.138	0.643	0.730
10	0.659	21.726	4.955	0.982	0.496
11	0.692	20.591	2.692	0.928	0.551
12	0.834	19.900	2.501	0.952	0.742
13	0.831	25.768	2.643	0.908	0.766
15	0.804	14.967	2.097	0.807	0.800
17	0.812	15.748	2.492	0.812	0.812
18	0.868	17.205	1.568	0.916	0.824
19	0.715	11.489	2.193	0.687	0.746
20	0.247	41.085	12.406	0.647	0.153
21	0.632	96.291	8.270	0.892	0.489
22	0.014	107.201	39.630	0.011	0.021
23	0.539	53.292	6.756	0.802	0.406
25	0.205	92.844	36.483	0.202	0.209
26	0.427	31.048	3.873	0.869	0.283
28	0.601	36.715	5.396	0.946	0.441
29	0.734	40.546	3.834	0.878	0.631
30	0.765	24.739	3.571	0.973	0.630
31	0.692	18.974	2.625	0.860	0.579
32	0.582	70.114	11.227	0.486	0.724
33	0.604	46.690	6.912	0.634	0.577
34	0.695	42.190	6.934	0.594	0.836
35	0.853	16.000	2.200	0.950	0.774
36	0.858	14.142	1.848	0.852	0.865
37	0.000	73.457	32.667	0.000	0.000
39	0.484	18.547	3.408	0.975	0.322
40	0.487	44.766	7.789	0.988	0.323
41	0.339	27.857	6.901	0.879	0.210
42	0.653	21.726	2.954	0.868	0.523
43	0.822	16.000	2.612	0.905	0.753
44	0.540	23.065	3.620	0.675	0.451
45	0.417	37.789	7.700	0.359	0.498
DM  average	0.621909036456 +/- 0.221053979107
HD  average	34.4970898912 +/- 23.8978803198
ASSD average	7.0361972846 +/- 8.96716152061
Prec. average	0.771455473501 +/- 0.253162547275
Rec. average	0.557885520816 +/- 0.233183141492
INFO: Done.
