INFO: Extracting the features
INFO: Drawing a training set for each leave-one-out case using stratified random sampling
INFO: Training random decision forests
INFO: Applying random decision forests to segment lesion
INFO: Morphological post-processing
INFO: Compute overall evaluation
Metrics:
Case	DC[0,1]	HD(mm)	P2C(mm)	prec.	recall
03	0.692	32.062	5.762	0.960	0.541
04	0.766	10.770	2.470	0.712	0.827
05	0.650	33.226	6.422	0.983	0.485
06	0.796	19.799	3.079	0.876	0.730
07	0.874	11.489	1.872	0.922	0.831
08	0.784	36.056	4.364	0.976	0.656
09	0.661	8.944	2.321	0.597	0.741
10	0.656	21.633	4.988	0.986	0.492
11	0.673	20.688	2.846	0.924	0.530
12	0.833	19.900	2.509	0.955	0.738
13	0.829	24.900	2.644	0.904	0.765
15	0.810	15.100	2.061	0.815	0.805
17	0.811	18.000	2.521	0.814	0.808
18	0.869	17.205	1.552	0.908	0.833
19	0.718	13.115	2.103	0.729	0.707
20	0.233	42.426	11.486	0.691	0.140
21	0.662	95.603	7.488	0.902	0.522
22	0.021	107.350	39.142	0.015	0.031
23	0.505	54.295	8.271	0.788	0.372
25	0.214	92.304	35.812	0.225	0.205
26	0.437	69.340	6.595	0.850	0.294
28	0.591	36.111	5.448	0.954	0.428
29	0.723	38.419	3.809	0.888	0.609
30	0.773	24.413	3.526	0.973	0.641
31	0.685	19.900	2.681	0.876	0.562
32	0.582	69.340	11.124	0.484	0.729
33	0.635	46.690	5.761	0.660	0.611
34	0.687	41.665	6.907	0.586	0.829
35	0.859	16.125	2.124	0.950	0.785
36	0.861	14.142	1.757	0.867	0.854
37	0.000	76.184	33.487	0.000	0.000
39	0.453	20.000	3.735	0.985	0.294
40	0.486	44.766	7.845	0.989	0.322
41	0.328	28.355	7.061	0.871	0.202
42	0.630	85.463	8.118	0.816	0.514
43	0.821	16.125	2.610	0.912	0.746
44	0.549	23.495	3.475	0.712	0.447
45	0.438	38.523	7.350	0.383	0.512
DM  average	0.620837916021 +/- 0.221571576758
HD  average	36.9452933092 +/- 25.916729756
ASSD average	7.18756053015 +/- 8.87726925392
Prec. average	0.774633709007 +/- 0.250121652001
Rec. average	0.556270352851 +/- 0.234883005987
INFO: Done.
