INFO: Extracting the features
INFO: Drawing a training set for each leave-one-out case using stratified random sampling
INFO: Training random decision forests
INFO: Applying random decision forests to segment lesion
INFO: Morphological post-processing
INFO: Compute overall evaluation
Metrics:
Case	DC[0,1]	HD(mm)	P2C(mm)	prec.	recall
03	0.700	29.257	5.569	0.957	0.552
04	0.748	58.822	4.292	0.690	0.815
05	0.640	33.226	6.666	0.983	0.474
06	0.791	19.799	3.153	0.877	0.720
07	0.867	10.770	1.967	0.924	0.816
08	0.783	35.440	4.425	0.972	0.656
09	0.678	8.944	2.231	0.619	0.749
10	0.657	22.450	5.006	0.985	0.493
11	0.678	20.976	2.846	0.934	0.532
12	0.832	20.000	2.491	0.956	0.736
13	0.826	25.768	2.668	0.898	0.765
15	0.807	14.967	2.079	0.807	0.806
17	0.807	16.613	2.563	0.805	0.809
18	0.862	17.205	1.611	0.904	0.824
19	0.726	9.165	2.054	0.716	0.735
20	0.228	40.546	11.448	0.692	0.136
21	0.641	96.726	7.801	0.897	0.499
22	0.017	107.107	38.991	0.013	0.026
23	0.498	53.217	9.134	0.753	0.372
25	0.204	93.295	35.933	0.205	0.203
26	0.466	28.705	3.679	0.888	0.316
28	0.610	75.180	7.020	0.938	0.452
29	0.735	40.546	3.770	0.881	0.630
30	0.751	24.819	3.830	0.975	0.610
31	0.697	19.799	2.588	0.875	0.579
32	0.568	69.426	11.126	0.464	0.731
33	0.611	46.861	6.617	0.637	0.587
34	0.680	42.521	7.149	0.569	0.846
35	0.853	17.205	2.207	0.945	0.777
36	0.858	14.283	1.872	0.848	0.867
37	0.000	70.484	33.324	0.000	0.000
39	0.481	18.547	3.449	0.975	0.319
40	0.487	46.174	7.847	0.991	0.323
41	0.316	28.355	7.052	0.873	0.193
42	0.638	22.891	2.989	0.869	0.504
43	0.818	16.000	2.670	0.901	0.749
44	0.543	23.495	3.481	0.716	0.437
45	0.433	36.770	7.448	0.382	0.501
DM  average	0.619216503176 +/- 0.220738002683
HD  average	36.2198929964 +/- 24.9697371308
ASSD average	7.13287526006 +/- 8.87449082069
Prec. average	0.771369915749 +/- 0.252288962939
Rec. average	0.556295618139 +/- 0.234693368292
INFO: Done.
