INFO: Extracting the features
INFO: Drawing a training set for each leave-one-out case using stratified random sampling
INFO: Training random decision forests
INFO: Applying random decision forests to segment lesion
INFO: Morphological post-processing
INFO: Compute overall evaluation
Metrics:
Case	DC[0,1]	HD(mm)	P2C(mm)	prec.	recall
03	0.700	30.332	5.564	0.954	0.552
04	0.752	30.332	2.939	0.698	0.815
05	0.652	32.558	6.503	0.983	0.488
06	0.794	20.494	3.113	0.879	0.725
07	0.876	11.314	1.852	0.927	0.830
08	0.778	36.986	4.538	0.980	0.645
09	0.655	9.165	2.378	0.593	0.732
10	0.655	22.978	5.026	0.986	0.490
11	0.687	20.976	2.849	0.935	0.543
12	0.834	18.547	2.477	0.954	0.740
13	0.830	25.377	2.649	0.898	0.772
15	0.814	14.000	1.987	0.819	0.809
17	0.811	17.205	2.511	0.812	0.811
18	0.865	16.971	1.611	0.900	0.832
19	0.720	12.329	2.138	0.721	0.718
20	0.207	41.085	12.323	0.630	0.124
21	0.658	96.519	8.325	0.887	0.523
22	0.016	107.815	38.753	0.012	0.024
23	0.545	53.292	6.759	0.791	0.416
25	0.222	92.801	34.512	0.241	0.206
26	0.455	31.177	3.854	0.896	0.305
28	0.601	76.968	7.491	0.931	0.444
29	0.734	41.857	3.930	0.881	0.630
30	0.759	24.900	3.715	0.977	0.621
31	0.692	19.698	2.660	0.851	0.583
32	0.580	68.411	10.975	0.482	0.729
33	0.641	46.690	5.681	0.674	0.610
34	0.683	40.100	6.999	0.572	0.847
35	0.859	16.000	2.122	0.948	0.784
36	0.857	13.266	1.874	0.846	0.870
37	0.000	73.783	32.715	0.000	0.000
39	0.569	14.697	2.748	0.912	0.413
40	0.481	44.721	7.841	0.989	0.318
41	0.321	28.142	7.018	0.862	0.197
42	0.661	22.891	2.930	0.862	0.536
43	0.826	16.125	2.557	0.906	0.759
44	0.529	23.495	3.689	0.756	0.406
45	0.431	38.523	7.557	0.371	0.513
DM  average	0.62496151331 +/- 0.220950018752
HD  average	35.5925808118 +/- 24.8978921449
ASSD average	6.97802307904 +/- 8.71478976301
Prec. average	0.771449819926 +/- 0.249276443063
Rec. average	0.562113727393 +/- 0.233759234515
INFO: Done.
