INFO: Extracting the features
INFO: Drawing a training set for each leave-one-out case using stratified random sampling
INFO: Training random decision forests
INFO: Applying random decision forests to segment lesion
INFO: Morphological post-processing
INFO: Compute overall evaluation
Metrics:
Case	DC[0,1]	HD(mm)	P2C(mm)	prec.	recall
03	0.639	32.619	6.753	0.966	0.478
04	0.744	10.770	2.624	0.777	0.714
05	0.621	34.467	7.376	0.990	0.453
06	0.786	21.260	3.246	0.915	0.689
07	0.837	14.142	2.364	0.953	0.746
08	0.727	37.947	5.541	0.991	0.574
09	0.647	11.314	2.471	0.659	0.636
10	0.581	24.819	6.155	0.990	0.411
11	0.608	21.633	3.381	0.943	0.449
12	0.789	24.658	3.298	0.960	0.669
13	0.813	25.768	2.869	0.915	0.731
15	0.795	16.125	2.220	0.807	0.783
17	0.795	19.391	2.733	0.838	0.757
18	0.832	16.613	1.944	0.887	0.784
19	0.653	13.856	2.372	0.845	0.532
20	0.174	40.546	14.152	0.583	0.102
21	0.508	95.205	10.339	0.893	0.355
22	0.000	106.395	45.930	0.000	0.000
23	0.344	35.327	6.118	0.894	0.213
25	0.129	91.324	38.691	0.173	0.103
26	0.267	33.166	5.155	0.941	0.156
28	0.496	39.446	6.882	0.958	0.335
29	0.691	42.942	4.314	0.881	0.568
30	0.712	26.153	4.505	0.986	0.557
31	0.642	19.900	3.089	0.855	0.514
32	0.557	66.723	9.256	0.530	0.588
33	0.591	44.407	5.785	0.718	0.502
34	0.654	40.100	7.182	0.539	0.833
35	0.811	16.613	2.749	0.963	0.700
36	0.846	17.088	1.990	0.876	0.818
37	0.000	72.774	32.177	0.000	0.000
39	0.486	17.321	3.486	0.922	0.330
40	0.382	48.703	9.592	0.987	0.237
41	0.282	34.000	8.144	0.868	0.168
42	0.601	24.166	3.355	0.902	0.451
43	0.792	17.550	3.013	0.916	0.698
44	0.436	24.739	4.200	0.795	0.301
45	0.368	37.417	8.633	0.321	0.432
DM  average	0.569440380197 +/- 0.231801082585
HD  average	34.668120847 +/- 23.0563457892
ASSD average	7.73910235896 +/- 9.66304477893
Prec. average	0.787777599221 +/- 0.260197632504
Rec. average	0.483327775711 +/- 0.235426108491
INFO: Done.
