INFO: Extracting the features
INFO: Drawing a training set for each leave-one-out case using stratified random sampling
INFO: Training random decision forests
INFO: Applying random decision forests to segment lesion
INFO: Morphological post-processing
INFO: Compute overall evaluation
Metrics:
Case	DC[0,1]	HD(mm)	P2C(mm)	prec.	recall
03	0.687	31.048	5.744	0.960	0.535
04	0.767	10.770	2.460	0.719	0.821
05	0.657	32.311	6.344	0.983	0.494
06	0.790	19.799	3.129	0.879	0.718
07	0.872	11.314	1.911	0.931	0.820
08	0.778	36.056	4.511	0.974	0.647
09	0.658	9.798	2.376	0.605	0.722
10	0.650	22.000	5.074	0.985	0.485
11	0.708	20.591	2.517	0.925	0.573
12	0.831	18.868	2.493	0.955	0.736
13	0.829	25.768	2.664	0.900	0.768
15	0.804	14.000	2.087	0.807	0.801
17	0.816	15.362	2.406	0.814	0.817
18	0.864	17.550	1.606	0.897	0.833
19	0.725	10.954	2.053	0.725	0.725
20	0.221	42.000	11.913	0.655	0.133
21	0.667	96.623	7.913	0.894	0.532
22	0.016	107.070	38.394	0.012	0.024
23	0.488	53.292	9.532	0.738	0.365
25	0.201	93.702	36.938	0.205	0.198
26	0.466	30.594	3.683	0.870	0.318
28	0.591	76.968	7.950	0.926	0.434
29	0.747	39.497	3.581	0.891	0.643
30	0.760	25.377	3.684	0.973	0.624
31	0.698	19.287	2.571	0.866	0.585
32	0.576	68.615	10.951	0.474	0.735
33	0.626	46.690	5.786	0.664	0.592
34	0.659	41.665	7.379	0.534	0.860
35	0.854	18.000	2.201	0.949	0.777
36	0.854	14.283	1.885	0.851	0.858
37	0.000	72.774	33.191	0.000	0.000
39	0.529	18.547	3.272	0.894	0.376
40	0.502	44.766	7.564	0.987	0.337
41	0.320	28.636	7.102	0.878	0.196
42	0.673	22.804	2.789	0.892	0.540
43	0.821	16.125	2.591	0.905	0.751
44	0.532	23.495	3.591	0.721	0.421
45	0.454	36.932	6.987	0.401	0.523
DM  average	0.623511989476 +/- 0.221276873926
HD  average	35.1034310356 +/- 25.0969000613
ASSD average	7.07423187279 +/- 8.937646288
Prec. average	0.769485996381 +/- 0.250764756416
Rec. average	0.560962014086 +/- 0.23376059543
INFO: Done.
