INFO: Extracting the features
INFO: Drawing a training set for each leave-one-out case using stratified random sampling
INFO: Training random decision forests
INFO: Applying random decision forests to segment lesion
INFO: Morphological post-processing
INFO: Compute overall evaluation
Metrics:
Case	DC[0,1]	HD(mm)	P2C(mm)	prec.	recall
03	0.696	31.048	5.723	0.951	0.549
04	0.745	53.703	4.265	0.679	0.826
05	0.654	33.645	6.461	0.983	0.490
06	0.790	20.396	3.160	0.873	0.721
07	0.877	11.489	1.841	0.928	0.831
08	0.786	36.056	4.295	0.977	0.658
09	0.650	8.246	2.417	0.591	0.722
10	0.664	22.000	4.836	0.985	0.501
11	0.687	20.591	2.694	0.931	0.545
12	0.837	19.799	2.435	0.956	0.745
13	0.827	25.768	2.700	0.901	0.765
15	0.807	14.000	2.054	0.817	0.797
17	0.813	15.748	2.483	0.809	0.818
18	0.868	17.205	1.587	0.901	0.837
19	0.720	12.329	2.155	0.714	0.726
20	0.296	41.085	10.377	0.754	0.184
21	0.657	96.354	7.888	0.896	0.519
22	0.013	107.815	38.755	0.010	0.019
23	0.506	54.443	7.501	0.812	0.367
25	0.205	92.455	36.870	0.213	0.198
26	0.476	28.705	3.758	0.897	0.324
28	0.603	75.180	7.083	0.930	0.446
29	0.736	41.231	3.868	0.882	0.631
30	0.769	24.739	3.521	0.972	0.636
31	0.697	19.698	2.564	0.872	0.580
32	0.572	68.615	11.192	0.467	0.737
33	0.619	47.244	6.573	0.648	0.592
34	0.695	41.713	7.044	0.591	0.843
35	0.859	14.697	2.120	0.949	0.785
36	0.860	14.142	1.817	0.856	0.864
37	0.000	76.184	32.813	0.000	0.000
39	0.525	18.547	3.214	0.957	0.361
40	0.490	44.452	7.609	0.988	0.326
41	0.325	27.857	7.057	0.873	0.200
42	0.636	90.355	8.488	0.820	0.519
43	0.824	16.000	2.556	0.907	0.755
44	0.526	23.495	3.782	0.676	0.430
45	0.435	39.497	7.249	0.384	0.502
DM  average	0.624816679046 +/- 0.218379577471
HD  average	38.0664543918 +/- 26.4076902183
ASSD average	7.17909092512 +/- 8.86306262368
Prec. average	0.772300928783 +/- 0.251260131115
Rec. average	0.561770596393 +/- 0.232458815084
INFO: Done.
