INFO: Extracting the features
INFO: Drawing a training set for each leave-one-out case using stratified random sampling
INFO: Training random decision forests
INFO: Applying random decision forests to segment lesion
INFO: Morphological post-processing
INFO: Compute overall evaluation
Metrics:
Case	DC[0,1]	HD(mm)	P2C(mm)	prec.	recall
03	0.697	29.732	5.594	0.955	0.549
04	0.732	57.827	5.286	0.662	0.818
05	0.647	32.863	6.498	0.985	0.482
06	0.787	19.596	3.183	0.873	0.717
07	0.874	10.770	1.890	0.923	0.830
08	0.778	36.277	4.524	0.981	0.644
09	0.665	8.944	2.337	0.628	0.706
10	0.656	22.000	4.931	0.986	0.492
11	0.684	20.688	2.844	0.937	0.539
12	0.832	19.900	2.490	0.965	0.731
13	0.832	24.900	2.631	0.898	0.775
15	0.805	14.697	2.081	0.815	0.796
17	0.818	17.550	2.415	0.827	0.809
18	0.865	17.205	1.588	0.912	0.822
19	0.726	14.560	2.116	0.714	0.738
20	0.174	40.546	13.471	0.607	0.102
21	0.650	97.755	7.991	0.894	0.511
22	0.012	107.981	39.854	0.009	0.017
23	0.465	55.642	10.937	0.722	0.343
25	0.204	92.087	36.635	0.211	0.199
26	0.389	31.623	4.196	0.900	0.248
28	0.605	76.158	7.439	0.932	0.448
29	0.735	39.497	3.753	0.887	0.628
30	0.762	24.819	3.623	0.978	0.625
31	0.693	20.396	2.658	0.850	0.584
32	0.597	68.235	10.578	0.508	0.724
33	0.608	46.174	6.085	0.655	0.566
34	0.683	41.231	7.096	0.576	0.839
35	0.853	16.125	2.227	0.951	0.773
36	0.856	12.961	1.867	0.851	0.860
37	0.000	77.201	33.962	0.000	0.000
39	0.513	19.698	3.323	0.965	0.350
40	0.483	44.766	7.817	0.992	0.319
41	0.310	28.071	7.158	0.872	0.188
42	0.627	87.932	9.049	0.813	0.510
43	0.817	16.125	2.680	0.903	0.745
44	0.549	23.495	3.490	0.723	0.443
45	0.444	36.932	7.263	0.390	0.515
DM  average	0.616455480822 +/- 0.22573983758
HD  average	38.2357492998 +/- 26.3583823022
ASSD average	7.46213477105 +/- 9.07420510848
Prec. average	0.769726430923 +/- 0.251685794146
Rec. average	0.552195554185 +/- 0.237613864609
INFO: Done.
