INFO: Extracting the features
INFO: Drawing a training set for each leave-one-out case using stratified random sampling
INFO: Training random decision forests
INFO: Applying random decision forests to segment lesion
INFO: Compute overall evaluation
Metrics:
Case	DC[0,1]	HD(mm)	P2C(mm)	prec.	recall
03	0.690	30.199	5.773	0.956	0.539
04	0.719	73.348	6.777	0.639	0.823
05	0.643	33.226	6.659	0.984	0.478
06	0.791	19.900	3.124	0.877	0.720
07	0.875	11.314	1.855	0.922	0.833
08	0.785	32.619	4.285	0.976	0.656
09	0.627	31.113	2.888	0.565	0.704
10	0.654	22.716	4.986	0.986	0.489
11	0.689	28.071	3.093	0.913	0.553
12	0.832	18.868	2.490	0.956	0.736
13	0.831	25.768	2.647	0.905	0.769
15	0.805	14.967	2.104	0.807	0.803
17	0.817	15.362	2.412	0.819	0.815
18	0.868	16.971	1.566	0.918	0.822
19	0.732	46.690	2.084	0.718	0.747
20	0.250	81.535	12.668	0.697	0.152
21	0.666	96.354	8.066	0.898	0.529
22	0.017	107.070	38.750	0.013	0.025
23	0.540	53.141	5.930	0.835	0.399
25	0.206	97.755	37.351	0.194	0.219
26	0.401	68.147	5.991	0.879	0.260
28	0.598	76.968	7.556	0.927	0.441
29	0.732	24.413	3.008	0.871	0.630
30	0.771	22.181	3.274	0.973	0.638
31	0.700	18.974	2.560	0.862	0.589
32	0.572	70.314	11.383	0.472	0.727
33	0.605	46.690	7.027	0.636	0.577
34	0.684	45.519	7.166	0.577	0.840
35	0.860	16.125	2.115	0.946	0.788
36	0.857	43.174	1.916	0.854	0.860
37	0.000	77.201	28.797	0.000	0.000
39	0.538	16.613	2.827	0.939	0.377
40	0.493	44.766	7.248	0.989	0.328
41	0.324	28.142	6.897	0.867	0.199
42	0.634	91.148	5.796	0.824	0.515
43	0.825	16.000	2.549	0.907	0.757
44	0.507	70.682	4.788	0.665	0.410
45	0.424	61.221	8.284	0.368	0.498
DM  average	0.61997490217 +/- 0.221181601213
HD  average	44.6122643758 +/- 27.6378568349
ASSD average	7.22869366913 +/- 8.62462163087
Prec. average	0.766705816971 +/- 0.25380000667
Rec. average	0.559101748499 +/- 0.233542279231
INFO: Done.
