INFO: Extracting the features
INFO: Drawing a training set for each leave-one-out case using stratified random sampling
INFO: Training random decision forests
INFO: Applying random decision forests to segment lesion
INFO: Morphological post-processing
INFO: Compute overall evaluation
Metrics:
Case	DC[0,1]	HD(mm)	P2C(mm)	prec.	recall
03	0.696	29.732	5.533	0.951	0.549
04	0.724	58.412	5.277	0.645	0.824
05	0.657	32.249	6.357	0.982	0.494
06	0.792	19.391	3.141	0.865	0.731
07	0.882	10.770	1.771	0.917	0.850
08	0.792	36.056	4.215	0.974	0.668
09	0.658	8.944	2.368	0.582	0.757
10	0.667	21.541	4.797	0.984	0.504
11	0.688	20.688	2.727	0.931	0.545
12	0.839	18.868	2.361	0.956	0.747
13	0.831	24.900	2.635	0.895	0.775
15	0.806	14.000	2.081	0.805	0.807
17	0.813	15.362	2.418	0.805	0.822
18	0.874	16.613	1.466	0.918	0.835
19	0.722	11.489	2.145	0.687	0.761
20	0.269	40.546	10.841	0.685	0.167
21	0.680	96.416	7.294	0.897	0.547
22	0.007	107.815	39.944	0.005	0.010
23	0.573	53.591	7.137	0.803	0.445
25	0.223	96.850	37.009	0.213	0.235
26	0.521	28.355	3.320	0.884	0.369
28	0.632	76.053	6.827	0.931	0.478
29	0.740	38.419	3.609	0.889	0.634
30	0.779	23.495	3.406	0.971	0.651
31	0.701	19.287	2.537	0.874	0.585
32	0.564	70.937	11.364	0.450	0.756
33	0.621	47.413	6.830	0.631	0.610
34	0.695	42.521	7.046	0.592	0.841
35	0.864	15.362	2.042	0.948	0.794
36	0.859	14.142	1.820	0.848	0.871
37	0.000	76.184	33.678	0.000	0.000
39	0.525	18.547	3.246	0.911	0.369
40	0.510	44.721	7.456	0.989	0.343
41	0.323	27.350	6.928	0.868	0.199
42	0.626	87.932	7.746	0.832	0.501
43	0.826	16.000	2.526	0.908	0.757
44	0.562	22.716	3.522	0.664	0.487
45	0.436	37.947	7.276	0.373	0.526
DM  average	0.630962806648 +/- 0.218069521848
HD  average	37.9371988522 +/- 26.8491006629
ASSD average	7.17617107845 +/- 9.07095288244
Prec. average	0.764833979031 +/- 0.252898779332
Rec. average	0.574837696993 +/- 0.231742312915
INFO: Done.
