INFO: Extracting the features
INFO: Drawing a training set for each leave-one-out case using stratified random sampling
INFO: Training random decision forests
INFO: Applying random decision forests to segment lesion
INFO: Morphological post-processing
INFO: Compute overall evaluation
Metrics:
Case	DC[0,1]	HD(mm)	P2C(mm)	prec.	recall
03	0.700	31.559	5.606	0.953	0.554
04	0.761	11.489	2.553	0.711	0.818
05	0.629	34.059	6.798	0.984	0.462
06	0.791	19.799	3.190	0.867	0.727
07	0.871	11.662	1.940	0.917	0.829
08	0.774	36.277	4.571	0.980	0.640
09	0.658	9.165	2.403	0.598	0.732
10	0.648	22.716	5.105	0.988	0.482
11	0.696	20.688	2.576	0.927	0.557
12	0.827	18.439	2.536	0.956	0.729
13	0.833	25.456	2.608	0.903	0.773
15	0.807	13.266	2.082	0.804	0.809
17	0.813	17.205	2.487	0.817	0.808
18	0.860	17.088	1.664	0.893	0.829
19	0.734	11.489	2.053	0.738	0.730
20	0.249	40.100	11.397	0.691	0.152
21	0.645	95.352	7.421	0.901	0.503
22	0.018	107.350	38.933	0.013	0.029
23	0.504	52.192	6.947	0.806	0.366
25	0.192	96.726	37.224	0.204	0.182
26	0.448	31.241	3.903	0.904	0.298
28	0.584	76.968	7.848	0.928	0.426
29	0.723	39.497	3.790	0.888	0.610
30	0.770	24.658	3.540	0.973	0.637
31	0.697	19.391	2.615	0.863	0.585
32	0.576	70.114	11.195	0.479	0.722
33	0.628	46.861	5.972	0.666	0.595
34	0.674	42.521	7.091	0.557	0.852
35	0.859	16.125	2.121	0.949	0.785
36	0.859	14.142	1.808	0.862	0.856
37	0.000	72.829	32.274	0.000	0.000
39	0.551	16.125	2.978	0.876	0.402
40	0.501	44.766	7.557	0.989	0.336
41	0.323	27.928	7.014	0.873	0.198
42	0.663	22.000	2.847	0.867	0.536
43	0.829	16.000	2.512	0.909	0.762
44	0.545	23.580	3.665	0.689	0.451
45	0.416	39.648	7.758	0.356	0.500
DM  average	0.62256250482 +/- 0.22075330053
HD  average	35.1702537916 +/- 25.3314987157
ASSD average	7.01527934434 +/- 8.925305389
Prec. average	0.77059278527 +/- 0.251702859818
Rec. average	0.559511482557 +/- 0.233618409529
INFO: Done.
