INFO: Extracting the features
INFO: Drawing a training set for each leave-one-out case using stratified random sampling
INFO: Training random decision forests
INFO: Applying random decision forests to segment lesion
INFO: Morphological post-processing
INFO: Compute overall evaluation
Metrics:
Case	DC[0,1]	HD(mm)	P2C(mm)	prec.	recall
03	0.700	29.394	5.502	0.954	0.552
04	0.749	33.941	3.314	0.698	0.808
05	0.642	31.875	6.659	0.987	0.475
06	0.787	19.900	3.221	0.871	0.719
07	0.872	10.954	1.928	0.916	0.831
08	0.779	36.277	4.513	0.979	0.647
09	0.651	9.165	2.450	0.576	0.748
10	0.660	22.978	4.956	0.985	0.496
11	0.687	20.591	2.767	0.921	0.548
12	0.834	18.868	2.475	0.960	0.737
13	0.828	25.768	2.671	0.902	0.765
15	0.803	14.697	2.109	0.805	0.802
17	0.808	15.748	2.526	0.808	0.808
18	0.865	16.492	1.589	0.913	0.821
19	0.717	12.000	2.151	0.707	0.728
20	0.213	42.426	12.113	0.637	0.128
21	0.657	96.208	7.637	0.907	0.515
22	0.016	107.981	39.429	0.012	0.025
23	0.473	53.442	9.633	0.750	0.345
25	0.212	92.801	35.721	0.225	0.201
26	0.447	29.732	3.968	0.917	0.296
28	0.598	76.968	7.862	0.935	0.439
29	0.728	39.497	3.815	0.885	0.619
30	0.766	24.739	3.554	0.972	0.632
31	0.713	19.799	2.424	0.855	0.611
32	0.566	69.340	11.392	0.463	0.727
33	0.619	46.733	6.685	0.643	0.596
34	0.711	42.000	6.546	0.616	0.840
35	0.856	17.088	2.162	0.953	0.777
36	0.857	12.961	1.819	0.850	0.865
37	0.000	79.246	33.453	0.000	0.000
39	0.553	18.439	3.061	0.945	0.390
40	0.481	46.433	7.917	0.990	0.318
41	0.319	28.142	7.106	0.878	0.195
42	0.660	22.716	2.826	0.883	0.526
43	0.822	16.125	2.617	0.911	0.748
44	0.558	23.152	3.348	0.735	0.449
45	0.431	38.471	7.617	0.380	0.498
DM  average	0.621991601791 +/- 0.221834676272
HD  average	35.8707183167 +/- 25.1506406547
ASSD average	7.14568381388 +/- 8.94317820943
Prec. average	0.771638139793 +/- 0.251821797435
Rec. average	0.55859700772 +/- 0.234242660624
INFO: Done.
