INFO: Extracting the features
INFO: Drawing a training set for each leave-one-out case using stratified random sampling
INFO: Training random decision forests
INFO: Applying random decision forests to segment lesion
INFO: Compute overall evaluation
Metrics:
Case	DC[0,1]	HD(mm)	P2C(mm)	prec.	recall
03	0.690	31.623	5.755	0.959	0.539
04	0.747	63.844	3.986	0.719	0.776
05	0.612	34.409	7.212	0.989	0.443
06	0.781	19.799	3.278	0.884	0.699
07	0.860	11.832	2.078	0.932	0.798
08	0.762	33.226	4.701	0.985	0.621
09	0.657	47.244	3.001	0.616	0.703
10	0.637	22.716	5.309	0.986	0.471
11	0.690	23.580	2.741	0.903	0.558
12	0.815	20.100	2.768	0.950	0.713
13	0.827	25.768	2.691	0.909	0.760
15	0.814	14.000	1.979	0.816	0.812
17	0.800	15.748	2.672	0.799	0.801
18	0.849	16.492	1.757	0.890	0.812
19	0.655	15.748	2.492	0.769	0.571
20	0.192	72.829	13.581	0.674	0.112
21	0.597	94.064	8.020	0.914	0.443
22	0.023	107.815	38.637	0.018	0.032
23	0.492	53.292	7.123	0.795	0.356
25	0.172	91.695	37.419	0.195	0.153
26	0.385	66.873	6.036	0.875	0.247
28	0.541	76.994	8.566	0.928	0.382
29	0.715	40.841	4.010	0.881	0.602
30	0.742	24.413	3.715	0.979	0.598
31	0.666	19.900	2.815	0.893	0.532
32	0.581	67.052	10.899	0.514	0.668
33	0.588	46.690	6.589	0.668	0.525
34	0.676	40.100	6.944	0.560	0.852
35	0.846	16.125	2.303	0.941	0.769
36	0.848	44.407	2.040	0.869	0.828
37	0.000	73.783	31.691	0.000	0.000
39	0.531	20.785	3.449	0.853	0.385
40	0.474	46.690	8.142	0.987	0.312
41	0.303	28.914	7.325	0.876	0.183
42	0.643	87.636	5.228	0.845	0.519
43	0.801	16.733	2.876	0.914	0.712
44	0.484	23.495	3.515	0.821	0.344
45	0.416	61.644	8.660	0.366	0.482
DM  average	0.602952394444 +/- 0.222758867285
HD  average	42.6025659847 +/- 26.1910049432
ASSD average	7.42105991399 +/- 8.80264991659
Prec. average	0.775692883826 +/- 0.249850801311
Rec. average	0.529245840194 +/- 0.232467911129
INFO: Done.
