INFO: Extracting the features
INFO: Drawing a training set for each leave-one-out case using stratified random sampling
INFO: Training random decision forests
INFO: Applying random decision forests to segment lesion
INFO: Compute overall evaluation
Metrics:
Case	DC[0,1]	HD(mm)	P2C(mm)	prec.	recall
03	0.619	33.106	7.081	0.962	0.456
04	0.737	18.439	2.621	0.775	0.702
05	0.619	34.409	7.214	0.987	0.451
06	0.779	20.100	3.254	0.899	0.686
07	0.818	15.748	2.624	0.952	0.717
08	0.716	35.889	5.674	0.986	0.562
09	0.661	10.000	2.380	0.619	0.708
10	0.560	24.413	6.300	0.990	0.390
11	0.677	26.077	2.900	0.923	0.535
12	0.774	27.129	3.538	0.978	0.641
13	0.819	26.306	2.833	0.910	0.744
15	0.811	15.748	2.111	0.798	0.825
17	0.794	18.547	2.682	0.840	0.753
18	0.792	15.748	2.273	0.868	0.728
19	0.639	13.416	2.475	0.771	0.545
20	0.108	71.218	16.121	0.483	0.061
21	0.434	94.064	10.217	0.904	0.286
22	0.003	105.470	42.698	0.002	0.005
23	0.218	60.266	19.531	0.203	0.237
25	0.109	93.851	39.926	0.131	0.093
26	0.389	69.426	5.933	0.875	0.250
28	0.497	62.642	6.863	0.959	0.335
29	0.634	39.799	4.381	0.861	0.502
30	0.713	18.111	4.121	0.966	0.564
31	0.651	21.260	2.973	0.895	0.512
32	0.566	68.235	10.191	0.550	0.582
33	0.533	46.174	6.683	0.704	0.428
34	0.653	40.299	7.315	0.550	0.801
35	0.835	16.000	2.420	0.955	0.742
36	0.837	15.748	2.004	0.873	0.805
37	0.000	74.833	29.135	0.000	0.000
39	0.538	19.079	3.813	0.623	0.473
40	0.371	49.031	9.566	0.985	0.229
41	0.296	33.045	7.740	0.836	0.180
42	0.537	24.413	3.720	0.932	0.377
43	0.793	16.613	2.963	0.917	0.698
44	0.537	23.495	3.530	0.727	0.426
45	0.369	62.578	10.342	0.314	0.448
DM  average	0.564085670762 +/- 0.234257166115
HD  average	38.4401498679 +/- 25.4131572683
ASSD average	8.10909247658 +/- 9.48150906591
Prec. average	0.750108972508 +/- 0.277910166631
Rec. average	0.486286990045 +/- 0.231725598722
INFO: Done.
