INFO: Extracting the features
INFO: Drawing a training set for each leave-one-out case using stratified random sampling
INFO: Training random decision forests
INFO: Applying random decision forests to segment lesion
INFO: Compute overall evaluation
Metrics:
Case	DC[0,1]	HD(mm)	P2C(mm)	prec.	recall
03	0.698	29.732	5.518	0.952	0.550
04	0.747	63.624	4.618	0.697	0.805
05	0.627	33.764	6.696	0.988	0.460
06	0.791	19.596	3.145	0.876	0.721
07	0.865	10.770	1.975	0.929	0.810
08	0.760	36.715	4.843	0.983	0.620
09	0.651	48.744	2.821	0.594	0.720
10	0.646	22.000	5.156	0.986	0.480
11	0.657	24.495	3.180	0.944	0.504
12	0.818	18.868	2.664	0.963	0.710
13	0.822	25.768	2.772	0.893	0.761
15	0.799	13.565	2.124	0.819	0.780
17	0.811	17.205	2.498	0.811	0.811
18	0.851	16.613	1.753	0.903	0.804
19	0.712	14.000	2.273	0.739	0.687
20	0.193	82.244	13.172	0.611	0.115
21	0.607	96.187	8.802	0.893	0.459
22	0.015	107.815	39.598	0.011	0.022
23	0.445	55.714	11.118	0.744	0.318
25	0.174	96.850	37.548	0.187	0.162
26	0.429	70.767	5.835	0.826	0.290
28	0.565	76.026	7.010	0.941	0.404
29	0.715	25.456	3.190	0.877	0.603
30	0.757	20.976	3.483	0.978	0.618
31	0.701	18.439	2.470	0.846	0.598
32	0.601	68.059	9.522	0.526	0.702
33	0.612	46.690	6.534	0.652	0.576
34	0.692	59.632	7.600	0.585	0.846
35	0.851	16.000	2.233	0.943	0.775
36	0.854	43.174	1.918	0.863	0.845
37	0.000	73.457	28.412	0.000	0.000
39	0.496	18.547	3.322	0.946	0.336
40	0.468	44.766	7.804	0.985	0.307
41	0.316	28.284	7.154	0.881	0.192
42	0.656	90.111	6.855	0.855	0.532
43	0.814	16.125	2.720	0.914	0.734
44	0.534	66.513	3.759	0.659	0.449
45	0.419	62.000	8.570	0.364	0.493
DM  average	0.609694949286 +/- 0.22409556627
HD  average	44.1919088513 +/- 27.7018227117
ASSD average	7.3859204029 +/- 8.6988919897
Prec. average	0.7675484093 +/- 0.25314623854
Rec. average	0.542093792607 +/- 0.23474442037
INFO: Done.
