INFO: Extracting the features
INFO: Drawing a training set for each leave-one-out case using stratified random sampling
INFO: Training random decision forests
INFO: Applying random decision forests to segment lesion
INFO: Morphological post-processing
INFO: Compute overall evaluation
Metrics:
Case	DC[0,1]	HD(mm)	P2C(mm)	prec.	recall
03	0.693	30.199	5.685	0.960	0.542
04	0.744	58.412	5.290	0.686	0.813
05	0.632	32.863	6.825	0.988	0.464
06	0.788	19.287	3.169	0.882	0.712
07	0.872	11.489	1.909	0.933	0.819
08	0.773	36.986	4.633	0.978	0.639
09	0.654	8.246	2.423	0.587	0.739
10	0.646	23.065	5.143	0.986	0.480
11	0.673	20.688	2.823	0.935	0.526
12	0.830	19.799	2.509	0.954	0.734
13	0.825	25.768	2.728	0.903	0.759
15	0.809	14.967	2.052	0.819	0.799
17	0.812	17.205	2.495	0.806	0.817
18	0.858	17.088	1.688	0.899	0.821
19	0.722	16.125	2.332	0.730	0.714
20	0.226	41.085	12.470	0.661	0.136
21	0.624	95.205	7.762	0.911	0.475
22	0.009	107.981	40.523	0.006	0.014
23	0.405	54.589	11.967	0.711	0.283
25	0.194	93.231	36.259	0.209	0.181
26	0.428	31.559	3.984	0.899	0.281
28	0.587	76.968	7.480	0.934	0.428
29	0.712	41.952	4.077	0.882	0.597
30	0.761	24.083	3.668	0.974	0.624
31	0.696	18.547	2.574	0.865	0.583
32	0.584	68.381	10.880	0.497	0.708
33	0.616	46.690	6.574	0.649	0.586
34	0.667	40.645	7.133	0.547	0.852
35	0.848	18.000	2.270	0.951	0.766
36	0.852	12.961	1.856	0.853	0.852
37	0.000	76.184	34.215	0.000	0.000
39	0.490	20.000	3.457	0.936	0.332
40	0.481	45.607	7.929	0.990	0.318
41	0.311	28.355	7.089	0.870	0.189
42	0.656	21.448	2.868	0.863	0.529
43	0.813	16.125	2.742	0.902	0.740
44	0.521	23.495	3.547	0.717	0.409
45	0.411	37.417	7.661	0.366	0.469
DM  average	0.61115319661 +/- 0.224211253696
HD  average	36.6499362917 +/- 25.0461271578
ASSD average	7.38651975333 +/- 9.13290086264
Prec. average	0.769467037483 +/- 0.253554099918
Rec. average	0.545560090935 +/- 0.238173044318
INFO: Done.
