INFO: Extracting the features
INFO: Drawing a training set for each leave-one-out case using stratified random sampling
INFO: Training random decision forests
INFO: Applying random decision forests to segment lesion
INFO: Compute overall evaluation
Metrics:
Case	DC[0,1]	HD(mm)	P2C(mm)	prec.	recall
03	0.694	29.732	5.616	0.955	0.545
04	0.747	63.624	4.732	0.691	0.812
05	0.649	33.764	6.519	0.986	0.484
06	0.788	19.799	3.160	0.877	0.715
07	0.866	11.314	1.982	0.932	0.809
08	0.770	34.234	4.548	0.979	0.634
09	0.652	51.147	2.684	0.601	0.712
10	0.639	22.978	5.224	0.987	0.472
11	0.698	30.000	2.993	0.918	0.564
12	0.837	18.868	2.413	0.959	0.742
13	0.831	25.768	2.630	0.906	0.767
15	0.805	14.697	2.125	0.800	0.811
17	0.813	15.748	2.460	0.818	0.807
18	0.867	16.971	1.572	0.900	0.836
19	0.696	16.125	2.459	0.702	0.691
20	0.304	80.250	11.101	0.757	0.190
21	0.629	98.020	8.730	0.890	0.487
22	0.011	110.887	40.521	0.009	0.017
23	0.442	53.591	10.504	0.719	0.319
25	0.198	96.850	37.632	0.202	0.195
26	0.436	69.311	5.998	0.867	0.291
28	0.565	76.968	8.026	0.928	0.406
29	0.719	24.083	3.011	0.893	0.602
30	0.757	23.152	3.483	0.977	0.617
31	0.687	18.974	2.664	0.869	0.568
32	0.595	68.469	10.678	0.505	0.723
33	0.637	46.690	6.174	0.690	0.591
34	0.660	58.992	7.602	0.548	0.828
35	0.854	16.125	2.187	0.946	0.778
36	0.856	45.651	2.145	0.854	0.858
37	0.000	77.201	27.303	0.000	0.000
39	0.555	18.547	2.849	0.853	0.411
40	0.471	44.766	7.785	0.991	0.309
41	0.312	27.928	7.072	0.877	0.190
42	0.615	86.856	5.913	0.883	0.472
43	0.819	16.125	2.636	0.911	0.744
44	0.552	23.495	3.552	0.710	0.452
45	0.408	61.644	8.458	0.358	0.474
DM  average	0.616653861727 +/- 0.219336797847
HD  average	43.4037582325 +/- 27.6197504225
ASSD average	7.29315188164 +/- 8.72263139602
Prec. average	0.769669813191 +/- 0.251123962487
Rec. average	0.550602814195 +/- 0.231933210763
INFO: Done.
