INFO: Extracting the features
INFO: Drawing a training set for each leave-one-out case using stratified random sampling
INFO: Training random decision forests
INFO: Applying random decision forests to segment lesion
INFO: Morphological post-processing
INFO: Compute overall evaluation
Metrics:
Case	DC[0,1]	HD(mm)	P2C(mm)	prec.	recall
03	0.665	33.106	6.380	0.967	0.506
04	0.690	12.649	3.274	0.586	0.839
05	0.635	38.626	6.966	0.936	0.480
06	0.801	15.232	3.030	0.788	0.815
07	0.806	17.205	2.969	0.856	0.762
08	0.690	26.382	5.964	0.956	0.539
09	0.670	9.165	2.190	0.632	0.713
10	0.642	23.152	5.203	0.988	0.476
11	0.639	20.976	3.008	0.944	0.483
12	0.821	26.306	2.880	0.958	0.719
13	0.814	24.900	2.833	0.905	0.740
15	0.804	14.697	2.113	0.819	0.789
17	0.809	18.000	2.489	0.837	0.784
18	0.862	18.000	1.639	0.915	0.814
19	0.735	10.954	2.014	0.750	0.720
20	0.000	70.824	39.448	0.000	0.000
21	0.603	96.623	9.026	0.879	0.459
22	0.007	108.536	42.198	0.005	0.009
23	0.490	54.589	10.870	0.731	0.369
25	0.169	93.231	37.204	0.195	0.149
26	0.354	32.125	4.357	0.910	0.220
28	0.567	36.277	5.591	0.954	0.404
29	0.737	40.100	3.770	0.887	0.630
30	0.739	26.758	3.927	0.977	0.594
31	0.659	19.900	2.902	0.854	0.537
32	0.588	68.235	10.360	0.501	0.712
33	0.632	46.174	5.898	0.696	0.578
34	0.681	59.363	8.614	0.567	0.854
35	0.844	17.205	2.333	0.956	0.756
36	0.856	14.283	1.819	0.876	0.837
37	0.000	70.370	34.098	0.000	0.000
39	0.446	19.698	3.721	0.976	0.289
40	0.452	44.766	8.059	0.989	0.293
41	0.289	29.189	7.376	0.879	0.173
42	0.598	23.324	3.222	0.915	0.444
43	0.812	16.000	2.703	0.908	0.735
44	0.532	24.166	3.475	0.828	0.392
45	0.410	36.770	7.914	0.363	0.470
DM  average	0.593371452561 +/- 0.235780730769
HD  average	35.7329854958 +/- 24.827744671
ASSD average	8.20621063681 +/- 10.6269002222
Prec. average	0.754848245615 +/- 0.281917103901
Rec. average	0.528445656242 +/- 0.24786902272
INFO: Done.
