INFO: Extracting the features
INFO: Drawing a training set for each leave-one-out case using stratified random sampling
INFO: Training random decision forests
INFO: Applying random decision forests to segment lesion
INFO: Morphological post-processing
INFO: Compute overall evaluation
Metrics:
Case	DC[0,1]	HD(mm)	P2C(mm)	prec.	recall
03	0.697	29.732	5.556	0.952	0.550
04	0.726	58.412	5.304	0.646	0.827
05	0.652	32.619	6.380	0.978	0.489
06	0.794	19.391	3.125	0.867	0.732
07	0.878	11.489	1.831	0.908	0.849
08	0.796	34.756	4.097	0.973	0.674
09	0.644	8.944	2.469	0.567	0.746
10	0.670	21.633	4.735	0.984	0.508
11	0.710	20.591	2.397	0.924	0.577
12	0.843	19.391	2.326	0.956	0.754
13	0.831	25.768	2.612	0.899	0.773
15	0.809	13.565	2.051	0.804	0.814
17	0.818	13.565	2.362	0.812	0.825
18	0.875	17.088	1.470	0.902	0.850
19	0.714	16.248	2.390	0.661	0.775
20	0.326	42.000	10.127	0.729	0.210
21	0.713	96.519	6.869	0.899	0.590
22	0.010	107.201	39.098	0.007	0.015
23	0.560	53.591	8.808	0.742	0.450
25	0.232	96.726	37.148	0.212	0.255
26	0.543	28.284	3.172	0.869	0.394
28	0.648	76.942	6.577	0.931	0.497
29	0.750	38.419	3.511	0.882	0.653
30	0.784	23.324	3.309	0.967	0.658
31	0.701	19.799	2.558	0.868	0.588
32	0.567	71.190	11.363	0.452	0.760
33	0.615	47.244	6.859	0.625	0.606
34	0.677	61.286	8.646	0.565	0.844
35	0.868	14.697	2.007	0.945	0.803
36	0.860	12.961	1.799	0.852	0.868
37	0.000	73.783	33.775	0.000	0.000
39	0.533	18.547	3.227	0.934	0.373
40	0.514	44.587	7.374	0.987	0.347
41	0.325	28.142	6.945	0.865	0.200
42	0.651	88.091	6.696	0.840	0.532
43	0.823	16.000	2.561	0.905	0.756
44	0.557	22.450	3.528	0.650	0.487
45	0.455	36.277	6.937	0.387	0.553
DM  average	0.63610084155 +/- 0.215134702717
HD  average	38.4540538349 +/- 26.9487126238
ASSD average	7.15779321167 +/- 9.01729616829
Prec. average	0.761764216959 +/- 0.252596191563
Rec. average	0.583854280637 +/- 0.228690676438
INFO: Done.
