INFO: Extracting the features
INFO: Drawing a training set for each leave-one-out case using stratified random sampling
INFO: Training random decision forests
INFO: Applying random decision forests to segment lesion
INFO: Compute overall evaluation
Metrics:
Case	DC[0,1]	HD(mm)	P2C(mm)	prec.	recall
03	0.697	31.048	5.677	0.957	0.548
04	0.742	61.123	5.001	0.688	0.805
05	0.633	33.226	6.572	0.985	0.466
06	0.788	20.591	3.176	0.880	0.713
07	0.867	10.770	1.953	0.928	0.814
08	0.776	36.824	4.540	0.980	0.643
09	0.633	50.517	3.851	0.568	0.715
10	0.639	23.409	5.232	0.987	0.472
11	0.671	28.000	2.901	0.927	0.525
12	0.827	18.868	2.544	0.956	0.728
13	0.831	25.768	2.646	0.895	0.776
15	0.806	14.967	2.122	0.801	0.811
17	0.808	17.088	2.543	0.807	0.809
18	0.861	17.889	1.650	0.919	0.810
19	0.728	16.248	2.183	0.734	0.722
20	0.177	81.731	13.875	0.617	0.103
21	0.628	94.932	9.011	0.894	0.484
22	0.019	107.201	39.356	0.014	0.027
23	0.473	53.516	8.253	0.792	0.337
25	0.185	95.352	37.133	0.194	0.177
26	0.439	69.311	5.987	0.868	0.294
28	0.567	77.820	8.548	0.927	0.408
29	0.720	39.799	3.889	0.880	0.609
30	0.766	17.205	3.322	0.974	0.631
31	0.682	18.547	2.656	0.854	0.568
32	0.587	68.293	10.596	0.500	0.711
33	0.616	46.733	6.368	0.648	0.587
34	0.662	57.166	8.431	0.539	0.857
35	0.853	16.125	2.227	0.950	0.773
36	0.860	44.407	1.964	0.859	0.861
37	0.000	73.892	29.479	0.000	0.000
39	0.549	14.697	2.758	0.937	0.389
40	0.477	46.217	7.915	0.991	0.314
41	0.326	27.928	7.042	0.872	0.201
42	0.619	89.331	8.349	0.838	0.491
43	0.817	16.492	2.683	0.907	0.744
44	0.529	21.541	3.569	0.698	0.426
45	0.442	62.418	8.626	0.390	0.509
DM  average	0.613142001213 +/- 0.223130178201
HD  average	43.3419129844 +/- 27.1914198912
ASSD average	7.49017233147 +/- 8.71009887768
Prec. average	0.767200927488 +/- 0.2528197945
Rec. average	0.548935334632 +/- 0.235994263661
INFO: Done.
