INFO: Extracting the features
INFO: Drawing a training set for each leave-one-out case using stratified random sampling
INFO: Training random decision forests
INFO: Applying random decision forests to segment lesion
INFO: Compute overall evaluation
Metrics:
Case	DC[0,1]	HD(mm)	P2C(mm)	prec.	recall
03	0.692	30.199	5.695	0.959	0.541
04	0.743	65.788	4.720	0.682	0.816
05	0.642	30.854	6.465	0.985	0.476
06	0.796	19.799	3.054	0.891	0.718
07	0.865	11.314	2.013	0.916	0.820
08	0.778	32.619	4.423	0.976	0.647
09	0.642	8.944	2.522	0.578	0.723
10	0.644	23.152	5.138	0.988	0.478
11	0.685	25.612	2.941	0.909	0.549
12	0.830	19.799	2.531	0.954	0.735
13	0.827	24.900	2.694	0.904	0.762
15	0.805	14.967	2.131	0.800	0.809
17	0.809	16.371	2.507	0.814	0.804
18	0.856	16.492	1.699	0.903	0.814
19	0.723	16.492	2.079	0.726	0.719
20	0.128	81.019	15.157	0.506	0.073
21	0.649	96.354	8.441	0.887	0.512
22	0.009	107.201	40.825	0.007	0.014
23	0.456	53.442	9.830	0.765	0.325
25	0.163	96.664	38.740	0.172	0.154
26	0.452	67.882	4.790	0.870	0.305
28	0.582	76.968	7.611	0.933	0.423
29	0.724	40.645	3.833	0.896	0.607
30	0.766	23.324	3.439	0.975	0.631
31	0.709	18.974	2.513	0.860	0.603
32	0.589	68.235	10.821	0.505	0.705
33	0.590	46.174	6.486	0.655	0.537
34	0.650	53.963	7.843	0.531	0.838
35	0.857	15.100	2.151	0.948	0.782
36	0.855	44.677	2.116	0.848	0.861
37	0.000	77.201	25.623	0.000	0.000
39	0.535	19.079	3.420	0.832	0.394
40	0.473	45.122	7.868	0.989	0.310
41	0.316	28.705	7.185	0.868	0.193
42	0.631	86.279	4.982	0.867	0.496
43	0.814	16.248	2.738	0.904	0.740
44	0.548	23.495	3.391	0.752	0.430
45	0.419	61.188	8.225	0.360	0.501
DM  average	0.611862305232 +/- 0.228720315394
HD  average	42.2431012286 +/- 27.6375865095
ASSD average	7.33262502445 +/- 8.82758623625
Prec. average	0.760941714308 +/- 0.256359422117
Rec. average	0.548647764901 +/- 0.238866109005
INFO: Done.
