INFO: Extracting the features
INFO: Drawing a training set for each leave-one-out case using stratified random sampling
INFO: Training random decision forests
INFO: Applying random decision forests to segment lesion
INFO: Morphological post-processing
INFO: Compute overall evaluation
Metrics:
Case	DC[0,1]	HD(mm)	P2C(mm)	prec.	recall
03	0.689	30.133	5.778	0.957	0.539
04	0.748	46.043	3.756	0.685	0.824
05	0.641	33.287	6.441	0.985	0.475
06	0.794	19.799	3.097	0.872	0.729
07	0.871	11.314	1.905	0.931	0.818
08	0.777	36.056	4.569	0.977	0.645
09	0.661	9.165	2.354	0.604	0.731
10	0.653	22.361	5.054	0.987	0.488
11	0.665	20.688	2.857	0.926	0.519
12	0.830	18.868	2.501	0.959	0.732
13	0.832	25.377	2.629	0.903	0.771
15	0.805	14.967	2.109	0.805	0.806
17	0.811	17.205	2.497	0.811	0.812
18	0.865	15.748	1.575	0.906	0.828
19	0.727	9.165	2.036	0.733	0.722
20	0.230	35.440	11.383	0.726	0.137
21	0.642	96.519	8.525	0.888	0.502
22	0.011	107.369	41.001	0.008	0.017
23	0.497	54.443	8.288	0.777	0.366
25	0.194	93.231	37.074	0.195	0.193
26	0.331	31.623	4.205	0.908	0.203
28	0.590	76.158	7.760	0.930	0.432
29	0.726	42.426	4.030	0.865	0.625
30	0.751	24.000	3.731	0.975	0.611
31	0.672	20.100	2.818	0.858	0.552
32	0.592	68.411	10.257	0.501	0.723
33	0.609	46.690	6.334	0.655	0.570
34	0.681	40.645	7.035	0.575	0.836
35	0.856	16.125	2.150	0.949	0.779
36	0.857	14.283	1.867	0.848	0.866
37	0.000	76.184	32.893	0.000	0.000
39	0.445	19.698	3.654	0.926	0.293
40	0.487	44.721	7.723	0.989	0.323
41	0.300	28.914	7.243	0.864	0.182
42	0.629	86.971	8.832	0.781	0.527
43	0.818	16.125	2.648	0.911	0.742
44	0.500	24.166	3.888	0.675	0.397
45	0.407	38.523	7.934	0.357	0.473
DM  average	0.610478749322 +/- 0.227060586807
HD  average	37.7088847035 +/- 26.1662300182
ASSD average	7.37981497229 +/- 9.08903431956
Prec. average	0.768455149974 +/- 0.251733269957
Rec. average	0.547037841516 +/- 0.240879674966
INFO: Done.
