INFO: Extracting the features
INFO: Drawing a training set for each leave-one-out case using stratified random sampling
INFO: Training random decision forests
INFO: Applying random decision forests to segment lesion
INFO: Compute overall evaluation
Metrics:
Case	DC[0,1]	HD(mm)	P2C(mm)	prec.	recall
03	0.650	35.496	6.651	0.970	0.488
04	0.756	62.322	3.454	0.739	0.773
05	0.631	34.641	7.146	0.978	0.466
06	0.776	20.976	3.319	0.893	0.687
07	0.846	12.649	2.214	0.941	0.769
08	0.739	32.619	5.120	0.985	0.591
09	0.655	52.953	3.478	0.601	0.720
10	0.606	25.612	5.888	0.987	0.438
11	0.660	21.726	2.965	0.922	0.514
12	0.810	21.633	2.796	0.961	0.700
13	0.812	26.306	2.899	0.902	0.738
15	0.798	17.205	2.196	0.808	0.788
17	0.800	18.000	2.670	0.811	0.790
18	0.833	15.748	1.859	0.901	0.775
19	0.658	64.094	2.782	0.756	0.582
20	0.159	81.927	15.359	0.570	0.093
21	0.576	94.932	8.648	0.886	0.427
22	0.007	107.070	40.999	0.005	0.010
23	0.354	54.369	10.162	0.793	0.228
25	0.181	95.603	37.197	0.194	0.169
26	0.370	66.091	5.820	0.929	0.231
28	0.534	76.158	9.042	0.928	0.375
29	0.713	30.332	3.448	0.863	0.608
30	0.726	21.354	3.916	0.976	0.578
31	0.654	18.330	2.957	0.844	0.533
32	0.592	68.235	10.505	0.527	0.675
33	0.555	46.690	7.307	0.648	0.485
34	0.661	41.280	7.404	0.551	0.824
35	0.817	16.248	2.668	0.952	0.716
36	0.849	14.422	1.876	0.878	0.822
37	0.000	79.649	30.124	0.000	0.000
39	0.506	14.283	3.146	0.777	0.375
40	0.397	46.733	8.847	0.993	0.248
41	0.272	29.052	7.355	0.857	0.162
42	0.611	83.259	3.494	0.899	0.463
43	0.796	16.125	2.886	0.922	0.700
44	0.480	23.495	3.754	0.810	0.341
45	0.410	61.123	8.618	0.365	0.467
DM  average	0.585550915499 +/- 0.226892228526
HD  average	43.3878488378 +/- 27.0344778806
ASSD average	7.65713939613 +/- 8.93569047206
Prec. average	0.771590939605 +/- 0.253711697301
Rec. average	0.509230748901 +/- 0.23430578686
INFO: Done.
