INFO: Extracting the features
INFO: Drawing a training set for each leave-one-out case using stratified random sampling
INFO: Training random decision forests
INFO: Applying random decision forests to segment lesion
INFO: Morphological post-processing
INFO: Compute overall evaluation
Metrics:
Case	DC[0,1]	HD(mm)	P2C(mm)	prec.	recall
03	0.699	31.048	5.611	0.955	0.552
04	0.758	10.770	2.540	0.715	0.807
05	0.638	33.526	6.696	0.983	0.472
06	0.789	19.900	3.172	0.875	0.719
07	0.870	11.314	1.943	0.934	0.814
08	0.779	36.497	4.524	0.978	0.647
09	0.667	9.165	2.316	0.623	0.717
10	0.649	22.978	5.150	0.985	0.484
11	0.681	20.688	2.678	0.941	0.534
12	0.835	19.391	2.446	0.965	0.736
13	0.829	25.768	2.673	0.901	0.768
15	0.807	15.362	2.069	0.805	0.810
17	0.812	17.205	2.483	0.825	0.801
18	0.856	17.205	1.712	0.896	0.820
19	0.704	16.613	2.594	0.681	0.729
20	0.221	40.546	12.262	0.711	0.131
21	0.653	96.354	7.614	0.897	0.513
22	0.018	107.350	38.933	0.013	0.029
23	0.480	54.443	9.009	0.754	0.352
25	0.179	95.373	37.090	0.188	0.171
26	0.403	31.623	4.178	0.914	0.259
28	0.574	37.736	5.684	0.961	0.409
29	0.724	40.841	3.932	0.888	0.611
30	0.763	25.768	3.687	0.979	0.625
31	0.700	18.974	2.546	0.876	0.583
32	0.575	68.059	10.661	0.487	0.702
33	0.601	47.244	6.436	0.647	0.560
34	0.658	40.645	7.395	0.539	0.845
35	0.850	17.205	2.229	0.946	0.772
36	0.855	14.283	1.840	0.862	0.847
37	0.000	74.833	34.026	0.000	0.000
39	0.534	14.560	2.840	0.914	0.377
40	0.468	46.390	8.029	0.991	0.306
41	0.339	29.052	7.045	0.879	0.210
42	0.652	22.891	2.920	0.891	0.514
43	0.816	16.125	2.688	0.904	0.744
44	0.542	23.833	3.590	0.696	0.444
45	0.406	37.789	7.876	0.354	0.477
DM  average	0.615357280067 +/- 0.223236666498
HD  average	34.4564257659 +/- 24.2577602833
ASSD average	7.13462152725 +/- 9.04670648827
Prec. average	0.772454143022 +/- 0.255178411883
Rec. average	0.549650147655 +/- 0.234388854122
INFO: Done.
