INFO: Extracting the features
INFO: Drawing a training set for each leave-one-out case using stratified random sampling
INFO: Training random decision forests
INFO: Applying random decision forests to segment lesion
INFO: Morphological post-processing
INFO: Compute overall evaluation
Metrics:
Case	DC[0,1]	HD(mm)	P2C(mm)	prec.	recall
03	0.698	31.496	5.632	0.957	0.549
04	0.747	58.856	4.367	0.681	0.827
05	0.645	32.863	6.434	0.982	0.480
06	0.792	20.494	3.162	0.866	0.729
07	0.880	11.489	1.791	0.926	0.839
08	0.788	36.056	4.316	0.973	0.662
09	0.657	9.165	2.401	0.582	0.755
10	0.662	22.000	4.873	0.985	0.499
11	0.688	20.100	2.692	0.927	0.547
12	0.832	20.100	2.475	0.953	0.739
13	0.831	25.768	2.643	0.898	0.774
15	0.803	14.000	2.099	0.809	0.797
17	0.818	15.748	2.370	0.826	0.810
18	0.868	17.088	1.549	0.917	0.824
19	0.717	13.416	2.221	0.695	0.741
20	0.250	42.000	12.342	0.640	0.156
21	0.652	96.416	8.361	0.892	0.514
22	0.013	107.981	38.547	0.009	0.020
23	0.563	26.608	4.074	0.890	0.412
25	0.203	97.077	37.725	0.196	0.211
26	0.452	30.854	3.874	0.886	0.303
28	0.618	36.111	5.114	0.958	0.456
29	0.741	39.799	3.718	0.884	0.638
30	0.770	24.413	3.507	0.970	0.638
31	0.688	18.974	2.639	0.871	0.569
32	0.579	69.971	11.164	0.475	0.741
33	0.612	47.707	7.265	0.620	0.605
34	0.690	41.713	6.939	0.583	0.843
35	0.862	14.697	2.079	0.945	0.793
36	0.858	14.142	1.833	0.854	0.862
37	0.000	74.216	33.607	0.000	0.000
39	0.431	20.000	3.852	0.990	0.275
40	0.496	44.721	7.667	0.988	0.331
41	0.316	27.495	7.000	0.870	0.193
42	0.656	87.132	7.497	0.831	0.542
43	0.825	16.125	2.549	0.905	0.758
44	0.523	23.495	3.789	0.679	0.425
45	0.454	37.789	6.945	0.393	0.538
DM  average	0.623134722665 +/- 0.221978421639
HD  average	36.5283580734 +/- 25.706749137
ASSD average	7.13442482872 +/- 9.01709497335
Prec. average	0.771186974595 +/- 0.254992561563
Rec. average	0.563037797488 +/- 0.236470199534
INFO: Done.
