Metrics:
Case	DC[0,1]	HD(mm)	P2C(mm)	prec.	recall
03	0.591	34.130	6.128	0.973	0.424
04	0.622	84.333	12.880	0.540	0.733
05	0.310	26.765	9.404	0.999	0.184
06	0.659	21.773	3.648	0.971	0.498
07	0.706	16.788	3.358	0.977	0.553
08	0.761	23.858	3.926	0.975	0.624
09	0.317	14.205	2.482	0.792	0.198
10	0.501	24.525	6.800	0.996	0.335
11	0.587	25.132	2.579	0.890	0.437
12	0.740	18.173	3.462	0.980	0.594
13	0.773	28.228	2.895	0.904	0.675
15	0.732	18.330	1.988	0.824	0.658
17	0.770	65.879	4.014	0.860	0.698
18	0.803	14.055	1.383	0.914	0.717
19	0.176	98.818	29.962	0.312	0.123
20	0.682	115.046	13.574	0.665	0.700
21	0.810	17.805	2.101	0.871	0.756
22	0.257	46.094	7.578	0.167	0.552
23	0.498	93.272	9.245	0.480	0.517
25	0.446	95.212	8.586	0.316	0.760
26	0.674	22.000	2.622	0.642	0.710
28	0.802	23.533	1.848	0.883	0.735
29	0.691	44.474	5.349	0.755	0.638
30	0.353	30.160	6.347	0.955	0.217
31	0.509	32.555	4.531	0.949	0.348
32	0.503	69.424	11.587	0.495	0.511
33	0.503	24.719	3.747	0.903	0.349
34	0.658	12.220	2.082	0.875	0.527
35	0.651	15.522	4.040	0.968	0.491
36	0.823	12.457	1.638	0.808	0.839
37	0.014	64.716	20.741	0.008	0.088
39	0.373	31.661	4.681	0.457	0.315
40	0.226	40.522	8.964	0.912	0.129
41	0.118	49.747	12.669	0.814	0.064
42	0.397	67.401	19.329	0.455	0.352
43	0.651	20.829	4.134	0.982	0.487
44	0.000	83.596	67.538	0.000	0.000
45	0.236	63.529	12.354	0.342	0.181
DM  average	0.524284886324 +/- 0.230412656421
HD  average	41.8812432183 +/- 28.3667430669
ASSD average	8.68930024832 +/- 11.3973472322
Prec. average	0.726516382675 +/- 0.286012038286
Rec. average	0.466180255938 +/- 0.228976133204
