INFO: Extracting the features
INFO: Drawing a training set for each leave-one-out case using stratified random sampling
INFO: Training random decision forests
INFO: Applying random decision forests to segment lesion
INFO: Morphological post-processing
INFO: Compute overall evaluation
Metrics:
Case	DC[0,1]	HD(mm)	P2C(mm)	prec.	recall
03	0.636	34.234	6.760	0.973	0.473
04	0.715	68.352	8.398	0.648	0.797
05	0.335	36.932	11.133	0.996	0.201
06	0.805	20.494	2.948	0.914	0.720
07	0.879	12.961	1.776	0.948	0.820
08	0.689	27.350	5.479	0.985	0.529
09	0.567	76.263	8.448	0.445	0.783
10	0.490	28.071	7.434	0.991	0.325
11	0.582	44.045	6.145	0.948	0.420
12	0.825	15.362	2.446	0.967	0.720
13	0.813	25.690	2.817	0.909	0.736
15	0.809	15.362	2.023	0.823	0.795
17	0.810	15.620	2.534	0.784	0.838
18	0.786	17.205	2.544	0.859	0.725
19	0.562	71.694	7.397	0.441	0.772
20	0.811	70.795	9.649	0.768	0.859
21	0.831	18.547	2.068	0.930	0.751
22	0.306	21.354	6.648	0.234	0.444
23	0.405	98.102	19.617	0.289	0.673
25	0.595	80.548	8.059	0.492	0.753
26	0.713	20.881	2.701	0.599	0.881
28	0.823	26.000	2.722	0.816	0.831
29	0.737	45.166	4.222	0.834	0.661
30	0.499	22.450	5.609	0.956	0.338
31	0.744	17.889	2.194	0.848	0.663
32	0.537	68.235	13.098	0.477	0.613
33	0.613	48.083	6.011	0.831	0.485
34	0.724	39.294	6.191	0.660	0.803
35	0.816	12.649	2.600	0.955	0.712
36	0.845	12.806	2.026	0.808	0.886
37	0.000	59.262	33.273	0.000	0.000
39	0.627	11.489	2.641	0.647	0.608
40	0.163	51.342	10.802	0.958	0.089
41	0.064	54.332	14.792	0.949	0.033
42	0.592	14.560	3.039	0.925	0.435
43	0.724	68.147	5.429	0.924	0.595
44	0.123	25.768	5.612	1.000	0.066
45	0.477	18.868	5.078	0.627	0.385
DM  average	0.607178726846 +/- 0.229533513988
HD  average	37.2685756748 +/- 23.4879723714
ASSD average	6.64110289851 +/- 5.89085528107
Prec. average	0.767264716325 +/- 0.240648402091
Rec. average	0.584693163506 +/- 0.250730374795
INFO: Done.
