Metrics:
Case	DC[0,1]	HD(mm)	P2C(mm)	prec.	recall
03	0.586	35.869	7.016	0.966	0.420
04	0.647	13.617	2.729	0.700	0.601
05	0.287	35.597	12.474	0.999	0.168
06	0.717	21.976	3.624	0.910	0.591
07	0.831	12.505	2.179	0.920	0.758
08	0.714	33.675	6.020	0.954	0.570
09	0.057	29.886	7.213	0.629	0.030
10	0.298	35.390	10.893	0.998	0.175
11	0.497	24.547	3.802	0.931	0.339
12	0.732	16.203	3.783	0.979	0.584
13	0.689	21.542	3.928	0.936	0.545
15	0.758	20.344	1.812	0.852	0.683
17	0.690	55.275	5.500	0.792	0.612
18	0.207	46.791	12.694	0.198	0.217
19	0.477	16.627	3.187	0.562	0.414
20	0.743	11.164	2.156	0.860	0.654
21	0.800	18.191	2.036	0.897	0.723
22	0.136	25.101	7.016	0.199	0.103
23	0.465	24.896	3.664	0.728	0.341
25	0.350	74.329	15.721	0.508	0.266
26	0.668	19.189	2.736	0.570	0.806
28	0.770	28.395	3.099	0.804	0.738
29	0.601	41.223	4.518	0.825	0.473
30	0.059	91.856	19.364	0.963	0.030
31	0.037	51.082	11.309	0.642	0.019
32	0.679	19.254	3.585	0.594	0.792
33	0.690	23.029	2.714	0.785	0.615
34	0.765	11.000	1.552	0.843	0.700
35	0.769	17.070	3.204	0.927	0.656
36	0.769	13.318	1.885	0.826	0.720
37	0.000	69.065	48.382	0.000	0.000
39	0.038	27.338	5.451	1.000	0.020
40	0.337	47.272	9.746	0.987	0.203
41	0.042	48.631	14.283	0.957	0.022
42	0.000	109.682	73.736	0.000	0.000
43	0.600	23.173	5.267	0.934	0.442
44	0.000	 inf	 inf	0.000	0.000
45	0.351	26.443	7.277	0.473	0.279
WARNING: Average values only computed on 37 of 38 cases!
DM  average	0.482593983346 +/- 0.278564374364
HD  average	33.5282338126 +/- 22.2723655048
ASSD average	9.06911010532 +/- 13.4823331604
Prec. average	0.747302911801 +/- 0.271062291089
Rec. average	0.41382559651 +/- 0.2677210248t

