Metrics:
Case	DC[0,1]	HD(mm)	P2C(mm)	prec.	recall
03	0.664	33.280	6.169	0.948	0.511
04	0.663	11.918	3.130	0.668	0.658
05	0.338	30.203	11.144	0.999	0.204
06	0.757	17.913	3.005	0.884	0.662
07	0.855	10.865	1.623	0.936	0.787
08	0.743	27.318	5.093	0.960	0.606
09	0.073	31.469	12.805	0.090	0.061
10	0.487	29.679	7.884	0.993	0.323
11	0.509	28.907	4.027	0.927	0.351
12	0.786	23.007	2.993	0.963	0.663
13	0.758	22.015	3.276	0.783	0.735
15	0.782	19.560	1.831	0.801	0.763
17	0.767	49.887	4.113	0.799	0.737
18	0.762	11.082	1.872	0.840	0.697
19	0.555	12.910	2.435	0.717	0.453
20	0.758	8.790	1.615	0.830	0.697
21	0.824	17.703	1.655	0.890	0.767
22	0.373	31.754	5.191	0.276	0.574
23	0.503	18.446	3.747	0.501	0.506
25	0.485	73.888	8.790	0.489	0.481
26	0.660	21.793	2.399	0.626	0.697
28	0.783	28.395	2.802	0.796	0.771
29	0.666	40.540	3.824	0.831	0.556
30	0.291	35.514	8.114	0.998	0.170
31	0.433	31.220	5.491	0.830	0.293
32	0.690	64.830	6.358	0.618	0.780
33	0.741	21.356	2.136	0.819	0.676
34	0.724	11.867	1.685	0.833	0.641
35	0.786	17.047	2.935	0.930	0.681
36	0.800	12.551	1.613	0.778	0.822
37	0.000	59.119	47.858	0.000	0.000
39	0.544	17.662	2.256	0.688	0.449
40	0.213	49.986	11.348	0.990	0.119
41	0.187	46.830	11.331	0.969	0.103
42	0.000	79.226	35.987	0.000	0.000
43	0.717	19.237	3.605	0.931	0.583
44	0.000	 inf	 inf	0.000	0.000
45	0.487	29.720	6.396	0.477	0.497
WARNING: Average values only computed on 37 of 38 cases!
DM  average	0.571877259594 +/- 0.23863135774
HD  average	29.661892183 +/- 17.4844473944
ASSD average	6.71719107366 +/- 9.06492118543
Prec. average	0.740751744349 +/- 0.2684175755
Rec. average	0.515464650859 +/- 0.242624456199
