INFO: Extracting the features
INFO: Drawing a training set for each leave-one-out case using stratified random sampling
INFO: Training random decision forests
INFO: Applying random decision forests to segment lesion
INFO: Morphological post-processing
INFO: Compute overall evaluation
Metrics:
Case	DC[0,1]	HD(mm)	P2C(mm)	prec.	recall
03	0.593	34.130	6.096	0.973	0.426
04	0.625	84.333	12.874	0.542	0.737
05	0.311	26.765	9.381	0.999	0.184
06	0.705	17.967	2.563	0.948	0.561
07	0.748	16.788	2.506	0.964	0.612
08	0.763	23.478	3.885	0.975	0.626
09	0.317	14.205	2.479	0.786	0.199
10	0.530	22.378	6.141	0.992	0.361
11	0.588	25.132	2.557	0.891	0.439
12	0.742	18.173	3.441	0.980	0.597
13	0.773	28.303	2.888	0.903	0.676
15	0.732	18.070	1.975	0.824	0.659
17	0.772	65.879	4.006	0.860	0.701
18	0.806	14.055	1.367	0.914	0.720
19	0.171	98.411	29.936	0.315	0.118
20	0.744	114.985	12.411	0.686	0.812
21	0.844	13.660	1.475	0.853	0.835
22	0.319	43.039	6.576	0.210	0.661
23	0.499	93.532	9.251	0.479	0.519
25	0.448	95.323	8.576	0.317	0.765
26	0.688	16.500	2.156	0.641	0.741
28	0.802	23.576	1.852	0.880	0.737
29	0.693	44.620	5.347	0.755	0.641
30	0.383	29.934	5.561	0.987	0.238
31	0.498	32.272	4.480	0.955	0.337
32	0.531	68.767	11.305	0.477	0.600
33	0.496	25.051	3.670	0.904	0.342
34	0.684	13.794	2.211	0.878	0.560
35	0.695	14.141	2.940	0.983	0.537
36	0.806	12.457	2.043	0.753	0.866
37	0.014	64.668	20.167	0.008	0.082
39	0.475	27.085	3.469	0.575	0.405
40	0.253	41.346	8.514	0.983	0.145
41	0.130	50.612	11.763	0.824	0.071
42	0.398	67.495	19.336	0.455	0.353
43	0.643	21.218	4.144	0.985	0.478
44	0.000	83.596	67.530	0.000	0.000
45	0.233	63.116	12.451	0.345	0.176
DM  average	0.538190478879 +/- 0.230872062268
HD  average	41.2857490168 +/- 28.7047229521
ASSD average	8.40319226605 +/- 11.4308066893
Prec. average	0.731521395646 +/- 0.282867829369
Rec. average	0.487241926877 +/- 0.239666039472
INFO: Done.
