INFO: Extracting the features
INFO: Drawing a training set for each leave-one-out case using stratified random sampling
INFO: Training random decision forests
INFO: Applying random decision forests to segment lesion
INFO: Morphological post-processing
INFO: Compute overall evaluation
Metrics:
Case	DC[0,1]	HD(mm)	P2C(mm)	prec.	recall
03	0.650	34.598	6.511	0.965	0.490
04	0.774	13.748	2.490	0.787	0.761
05	0.363	34.073	10.742	0.999	0.222
06	0.807	19.442	2.921	0.899	0.733
07	0.879	11.225	1.956	0.901	0.858
08	0.731	24.556	4.870	0.983	0.581
09	0.664	14.697	2.496	0.638	0.691
10	0.516	27.821	6.979	0.986	0.350
11	0.574	29.698	4.166	0.967	0.408
12	0.830	22.450	2.608	0.959	0.731
13	0.817	23.622	2.875	0.859	0.780
15	0.808	13.748	2.047	0.831	0.787
17	0.790	17.234	3.137	0.727	0.864
18	0.858	12.369	1.574	0.916	0.807
19	0.692	17.748	2.896	0.709	0.677
20	0.891	8.485	1.274	0.907	0.876
21	0.820	16.432	2.298	0.928	0.735
22	0.263	23.622	7.405	0.196	0.400
23	0.560	96.840	13.110	0.517	0.610
25	0.617	23.622	3.666	0.512	0.776
26	0.689	19.672	3.243	0.559	0.899
28	0.834	28.302	2.675	0.822	0.846
29	0.723	44.193	4.183	0.857	0.626
30	0.688	18.493	4.339	0.951	0.539
31	0.620	21.213	3.503	0.844	0.490
32	0.650	61.919	5.880	0.652	0.648
33	0.681	15.588	3.239	0.902	0.547
34	0.817	10.817	1.725	0.865	0.774
35	0.841	15.588	2.446	0.954	0.753
36	0.863	13.748	1.827	0.857	0.869
37	0.000	56.125	46.321	0.000	0.000
39	0.559	19.209	2.854	0.780	0.435
40	0.352	45.497	8.754	0.964	0.216
41	0.077	54.663	13.467	0.960	0.040
42	0.430	81.443	16.973	0.450	0.412
43	0.730	16.432	3.737	0.963	0.587
44	0.000	 inf	 inf	0.000	0.000
45	0.421	34.337	7.519	0.330	0.580
WARNING: Average values only computed on 37 of 38 cases!
DM  average	0.645359292676 +/- 0.214913653634
HD  average	28.1964876349 +/- 19.5762191274
ASSD average	5.91103916881 +/- 7.64162347524
Prec. average	0.78091875379 +/- 0.233680737475
Rec. average	0.605291222405 +/- 0.227923080449
INFO: Done.
