03	0.561	35.869	7.109	0.970	0.395
04	0.639	13.617	2.810	0.714	0.579
05	0.287	35.597	12.236	0.999	0.168
06	0.717	21.976	3.661	0.901	0.596
07	0.828	12.505	2.209	0.915	0.757
08	0.714	33.675	6.071	0.954	0.571
09	0.130	25.379	5.688	0.537	0.074
10	0.296	35.390	11.157	0.997	0.174
11	0.510	24.547	3.845	0.924	0.353
12	0.738	17.884	3.711	0.977	0.593
13	0.689	21.542	3.903	0.940	0.544
15	0.744	20.344	1.911	0.851	0.662
17	0.691	55.275	5.518	0.786	0.616
18	0.228	47.095	12.742	0.226	0.229
19	0.510	15.932	3.018	0.611	0.438
20	0.730	11.325	2.339	0.849	0.640
21	0.801	18.450	2.060	0.898	0.722
22	0.087	25.897	9.131	0.108	0.072
23	0.514	24.541	3.435	0.734	0.395
25	0.350	74.329	15.795	0.510	0.266
26	0.641	20.486	3.076	0.536	0.798
28	0.775	27.980	2.980	0.809	0.744
29	0.603	42.409	4.723	0.808	0.481
30	0.068	91.856	19.332	0.988	0.035
31	0.051	42.464	9.615	0.669	0.027
32	0.689	19.254	3.537	0.606	0.799
33	0.667	23.029	2.866	0.780	0.583
34	0.773	10.762	1.393	0.853	0.707
35	0.774	17.070	3.051	0.930	0.663
36	0.771	16.176	1.871	0.841	0.711
37	0.000	69.065	47.571	0.000	0.000
39	0.000	 inf	 inf	0.000	0.000
40	0.309	47.908	9.867	0.994	0.183
41	0.062	45.145	13.727	0.996	0.032
42	0.000	 inf	 inf	0.000	0.000
43	0.605	23.752	5.297	0.936	0.447
44	0.000	 inf	 inf	0.000	0.000
45	0.324	26.443	7.677	0.462	0.250
WARNING: Average values only computed on 35 of 38 cases!
DM  average	0.510809772938 +/- 0.258844429831
HD  average	31.2848097545 +/- 18.4586699534
ASSD average	7.28373214429 +/- 8.18549867172
Prec. average	0.760326380365 +/- 0.251868226585
Rec. average	0.437195569115 +/- 0.253995042359
