INFO: Compute overall evaluation
Metrics:
Case	DC[0,1]	HD(mm)	P2C(mm)	prec.	recall
03	0.657	35.369	6.457	0.970	0.496
04	0.769	13.416	2.571	0.773	0.766
05	0.368	34.073	10.796	0.999	0.225
06	0.816	19.442	2.846	0.893	0.752
07	0.882	11.225	1.886	0.908	0.857
08	0.743	22.450	4.631	0.983	0.597
09	0.642	76.191	7.075	0.588	0.707
10	0.528	28.460	6.758	0.987	0.361
11	0.566	29.547	4.107	0.968	0.400
12	0.833	17.234	2.422	0.962	0.735
13	0.817	24.920	2.922	0.866	0.773
15	0.804	13.748	2.123	0.826	0.784
17	0.789	16.155	3.161	0.725	0.866
18	0.853	15.000	1.643	0.905	0.806
19	0.697	17.234	2.882	0.689	0.705
20	0.877	8.485	1.469	0.883	0.871
21	0.834	17.234	2.199	0.925	0.759
22	0.278	19.209	7.088	0.212	0.403
23	0.541	96.979	13.470	0.513	0.572
25	0.602	47.812	4.713	0.494	0.773
26	0.701	20.125	3.144	0.578	0.890
28	0.831	26.153	2.657	0.823	0.838
29	0.731	43.474	4.103	0.849	0.642
30	0.686	18.000	4.437	0.958	0.534
31	0.615	19.209	3.183	0.846	0.483
32	0.657	61.919	5.582	0.651	0.664
33	0.711	15.297	3.012	0.908	0.585
34	0.806	12.728	1.823	0.868	0.753
35	0.842	15.588	2.408	0.955	0.753
36	0.855	13.748	1.942	0.843	0.867
37	0.000	55.723	46.268	0.000	0.000
39	0.464	19.442	3.397	0.836	0.321
40	0.354	45.497	8.581	0.964	0.217
41	0.108	53.498	12.660	0.972	0.057
42	0.485	57.784	11.928	0.575	0.419
43	0.735	19.209	3.703	0.955	0.597
44	0.000	 inf	 inf	0.000	0.000
45	0.431	34.337	7.393	0.340	0.590
WARNING: Average values only computed on 37 of 38 cases!
DM  average	0.646191716782 +/- 0.212028335823
HD  average	29.6193536278 +/- 19.8526150192
ASSD average	5.87671677221 +/- 7.43814285123
Prec. average	0.783457005151 +/- 0.229708853015
Rec. average	0.605886566218 +/- 0.229212903253
