Metrics:
Case	DC[0,1]	HD(mm)	P2C(mm)	prec.	recall
03	0.579	34.565	6.316	0.980	0.411
04	0.594	83.688	13.832	0.489	0.757
05	0.316	36.122	10.191	0.999	0.188
06	0.672	17.594	3.474	0.977	0.512
07	0.790	15.416	2.445	0.957	0.672
08	0.763	24.127	3.948	0.973	0.628
09	0.118	75.330	11.973	0.583	0.066
10	0.530	23.894	6.501	0.994	0.361
11	0.506	46.304	6.115	0.973	0.342
12	0.732	17.558	3.587	0.983	0.583
13	0.791	27.474	2.791	0.895	0.708
15	0.769	18.291	1.677	0.842	0.708
17	0.790	49.948	3.251	0.847	0.740
18	0.778	15.913	1.691	0.943	0.662
19	0.000	123.165	98.647	0.000	0.000
20	0.661	113.573	19.840	0.622	0.704
21	0.806	16.729	2.163	0.881	0.743
22	0.240	30.577	7.174	0.171	0.405
23	0.556	95.495	10.552	0.515	0.605
25	0.441	94.891	8.168	0.310	0.762
26	0.648	27.665	3.219	0.568	0.754
28	0.801	26.771	2.069	0.888	0.729
29	0.675	61.932	8.851	0.718	0.638
30	0.365	32.139	6.439	0.971	0.225
31	0.463	33.692	5.505	0.944	0.307
32	0.455	66.628	12.703	0.446	0.464
33	0.553	22.416	3.578	0.913	0.396
34	0.660	11.130	2.071	0.893	0.524
35	0.690	15.100	3.732	0.961	0.539
36	0.814	13.714	1.782	0.795	0.833
37	0.000	68.686	25.893	0.000	0.000
39	0.369	58.829	8.826	0.365	0.373
40	0.199	40.625	9.443	0.902	0.112
41	0.117	59.375	15.823	0.735	0.063
42	0.301	67.188	21.466	0.314	0.289
43	0.682	24.235	4.180	0.948	0.533
44	0.000	83.414	66.834	0.000	0.000
45	0.316	30.952	8.325	0.492	0.233
DM  average	0.514273572456 +/- 0.250000947191
HD  average	44.8721854355 +/- 29.6470974046
ASSD average	11.449298919 +/- 18.1142785613
Prec. average	0.704952446442 +/- 0.308418267326
Rec. average	0.462352030648 +/- 0.249288195111

