Metrics:
Case	DC[0,1]	HD(mm)	P2C(mm)	prec.	recall
03	0.574	35.339	6.445	0.981	0.406
04	0.586	81.771	14.102	0.482	0.749
05	0.308	35.966	10.257	1.000	0.182
06	0.672	21.479	3.579	0.976	0.512
07	0.780	15.723	2.555	0.960	0.656
08	0.766	23.362	3.953	0.974	0.631
09	0.145	25.318	9.004	0.408	0.088
10	0.526	23.684	6.542	0.995	0.358
11	0.518	46.270	6.027	0.973	0.353
12	0.737	17.087	3.451	0.981	0.591
13	0.792	26.925	2.799	0.900	0.706
15	0.767	19.877	1.672	0.846	0.702
17	0.782	50.037	3.400	0.834	0.737
18	0.777	15.133	1.705	0.941	0.661
19	0.000	123.410	98.722	0.000	0.000
20	0.643	114.320	22.685	0.586	0.712
21	0.815	17.553	2.027	0.891	0.751
22	0.247	30.577	6.954	0.175	0.418
23	0.528	95.997	12.550	0.500	0.559
25	0.438	94.656	9.588	0.304	0.781
26	0.651	23.925	3.144	0.576	0.748
28	0.796	27.471	2.138	0.885	0.723
29	0.676	61.818	8.692	0.727	0.631
30	0.356	30.735	6.800	0.974	0.218
31	0.448	33.720	5.535	0.955	0.292
32	0.456	67.223	12.856	0.477	0.437
33	0.545	22.541	3.641	0.911	0.389
34	0.683	11.000	1.971	0.888	0.554
35	0.692	16.209	3.724	0.958	0.542
36	0.817	14.099	1.744	0.800	0.833
37	0.000	69.183	26.020	0.000	0.000
39	0.341	59.096	9.385	0.345	0.337
40	0.206	40.522	9.325	0.921	0.116
41	0.117	58.727	16.561	0.710	0.064
42	0.308	67.206	21.553	0.329	0.289
43	0.671	24.713	4.424	0.945	0.520
44	0.000	83.327	67.140	0.000	0.000
45	0.293	30.360	8.049	0.504	0.207
DM  average	0.511998539238 +/- 0.249378135159
HD  average	43.5883402749 +/- 29.3310528752
ASSD average	11.597865466 +/- 18.1935600386
Prec. average	0.700354988111 +/- 0.311967341888
Rec. average	0.459315295944 +/- 0.249245810722
