Metrics:
Case	DC[0,1]	HD(mm)	P2C(mm)	prec.	recall
03	0.582	33.893	6.061	0.976	0.414
04	0.635	80.376	11.810	0.554	0.744
05	0.304	26.019	9.491	1.000	0.179
06	0.658	22.609	3.659	0.977	0.496
07	0.703	17.224	3.368	0.976	0.549
08	0.764	24.086	3.708	0.976	0.627
09	0.371	14.141	2.240	0.804	0.241
10	0.506	24.037	6.780	0.996	0.339
11	0.585	24.216	2.535	0.903	0.433
12	0.747	17.448	3.292	0.977	0.605
13	0.774	28.979	2.915	0.904	0.676
15	0.738	18.070	1.876	0.836	0.661
17	0.771	66.070	4.264	0.842	0.710
18	0.801	14.169	1.423	0.925	0.707
19	0.182	98.765	22.562	0.405	0.118
20	0.685	115.108	13.402	0.666	0.704
21	0.805	17.374	2.076	0.880	0.742
22	0.252	42.580	7.452	0.165	0.528
23	0.511	93.492	8.734	0.484	0.542
25	0.464	91.093	6.618	0.335	0.756
26	0.677	22.000	2.439	0.650	0.707
28	0.795	23.392	2.021	0.871	0.731
29	0.681	63.737	7.078	0.726	0.641
30	0.348	32.088	6.500	0.960	0.213
31	0.492	31.577	4.973	0.956	0.331
32	0.500	67.887	11.648	0.501	0.499
33	0.483	23.385	3.955	0.911	0.328
34	0.660	12.220	2.031	0.871	0.532
35	0.641	16.500	4.322	0.968	0.479
36	0.826	12.136	1.622	0.806	0.847
37	0.012	64.897	21.740	0.006	0.078
39	0.388	33.000	4.829	0.472	0.329
40	0.242	40.522	8.624	0.914	0.139
41	0.107	61.414	16.412	0.706	0.058
42	0.397	67.304	18.554	0.489	0.334
43	0.660	21.299	4.071	0.979	0.498
44	0.000	83.378	69.648	0.000	0.000
45	0.271	29.565	9.064	0.401	0.205
DM  average	0.526774727116 +/- 0.228306958755
HD  average	41.4750661668 +/- 28.2073040392
ASSD average	8.52101922227 +/- 11.4157609516
Prec. average	0.730819290916 +/- 0.278981090722
Rec. average	0.466314971691 +/- 0.228693343772
