Metrics:
Case	DC[0,1]	HD(mm)	P2C(mm)	prec.	recall
03	0.636	33.110	6.539	0.964	0.475
04	0.708	12.261	2.747	0.744	0.675
05	0.353	32.665	11.119	1.000	0.214
06	0.778	18.424	2.721	0.886	0.694
07	0.868	12.537	1.555	0.916	0.825
08	0.713	23.472	5.452	0.980	0.560
09	0.625	11.986	1.828	0.622	0.628
10	0.504	28.441	7.816	0.992	0.338
11	0.537	29.587	4.025	0.911	0.381
12	0.819	22.673	2.634	0.967	0.711
13	0.784	23.620	2.950	0.848	0.729
15	0.779	17.507	1.959	0.816	0.745
17	0.779	16.604	2.724	0.729	0.836
18	0.781	11.119	1.852	0.852	0.722
19	0.654	17.456	2.483	0.675	0.634
20	0.819	7.623	1.104	0.848	0.793
21	0.814	16.886	1.610	0.943	0.716
22	0.290	23.749	6.336	0.221	0.422
23	0.578	94.838	10.701	0.547	0.612
25	0.570	26.378	3.411	0.481	0.700
26	0.652	20.153	2.723	0.538	0.826
28	0.811	27.752	2.295	0.818	0.805
29	0.693	43.189	3.983	0.822	0.599
30	0.683	18.886	3.991	0.971	0.527
31	0.576	20.369	3.527	0.809	0.447
32	0.650	60.251	5.247	0.675	0.628
33	0.670	17.720	2.612	0.907	0.532
34	0.767	12.103	1.587	0.834	0.710
35	0.824	16.500	2.328	0.953	0.727
36	0.826	11.680	1.305	0.830	0.823
37	0.000	56.293	45.854	0.000	0.000
39	0.563	20.327	2.154	0.801	0.435
40	0.349	44.311	8.835	0.985	0.212
41	0.073	57.346	13.386	0.954	0.038
42	0.417	80.011	15.969	0.444	0.393
43	0.726	18.192	3.324	0.971	0.580
44	0.000	 inf	 inf	0.000	0.000
45	0.421	35.336	7.893	0.342	0.547
WARNING: Average values only computed on 37 of 38 cases!
DM  average	0.624151574558 +/- 0.203990616509
HD  average	28.1447525624 +/- 19.2341048861
ASSD average	5.63728956185 +/- 7.567117849
Prec. average	0.772822824286 +/- 0.23075294728
Rec. average	0.573986105582 +/- 0.210693863058

