INFO: Extracting the features
INFO: Drawing a training set for each leave-one-out case using stratified random sampling
INFO: Training random decision forests
INFO: Applying random decision forests to segment lesion
INFO: Morphological post-processing
INFO: Compute overall evaluation
Metrics:
Case	DC[0,1]	HD(mm)	P2C(mm)	prec.	recall
03	0.589	35.355	7.019	0.971	0.423
04	0.792	10.000	2.305	0.827	0.759
05	0.321	32.787	11.262	0.996	0.191
06	0.801	18.708	3.152	0.906	0.719
07	0.859	11.180	2.323	0.906	0.816
08	0.759	30.414	4.833	0.964	0.626
09	0.273	20.616	4.902	0.750	0.167
10	0.319	36.742	10.001	0.990	0.190
11	0.661	18.708	3.014	0.973	0.500
12	0.799	18.028	2.763	0.972	0.678
13	0.730	22.913	3.897	0.914	0.608
15	0.809	16.583	2.189	0.831	0.788
17	0.759	54.314	5.684	0.783	0.736
18	0.263	45.277	12.580	0.239	0.292
19	0.576	15.000	3.680	0.625	0.534
20	0.872	11.180	1.502	0.907	0.839
21	0.853	17.321	2.181	0.894	0.816
22	0.220	22.913	8.126	0.259	0.192
23	0.591	21.213	3.466	0.722	0.500
25	0.543	80.623	12.541	0.714	0.438
26	0.650	18.708	3.530	0.532	0.835
28	0.800	26.926	3.220	0.795	0.805
29	0.703	39.051	4.082	0.837	0.606
30	0.078	90.139	19.625	0.986	0.041
31	0.107	36.742	9.251	0.850	0.057
32	0.654	22.361	4.629	0.544	0.821
33	0.706	22.361	3.565	0.735	0.679
34	0.760	11.180	2.257	0.770	0.750
35	0.835	15.000	2.756	0.959	0.740
36	0.863	18.028	2.020	0.853	0.872
37	0.000	66.895	47.896	0.000	0.000
39	0.000	 inf	 inf	0.000	0.000
40	0.328	47.697	9.618	0.988	0.197
41	0.076	43.589	13.272	1.000	0.039
42	0.000	 inf	 inf	0.000	0.000
43	0.660	20.616	4.762	0.979	0.498
44	0.000	 inf	 inf	0.000	0.000
45	0.316	28.284	8.498	0.379	0.272
WARNING: Average values only computed on 35 of 38 cases!
DM  average	0.56925740764 +/- 0.264768076999
HD  average	29.9272102726 +/- 18.8813384707
ASSD average	7.04009201742 +/- 8.12632968317
Prec. average	0.781416133557 +/- 0.240384993224
Rec. average	0.514915277508 +/- 0.27743545656
INFO: Done.
