Metrics:
Case	DC[0,1]	HD(mm)	P2C(mm)	prec.	recall
03	0.638	32.295	6.307	0.973	0.474
04	0.646	67.383	9.135	0.587	0.718
05	0.335	36.769	10.658	0.996	0.201
06	0.788	19.067	2.604	0.905	0.697
07	0.877	12.236	1.445	0.948	0.817
08	0.703	24.412	5.266	0.992	0.544
09	0.528	74.906	7.683	0.416	0.724
10	0.488	26.452	7.822	0.995	0.323
11	0.583	43.183	5.170	0.940	0.423
12	0.825	15.416	2.566	0.965	0.720
13	0.794	24.705	2.886	0.885	0.721
15	0.793	15.882	1.693	0.801	0.785
17	0.810	16.610	2.038	0.775	0.848
18	0.747	17.461	2.689	0.809	0.695
19	0.514	71.317	7.646	0.403	0.708
20	0.791	70.247	8.883	0.751	0.836
21	0.835	18.192	1.390	0.944	0.748
22	0.310	21.832	6.241	0.239	0.441
23	0.410	97.688	17.297	0.293	0.680
25	0.571	78.994	6.821	0.475	0.715
26	0.702	20.058	2.205	0.591	0.864
28	0.821	26.019	2.205	0.813	0.830
29	0.738	43.084	3.522	0.833	0.662
30	0.502	22.000	5.026	0.963	0.340
31	0.751	15.429	1.495	0.852	0.672
32	0.544	67.726	12.301	0.480	0.628
33	0.578	46.397	5.402	0.779	0.459
34	0.690	37.772	5.744	0.625	0.772
35	0.813	12.578	2.335	0.960	0.705
36	0.828	10.967	1.443	0.797	0.861
37	0.000	56.770	32.422	0.000	0.000
39	0.599	12.910	2.281	0.599	0.599
40	0.163	50.444	10.417	0.972	0.089
41	0.064	56.054	14.508	0.937	0.033
42	0.586	14.960	2.276	0.898	0.435
43	0.759	67.007	3.994	0.961	0.628
44	0.081	25.468	5.788	1.000	0.042
45	0.440	19.725	5.905	0.589	0.351
DM  average	0.595915402992 +/- 0.229567097696
HD  average	36.5898219059 +/- 23.2645381821
ASSD average	6.19759786177 +/- 5.7341162197
Prec. average	0.756332515262 +/- 0.245542444808
Rec. average	0.573329465592 +/- 0.245163060648
