INFO: Extracting the features
INFO: Drawing a training set for each leave-one-out case using stratified random sampling
INFO: Training random decision forests
INFO: Applying random decision forests to segment lesion
INFO: Morphological post-processing
INFO: Compute overall evaluation
Metrics:
Case	DC[0,1]	HD(mm)	P2C(mm)	prec.	recall
03	0.692	32.496	5.768	0.955	0.543
04	0.744	11.314	2.812	0.739	0.749
05	0.347	31.241	11.027	0.994	0.210
06	0.803	17.436	3.036	0.897	0.727
07	0.880	9.798	1.924	0.914	0.849
08	0.782	28.284	4.236	0.969	0.656
09	0.093	70.880	16.560	0.087	0.100
10	0.495	33.226	7.467	0.988	0.331
11	0.631	21.541	3.046	0.986	0.464
12	0.820	21.909	2.647	0.961	0.715
13	0.787	24.658	3.509	0.775	0.800
15	0.800	13.266	2.321	0.797	0.802
17	0.802	52.307	4.677	0.799	0.804
18	0.832	12.000	1.875	0.894	0.779
19	0.602	14.422	3.121	0.685	0.536
20	0.864	11.314	1.652	0.886	0.843
21	0.854	17.889	2.126	0.899	0.812
22	0.385	32.741	6.410	0.277	0.631
23	0.468	17.889	5.200	0.418	0.531
25	0.591	54.259	5.687	0.541	0.651
26	0.738	21.541	2.548	0.663	0.831
28	0.836	28.284	2.586	0.828	0.844
29	0.729	39.598	3.837	0.864	0.630
30	0.308	33.466	8.461	0.984	0.183
31	0.519	31.496	5.352	0.931	0.360
32	0.663	65.115	7.333	0.567	0.799
33	0.752	16.971	2.826	0.768	0.737
34	0.808	11.314	1.756	0.866	0.757
35	0.847	16.000	2.394	0.970	0.752
36	0.838	14.422	2.402	0.782	0.903
37	0.000	64.125	47.543	0.000	0.000
39	0.656	14.967	2.302	0.792	0.559
40	0.245	52.612	10.773	0.977	0.140
41	0.200	44.721	11.006	0.975	0.111
42	0.000	85.697	36.428	0.000	0.000
43	0.758	18.330	3.528	0.952	0.629
44	0.000	 inf	 inf	0.000	0.000
45	0.498	28.844	6.209	0.463	0.538
WARNING: Average values only computed on 37 of 38 cases!
DM  average	0.612625884925 +/- 0.251520801
HD  average	30.1722304791 +/- 18.8052255482
ASSD average	6.82123035103 +/- 9.10027433485
Prec. average	0.752544414412 +/- 0.275386513949
Rec. average	0.575884147868 +/- 0.264185215367
INFO: Done.
