INFO: Extracting the features
INFO: Drawing a training set for each leave-one-out case using stratified random sampling
INFO: Training random decision forests
INFO: Applying random decision forests to segment lesion
INFO: Morphological post-processing
INFO: Compute overall evaluation
Metrics:
Case	DC[0,1]	HD(mm)	P2C(mm)	prec.	recall
03	0.583	33.900	6.052	0.975	0.415
04	0.643	84.333	11.993	0.560	0.754
05	0.314	26.278	9.416	0.999	0.186
06	0.694	36.593	3.633	0.963	0.542
07	0.847	36.761	2.212	0.926	0.780
08	0.787	21.501	3.337	0.973	0.660
09	0.348	76.277	9.966	0.464	0.278
10	0.512	23.936	6.537	0.991	0.345
11	0.616	18.684	1.948	0.926	0.462
12	0.761	17.854	3.109	0.977	0.624
13	0.781	36.791	3.018	0.869	0.709
15	0.749	17.646	1.912	0.799	0.704
17	0.775	73.609	4.670	0.816	0.738
18	0.801	13.990	1.441	0.908	0.716
19	0.000	74.033	37.283	0.000	0.000
20	0.667	119.139	22.366	0.559	0.825
21	0.859	13.930	1.088	0.929	0.799
22	0.197	87.307	18.566	0.124	0.485
23	0.533	93.492	8.733	0.506	0.562
25	0.439	95.437	10.164	0.307	0.768
26	0.689	20.667	2.444	0.623	0.771
28	0.797	23.632	1.944	0.882	0.726
29	0.714	41.018	3.739	0.766	0.668
30	0.305	66.715	9.143	0.967	0.181
31	0.369	39.362	6.677	0.990	0.227
32	0.590	66.526	9.326	0.562	0.620
33	0.454	23.964	4.245	0.904	0.303
34	0.720	11.867	1.929	0.872	0.613
35	0.752	13.682	2.800	0.990	0.606
36	0.829	47.054	2.464	0.804	0.855
37	0.000	58.980	23.464	0.000	0.000
39	0.477	14.817	2.812	0.675	0.368
40	0.135	48.311	11.547	0.995	0.072
41	0.025	48.852	14.562	1.000	0.013
42	0.309	67.786	18.684	0.387	0.257
43	0.664	22.416	4.160	0.976	0.503
44	0.000	84.246	67.371	0.000	0.000
45	0.285	24.268	7.892	0.544	0.193
DM  average	0.52668438432 +/- 0.262259752766
HD  average	45.4120149668 +/- 28.4838032451
ASSD average	9.54335521094 +/- 12.1300558193
Prec. average	0.723924221692 +/- 0.305563759005
Rec. average	0.482360366321 +/- 0.265964500442
INFO: Done.
