INFO: Extracting the features
INFO: Drawing a training set for each leave-one-out case using stratified random sampling
INFO: Training random decision forests
INFO: Applying random decision forests to segment lesion
INFO: Morphological post-processing
INFO: Compute overall evaluation
Metrics:
Case	DC[0,1]	HD(mm)	P2C(mm)	prec.	recall
03	0.702	32.985	5.558	0.958	0.554
04	0.746	14.422	2.770	0.726	0.768
05	0.356	30.725	10.465	0.995	0.217
06	0.808	17.436	2.935	0.895	0.736
07	0.875	9.798	2.000	0.917	0.836
08	0.786	27.129	4.144	0.970	0.661
09	0.072	32.985	14.003	0.079	0.067
10	0.511	29.120	7.127	0.984	0.345
11	0.590	28.844	3.978	0.985	0.421
12	0.819	23.324	2.717	0.957	0.715
13	0.799	24.658	3.341	0.796	0.802
15	0.795	14.967	2.455	0.777	0.815
17	0.790	52.307	4.806	0.789	0.791
18	0.833	12.000	1.933	0.864	0.805
19	0.615	14.967	2.955	0.728	0.531
20	0.878	11.314	1.434	0.918	0.841
21	0.854	17.889	2.146	0.891	0.820
22	0.408	29.394	5.934	0.297	0.652
23	0.509	16.971	4.420	0.480	0.541
25	0.584	79.297	8.379	0.566	0.603
26	0.745	21.541	2.488	0.679	0.826
28	0.834	26.833	2.649	0.821	0.848
29	0.735	39.598	3.798	0.875	0.634
30	0.308	33.466	8.391	0.983	0.183
31	0.511	31.496	5.426	0.918	0.354
32	0.681	68.469	7.398	0.588	0.808
33	0.748	16.971	2.905	0.779	0.719
34	0.801	11.314	1.774	0.885	0.732
35	0.840	16.492	2.514	0.961	0.746
36	0.839	14.967	2.420	0.780	0.907
37	0.000	61.188	48.460	0.000	0.000
39	0.661	14.422	2.217	0.808	0.559
40	0.235	51.536	10.660	0.987	0.133
41	0.204	45.431	10.983	0.971	0.114
42	0.000	84.000	37.592	0.000	0.000
43	0.766	18.330	3.372	0.951	0.642
44	0.000	 inf	 inf	0.000	0.000
45	0.507	29.394	6.563	0.471	0.549
WARNING: Average values only computed on 37 of 38 cases!
DM  average	0.614694886624 +/- 0.2519108641
HD  average	29.8912912757 +/- 18.6322128186
ASSD average	6.84081144945 +/- 9.24441092199
Prec. average	0.757516071801 +/- 0.271658840436
Rec. average	0.574976170885 +/- 0.266556053485
INFO: Done.
