INFO: Extracting the features
INFO: Drawing a training set for each leave-one-out case using stratified random sampling
INFO: Training random decision forests
INFO: Applying random decision forests to segment lesion
INFO: Morphological post-processing
INFO: Compute overall evaluation
Metrics:
Case	DC[0,1]	HD(mm)	P2C(mm)	prec.	recall
03	0.580	34.117	6.066	0.977	0.412
04	0.620	84.333	13.596	0.533	0.739
05	0.311	26.278	9.578	0.999	0.184
06	0.697	37.899	3.596	0.962	0.546
07	0.853	37.048	2.201	0.922	0.795
08	0.788	20.698	3.294	0.973	0.661
09	0.332	29.715	5.585	0.428	0.271
10	0.512	24.133	6.530	0.993	0.345
11	0.570	19.112	2.210	0.936	0.410
12	0.759	16.500	3.163	0.979	0.620
13	0.781	37.532	3.111	0.867	0.711
15	0.753	22.386	1.851	0.797	0.714
17	0.779	74.407	4.116	0.832	0.732
18	0.810	14.776	1.318	0.910	0.729
19	0.000	75.587	36.310	0.000	0.000
20	0.649	119.048	22.898	0.548	0.795
21	0.856	14.267	1.178	0.926	0.795
22	0.219	87.575	17.537	0.138	0.528
23	0.529	93.609	8.766	0.488	0.579
25	0.447	95.684	9.954	0.315	0.768
26	0.690	22.553	2.376	0.626	0.769
28	0.806	23.738	1.849	0.883	0.742
29	0.721	31.251	2.607	0.793	0.661
30	0.312	67.077	9.684	0.961	0.186
31	0.380	39.362	6.760	0.968	0.236
32	0.589	67.326	9.227	0.565	0.616
33	0.418	24.365	4.650	0.914	0.271
34	0.710	11.714	1.927	0.851	0.609
35	0.744	13.652	2.889	0.987	0.597
36	0.825	46.983	2.437	0.798	0.855
37	0.000	61.970	24.637	0.000	0.000
39	0.480	15.522	3.002	0.660	0.378
40	0.136	49.426	11.459	0.975	0.073
41	0.038	48.852	13.549	0.994	0.019
42	0.316	67.304	18.528	0.410	0.257
43	0.675	22.052	3.898	0.972	0.517
44	0.000	84.020	67.593	0.000	0.000
45	0.275	25.387	8.139	0.544	0.184
DM  average	0.52530552749 +/- 0.261131602659
HD  average	44.401527045 +/- 28.1521746943
ASSD average	9.42281720034 +/- 12.1618327321
Prec. average	0.721696952889 +/- 0.304609728323
Rec. average	0.481741153212 +/- 0.26612046549
INFO: Done.
