Metrics:
Case	DC[0,1]	HD(mm)	P2C(mm)	prec.	recall
03	0.684	31.418	5.584	0.963	0.530
04	0.731	63.810	6.020	0.723	0.740
05	0.278	32.520	10.890	0.998	0.161
06	0.729	19.218	3.082	0.946	0.593
07	0.830	16.535	2.293	0.969	0.726
08	0.725	22.635	4.324	0.990	0.572
09	0.505	76.858	9.255	0.380	0.755
10	0.536	34.620	7.743	0.989	0.368
11	0.692	22.651	2.069	0.889	0.566
12	0.800	18.336	2.899	0.956	0.687
13	0.788	25.291	2.790	0.923	0.688
15	0.786	14.298	1.833	0.780	0.792
17	0.801	18.385	1.989	0.860	0.750
18	0.813	15.280	1.940	0.804	0.822
19	0.458	73.795	10.503	0.331	0.744
20	0.849	8.440	1.084	0.797	0.910
21	0.848	15.778	1.405	0.899	0.802
22	0.352	25.132	6.026	0.250	0.598
23	0.452	95.228	15.185	0.400	0.519
25	0.550	32.939	4.635	0.457	0.692
26	0.723	20.924	1.815	0.656	0.806
28	0.833	27.273	2.001	0.831	0.835
29	0.740	39.570	3.345	0.791	0.694
30	0.448	24.274	4.974	0.951	0.293
31	0.789	12.220	1.268	0.830	0.752
32	0.503	72.643	12.857	0.413	0.644
33	0.507	45.118	6.302	0.708	0.396
34	0.584	63.493	10.048	0.468	0.778
35	0.707	15.728	3.602	0.963	0.559
36	0.839	10.781	1.289	0.799	0.883
37	0.000	64.173	32.875	0.000	0.000
39	0.551	22.740	3.037	0.480	0.648
40	0.268	44.881	8.375	0.963	0.156
41	0.064	59.744	24.511	0.512	0.034
42	0.589	14.817	2.307	0.870	0.445
43	0.664	68.749	6.786	0.926	0.517
44	0.469	21.858	2.514	0.907	0.316
45	0.392	66.015	10.288	0.558	0.302
DM  average	0.602093755268 +/- 0.212685010561
HD  average	35.7412207525 +/- 22.8521182807
ASSD average	6.30904246899 +/- 6.43961207099
Prec. average	0.73502271977 +/- 0.248950907434
Rec. average	0.580859324864 +/- 0.232636696213

