INFO: Extracting the features
INFO: Drawing a training set for each leave-one-out case using stratified random sampling
INFO: Training random decision forests
INFO: Applying random decision forests to segment lesion
INFO: Morphological post-processing
INFO: Compute overall evaluation
Metrics:
Case	DC[0,1]	HD(mm)	P2C(mm)	prec.	recall
03	0.654	35.143	5.965	0.963	0.495
04	0.769	64.265	5.271	0.766	0.771
05	0.279	35.143	11.131	0.999	0.162
06	0.740	22.226	3.694	0.963	0.601
07	0.835	16.401	2.241	0.977	0.729
08	0.701	24.352	4.676	0.978	0.547
09	0.527	77.440	10.148	0.399	0.776
10	0.535	36.674	7.239	0.994	0.366
11	0.712	23.728	2.756	0.903	0.588
12	0.794	17.550	2.761	0.971	0.671
13	0.804	25.179	2.713	0.958	0.692
15	0.815	13.601	1.862	0.817	0.812
17	0.814	18.138	2.213	0.874	0.762
18	0.831	14.353	1.840	0.835	0.827
19	0.491	74.424	11.264	0.349	0.825
20	0.834	8.832	1.762	0.794	0.877
21	0.838	18.841	1.982	0.898	0.786
22	0.311	31.875	7.126	0.218	0.545
23	0.489	95.885	16.098	0.429	0.568
25	0.540	33.076	5.611	0.448	0.678
26	0.744	20.273	2.119	0.670	0.838
28	0.833	24.779	2.515	0.832	0.835
29	0.746	40.025	3.770	0.813	0.689
30	0.452	24.617	5.929	0.976	0.294
31	0.771	11.916	1.791	0.821	0.726
32	0.507	73.600	13.189	0.422	0.634
33	0.564	45.935	6.541	0.797	0.436
34	0.610	64.187	10.596	0.491	0.807
35	0.714	15.620	3.676	0.967	0.565
36	0.847	12.689	1.860	0.806	0.893
37	0.000	69.203	35.291	0.000	0.000
39	0.546	60.614	6.597	0.452	0.689
40	0.273	44.822	8.459	0.966	0.159
41	0.063	59.245	27.292	0.517	0.034
42	0.614	15.297	2.844	0.908	0.464
43	0.648	70.242	8.801	0.914	0.501
44	0.438	24.062	3.648	0.944	0.285
45	0.430	68.337	9.043	0.625	0.328
DM  average	0.608179767155 +/- 0.213563645398
HD  average	37.6997635281 +/- 23.292565754
ASSD average	6.90295544935 +/- 6.83926147347
Prec. average	0.748801786394 +/- 0.251417829528
Rec. average	0.585687469731 +/- 0.23564922882
INFO: Done.
