Metrics:
Case	DC[0,1]	HD(mm)	P2C(mm)	prec.	recall
03	0.658	31.147	6.250	0.949	0.503
04	0.657	11.918	3.485	0.680	0.635
05	0.332	30.598	11.660	0.999	0.199
06	0.752	17.692	3.063	0.886	0.653
07	0.859	12.054	1.577	0.931	0.797
08	0.740	27.188	5.132	0.959	0.602
09	0.106	68.236	14.304	0.110	0.102
10	0.473	34.281	8.128	0.994	0.310
11	0.540	25.471	3.081	0.920	0.382
12	0.784	20.459	3.036	0.964	0.660
13	0.751	22.015	3.362	0.769	0.735
15	0.777	18.341	1.843	0.815	0.742
17	0.780	49.887	3.946	0.812	0.750
18	0.754	11.000	1.838	0.865	0.668
19	0.567	15.353	2.477	0.690	0.481
20	0.759	8.790	1.619	0.817	0.709
21	0.818	17.703	1.779	0.892	0.756
22	0.350	35.302	5.884	0.257	0.551
23	0.466	18.684	4.284	0.434	0.503
25	0.502	48.213	5.861	0.478	0.529
26	0.657	21.793	2.406	0.614	0.706
28	0.785	28.160	2.745	0.804	0.766
29	0.656	42.302	4.025	0.821	0.547
30	0.291	35.541	8.131	0.997	0.170
31	0.440	31.220	5.331	0.840	0.298
32	0.674	61.232	6.552	0.597	0.774
33	0.753	21.683	2.035	0.821	0.694
34	0.739	11.867	1.594	0.830	0.667
35	0.784	17.105	2.946	0.929	0.677
36	0.792	13.097	1.728	0.774	0.811
37	0.000	59.119	46.788	0.000	0.000
39	0.542	18.489	2.260	0.689	0.447
40	0.224	52.453	11.539	0.985	0.126
41	0.183	45.574	11.459	0.961	0.101
42	0.000	81.555	34.974	0.000	0.000
43	0.714	19.237	3.750	0.941	0.575
44	0.000	 inf	 inf	0.000	0.000
45	0.477	29.338	6.212	0.467	0.488
WARNING: Average values only computed on 37 of 38 cases!
DM  average	0.571155368097 +/- 0.236867840685
HD  average	30.1107125206 +/- 17.4310462579
ASSD average	6.67787748103 +/- 8.87978623546
Prec. average	0.737491079628 +/- 0.270862372556
Rec. average	0.516627998177 +/- 0.238963696663
