INFO: Extracting the features
INFO: Drawing a training set for each leave-one-out case using stratified random sampling
INFO: Training random decision forests
INFO: Applying random decision forests to segment lesion
INFO: Morphological post-processing
INFO: Compute overall evaluation
Metrics:
Case	DC[0,1]	HD(mm)	P2C(mm)	prec.	recall
03	0.612	35.355	6.920	0.964	0.449
04	0.801	14.142	2.238	0.814	0.788
05	0.322	34.641	11.395	0.996	0.192
06	0.786	18.708	3.279	0.898	0.699
07	0.864	11.180	2.235	0.915	0.819
08	0.759	30.414	4.799	0.965	0.626
09	0.167	24.495	6.228	0.833	0.093
10	0.320	36.742	9.856	0.988	0.191
11	0.645	20.616	3.232	0.986	0.479
12	0.789	18.028	2.906	0.970	0.665
13	0.731	22.913	3.866	0.913	0.610
15	0.810	16.583	2.202	0.819	0.801
17	0.759	54.314	5.669	0.788	0.731
18	0.242	45.277	12.429	0.213	0.280
19	0.546	18.708	4.148	0.582	0.515
20	0.890	10.000	1.302	0.924	0.859
21	0.846	16.583	2.277	0.886	0.810
22	0.328	21.794	5.873	0.442	0.260
23	0.555	21.213	3.713	0.729	0.448
25	0.534	80.623	13.051	0.702	0.431
26	0.690	18.708	3.123	0.577	0.860
28	0.795	25.495	3.253	0.790	0.800
29	0.713	39.051	3.993	0.865	0.606
30	0.069	90.692	19.771	0.955	0.036
31	0.083	45.277	10.414	0.867	0.044
32	0.638	21.213	4.729	0.529	0.805
33	0.711	22.361	3.614	0.726	0.697
34	0.770	10.000	2.185	0.778	0.763
35	0.828	15.000	2.880	0.953	0.732
36	0.856	15.000	2.084	0.835	0.879
37	0.000	66.895	49.084	0.000	0.000
39	0.066	22.913	7.118	1.000	0.034
40	0.359	47.697	9.478	0.989	0.219
41	0.059	47.170	13.518	1.000	0.030
42	0.000	110.567	76.967	0.000	0.000
43	0.657	18.708	4.832	0.976	0.495
44	0.000	 inf	 inf	0.000	0.000
45	0.325	28.284	8.359	0.370	0.289
WARNING: Average values only computed on 37 of 38 cases!
DM  average	0.538517775277 +/- 0.287532451078
HD  average	32.3611261655 +/- 22.7364619607
ASSD average	9.00059317866 +/- 13.9169297213
Prec. average	0.771230318412 +/- 0.26273747101
Rec. average	0.487388648494 +/- 0.295438267409
INFO: Done.
