INFO: Extracting the features
INFO: Drawing a training set for each leave-one-out case using stratified random sampling
INFO: Training random decision forests
INFO: Applying random decision forests to segment lesion
INFO: Morphological post-processing
INFO: Compute overall evaluation
Metrics:
Case	DC[0,1]	HD(mm)	P2C(mm)	prec.	recall
03	0.668	35.440	6.020	0.957	0.512
04	0.771	64.915	5.685	0.769	0.772
05	0.272	37.229	11.367	1.000	0.157
06	0.740	21.424	3.652	0.967	0.600
07	0.828	17.493	2.317	0.977	0.719
08	0.710	24.556	4.535	0.985	0.555
09	0.519	77.589	9.874	0.392	0.770
10	0.530	35.355	7.245	0.992	0.362
11	0.704	21.863	2.539	0.921	0.570
12	0.794	17.521	2.748	0.964	0.674
13	0.802	25.318	2.734	0.952	0.693
15	0.810	13.928	1.880	0.814	0.805
17	0.809	18.682	2.317	0.878	0.750
18	0.835	15.033	1.818	0.842	0.828
19	0.522	74.243	10.740	0.381	0.831
20	0.838	8.832	1.731	0.792	0.889
21	0.839	18.974	1.968	0.899	0.787
22	0.317	26.249	7.020	0.225	0.539
23	0.451	95.656	16.464	0.401	0.515
25	0.533	33.511	5.818	0.445	0.663
26	0.750	20.248	2.094	0.684	0.829
28	0.831	25.710	2.530	0.839	0.823
29	0.742	42.000	3.997	0.802	0.691
30	0.444	23.875	5.761	0.962	0.288
31	0.778	11.358	1.759	0.829	0.734
32	0.505	73.048	13.321	0.419	0.635
33	0.545	45.815	6.941	0.774	0.421
34	0.617	64.273	10.651	0.497	0.812
35	0.702	15.780	3.819	0.972	0.549
36	0.853	12.207	1.774	0.816	0.894
37	0.000	69.231	34.259	0.000	0.000
39	0.589	23.000	3.809	0.515	0.688
40	0.263	45.089	8.664	0.956	0.152
41	0.069	58.549	25.769	0.559	0.037
42	0.602	14.177	2.873	0.908	0.451
43	0.641	69.886	9.189	0.908	0.495
44	0.490	23.537	3.280	0.915	0.335
45	0.423	66.678	9.381	0.621	0.321
DM  average	0.608821861989 +/- 0.21349825873
HD  average	36.5334785955 +/- 23.0837079624
ASSD average	6.79860554927 +/- 6.64786990267
Prec. average	0.750736655819 +/- 0.247409995502
Rec. average	0.582781581126 +/- 0.235188111907
INFO: Done.
