INFO: Extracting the features
INFO: Drawing a training set for each leave-one-out case using stratified random sampling
INFO: Training random decision forests
INFO: Applying random decision forests to segment lesion
INFO: Morphological post-processing
INFO: Compute overall evaluation
Metrics:
Case	DC[0,1]	HD(mm)	P2C(mm)	prec.	recall
03	0.584	33.893	6.030	0.976	0.416
04	0.638	80.376	11.809	0.557	0.747
05	0.305	26.019	9.466	0.999	0.180
06	0.706	18.375	2.507	0.956	0.559
07	0.745	17.224	2.545	0.963	0.608
08	0.766	23.676	3.668	0.976	0.630
09	0.370	14.141	2.238	0.797	0.241
10	0.535	21.683	6.100	0.992	0.366
11	0.587	24.216	2.517	0.904	0.434
12	0.749	17.448	3.269	0.976	0.607
13	0.774	29.045	2.907	0.903	0.678
15	0.739	17.817	1.870	0.834	0.663
17	0.772	66.070	4.262	0.842	0.713
18	0.804	14.169	1.401	0.926	0.710
19	0.182	98.328	22.410	0.414	0.116
20	0.741	115.046	12.438	0.682	0.811
21	0.843	13.682	1.388	0.865	0.822
22	0.307	40.016	6.539	0.204	0.620
23	0.512	93.748	8.739	0.484	0.544
25	0.466	91.207	6.601	0.336	0.760
26	0.677	16.500	2.148	0.637	0.723
28	0.795	23.409	2.029	0.868	0.733
29	0.681	63.770	7.082	0.725	0.643
30	0.376	31.546	5.788	0.990	0.232
31	0.483	31.923	4.810	0.958	0.322
32	0.537	68.111	11.199	0.490	0.594
33	0.475	23.527	3.893	0.913	0.321
34	0.692	14.191	2.041	0.881	0.569
35	0.687	15.461	3.193	0.985	0.527
36	0.802	12.136	2.147	0.746	0.868
37	0.011	64.835	21.589	0.006	0.069
39	0.461	27.500	3.810	0.552	0.395
40	0.269	41.151	8.237	0.979	0.156
41	0.119	64.491	15.885	0.720	0.065
42	0.398	67.404	18.560	0.489	0.335
43	0.652	21.497	4.084	0.981	0.489
44	0.000	83.334	69.641	0.000	0.000
45	0.270	29.500	9.127	0.409	0.202
DM  average	0.539618378539 +/- 0.228656411952
HD  average	40.9596554557 +/- 28.6221031493
ASSD average	8.26230394456 +/- 11.4484282273
Prec. average	0.734527653676 +/- 0.276150410645
Rec. average	0.4859819591 +/- 0.238161600576
INFO: Done.
