INFO: Extracting the features
INFO: Drawing a training set for each leave-one-out case using stratified random sampling
INFO: Training random decision forests
INFO: Applying random decision forests to segment lesion
INFO: Morphological post-processing
INFO: Compute overall evaluation
Metrics:
Case	DC[0,1]	HD(mm)	P2C(mm)	prec.	recall
03	0.576	35.336	6.532	0.981	0.408
04	0.593	81.771	14.030	0.487	0.759
05	0.309	36.340	10.295	0.999	0.183
06	0.724	17.396	2.504	0.951	0.584
07	0.813	16.500	2.062	0.931	0.721
08	0.771	22.585	3.938	0.975	0.637
09	0.143	25.166	9.014	0.396	0.088
10	0.560	21.976	5.841	0.993	0.390
11	0.522	46.719	6.141	0.972	0.357
12	0.739	17.105	3.500	0.981	0.593
13	0.794	27.056	2.858	0.901	0.710
15	0.767	19.321	1.787	0.841	0.705
17	0.783	50.027	3.510	0.832	0.741
18	0.783	15.100	1.750	0.943	0.670
19	0.000	123.410	98.723	0.000	0.000
20	0.687	114.249	21.983	0.590	0.820
21	0.851	13.682	1.479	0.867	0.835
22	0.303	27.995	6.199	0.218	0.498
23	0.530	96.386	12.785	0.499	0.565
25	0.442	94.992	9.700	0.307	0.790
26	0.662	17.474	2.768	0.572	0.784
28	0.796	27.368	2.251	0.880	0.726
29	0.678	62.038	8.709	0.727	0.636
30	0.382	30.735	6.180	0.990	0.237
31	0.452	33.720	5.514	0.959	0.296
32	0.485	67.178	12.746	0.458	0.514
33	0.546	22.541	3.648	0.908	0.391
34	0.703	11.867	2.254	0.875	0.587
35	0.745	16.234	2.711	0.977	0.602
36	0.798	14.206	2.357	0.741	0.864
37	0.000	69.008	25.830	0.000	0.000
39	0.385	60.848	8.925	0.379	0.391
40	0.230	41.412	8.956	0.976	0.130
41	0.129	62.016	16.128	0.708	0.071
42	0.310	67.446	21.674	0.331	0.291
43	0.672	24.924	4.429	0.943	0.522
44	0.000	83.542	67.199	0.000	0.000
45	0.295	30.093	8.018	0.504	0.208
DM  average	0.525184651382 +/- 0.250823947505
HD  average	43.3094546642 +/- 29.8023986719
ASSD average	11.4454233729 +/- 18.2242812013
Prec. average	0.699775599584 +/- 0.309261150498
Rec. average	0.481644396598 +/- 0.259580508854
INFO: Done.
