INFO: Extracting the features
INFO: Drawing a training set for each leave-one-out case using stratified random sampling
INFO: Training random decision forests
INFO: Applying random decision forests to segment lesion
INFO: Morphological post-processing
INFO: Compute overall evaluation
Metrics:
Case	DC[0,1]	HD(mm)	P2C(mm)	prec.	recall
03	0.581	34.574	6.409	0.980	0.413
04	0.602	83.688	13.770	0.495	0.767
05	0.318	36.484	10.223	0.998	0.189
06	0.726	14.456	2.390	0.955	0.585
07	0.822	15.867	1.959	0.928	0.738
08	0.768	23.385	3.943	0.974	0.634
09	0.118	75.265	12.188	0.566	0.066
10	0.563	22.434	5.815	0.992	0.393
11	0.510	46.753	6.213	0.972	0.346
12	0.733	17.854	3.629	0.982	0.585
13	0.793	27.588	2.857	0.895	0.712
15	0.768	17.822	1.798	0.837	0.709
17	0.792	49.930	3.347	0.846	0.744
18	0.784	15.856	1.747	0.944	0.671
19	0.000	123.165	98.650	0.000	0.000
20	0.715	113.501	18.994	0.633	0.820
21	0.843	13.414	1.584	0.859	0.828
22	0.303	27.995	6.322	0.218	0.497
23	0.559	95.882	10.685	0.514	0.611
25	0.445	95.212	8.335	0.313	0.769
26	0.657	22.164	2.869	0.563	0.788
28	0.801	26.877	2.179	0.883	0.734
29	0.677	62.132	8.869	0.716	0.642
30	0.393	32.139	5.843	0.989	0.245
31	0.469	33.938	5.483	0.948	0.311
32	0.488	66.076	12.563	0.436	0.554
33	0.554	22.253	3.580	0.911	0.398
34	0.688	13.401	2.252	0.890	0.561
35	0.746	15.353	2.635	0.984	0.600
36	0.799	13.714	2.308	0.740	0.868
37	0.000	68.497	25.663	0.000	0.000
39	0.400	59.829	8.312	0.386	0.415
40	0.227	41.461	9.010	0.974	0.128
41	0.129	62.823	15.322	0.736	0.071
42	0.303	67.446	21.549	0.316	0.291
43	0.684	24.516	4.183	0.946	0.535
44	0.000	83.619	66.877	0.000	0.000
45	0.318	30.717	8.294	0.492	0.235
DM  average	0.528283704155 +/- 0.25174002013
HD  average	44.6862585162 +/- 29.9882414308
ASSD average	11.280219904 +/- 18.1471410132
Prec. average	0.70558603503 +/- 0.306407908683
Rec. average	0.485678310907 +/- 0.259988117771
INFO: Done.
